
================================================================
======== txAdmin Starting - 10/22/2022, 11:52:51 PM             
================================================================

================================================================
======== Log Rotated - 10/22/2022, 11:52:51 PM                  
================================================================
[00:00:54] [viyer] logged in via in-game ui
[00:07:49] [viyer] logged in via in-game ui
[00:18:39] [viyer] logged in from via NUI iframe
[00:48:52] [viyer] logged in from 127.0.0.1 via password
[00:49:05] [viyer] RESTART SERVER
[00:49:49] [viyer] stop "Koofyhouse"
[00:52:16] [viyer] logged in from 192.168.1.247 via password
[00:53:33] [viyer] logged in via in-game ui

================================================================
======== txAdmin Starting - 10/23/2022, 1:27:12 AM              
================================================================
[01:28:12] [viyer] logged in from 192.168.1.181 via password
[01:28:22] [viyer] ensure "Koofyhouse"
[01:28:23] [viyer] stop "Koofyhouse"
[01:31:08] [viyer] logged in via in-game ui
[01:46:01] [viyer] logged in from via NUI iframe
[01:46:20] [viyer] Adding admin 'shortkeeper'.
[01:46:21] [viyer] logged in via in-game ui
[01:46:21] [shortkeeper] logged in via in-game ui
[01:46:33] [viyer] logged in via in-game ui
[01:46:33] [shortkeeper] logged in via in-game ui
[02:21:38] [viyer] logged in from via NUI iframe
[02:22:01] [viyer] ensure "sw-nitro-1.0.1"
