
================================================================
======== txAdmin Starting - 11/26/2022, 1:31:54 AM              
================================================================

================================================================
======== Log Rotated - 11/26/2022, 1:31:55 AM                   
================================================================
[01:36:33] [viyer] logged in via in-game ui
[02:03:40] [viyer] logged in from 192.168.1.227 via password

================================================================
======== txAdmin Starting - 11/26/2022, 2:10:43 AM              
================================================================
[02:12:12] [viyer] logged in from 192.168.1.227 via password
[02:28:29] [viyer] RESTART SERVER
[02:29:42] [viyer] logged in from 192.168.1.167 via password
[02:31:55] [viyer] logged in via in-game ui
[12:11:45] [viyer] logged in via in-game ui
[12:22:33] [viyer] ensure "SB-Bennys-master"
[12:22:38] [viyer] ensure "nex-PoliceEscort"
[12:29:19] [viyer] ensure "SB-Bennys-master"
[12:36:12] [viyer] ensure "SB-Bennys-master"
[12:37:58] [viyer] ensure "SB-Bennys-master"
[12:40:18] [viyer] ensure "SB-Bennys-master"
[12:40:46] [viyer] ensure "SB-Bennys-master"
[12:41:55] [viyer] ensure "SB-Bennys-master"
[12:42:40] [viyer] ensure "SB-Bennys-master"
[12:43:24] [viyer] ensure "SB-Bennys-master"
[12:44:36] [viyer] ensure "SB-Bennys-master"
[12:47:52] [viyer] logged in via in-game ui
[12:50:10] [viyer] ensure "nex-PoliceEscort"
[12:57:41] [viyer] ensure "PressM"
[13:01:14] [viyer] ensure "SB-Bennys-master"
[13:03:24] [viyer] ensure "SB-Bennys-master"
[13:12:16] [viyer] ensure "SB-Bennys-master"
[13:12:44] [viyer] ensure "SB-Bennys-master"
[13:13:37] [viyer] ensure "SB-Bennys-master"
[13:14:53] [viyer] ensure "SB-Bennys-master"
[13:16:47] [viyer] ensure "SB-Bennys-master"
[13:17:37] [viyer] ensure "SB-Bennys-master"
[13:17:46] [viyer] ensure "SB-Bennys-master"
[13:18:14] [viyer] ensure "SB-Bennys-master"
[13:18:43] [viyer] ensure "SB-Bennys-master"
[13:19:13] [viyer] ensure "SB-Bennys-master"
[13:19:43] [viyer] ensure "SB-Bennys-master"
[13:23:19] [viyer] ensure "SB-Bennys-master"
[13:24:00] [viyer] ensure "SB-Bennys-master"
[13:24:37] [viyer] ensure "SB-Bennys-master"
[13:25:11] [viyer] ensure "SB-Bennys-master"
[13:27:55] [viyer] ensure "SB-Bennys-master"
[13:28:40] [viyer] ensure "SB-Bennys-master"
[13:37:05] [viyer] ensure "SB-Bennys-master"
[14:18:20] [viyer] refresh
[14:18:25] [viyer] ensure "garage_bennys"
[14:21:16] [viyer] refresh
[14:21:33] [viyer] logged in via in-game ui
[14:24:44] [viyer] stop "SB-Bennys-master"
[14:26:29] [viyer] refresh
[14:26:33] [viyer] ensure "benny_tuner"
[14:27:35] [viyer] ensure "bennys_gabz"
[14:28:19] [viyer] ensure "bennys_old_bennys"
[14:29:02] [viyer] ensure "bennys_old_bennys"
[14:31:12] [viyer] ensure "bennys_old_bennys"
[14:31:40] [viyer] ensure "bennys_old_bennys"
[14:31:55] [viyer] ensure "bennys_old_bennys"
[14:32:15] [viyer] ensure "bennys_old_bennys"
[14:32:46] [viyer] ensure "bennys_old_bennys"
[14:36:51] [viyer] ensure "bennys_gabz"
[14:38:41] [viyer] ensure "bennys_old_bennys"
[14:38:42] [viyer] ensure "bennys_gabz"
[14:42:07] [viyer] ensure "bennys_old_bennys"
[14:42:46] [viyer] ensure "bennys_old_bennys"
[14:43:08] [viyer] ensure "bennys_old_bennys"
[14:43:39] [viyer] ensure "bennys_old_bennys"
[14:59:04] [viyer] ensure "bennys_old_bennys"
[14:59:50] [viyer] ensure "bennys_old_bennys"
[15:00:44] [viyer] ensure "bennys_old_bennys"
[15:01:47] [viyer] ensure "bennys_old_bennys"
[15:02:36] [viyer] ensure "bennys_gabz"
[15:05:07] [viyer] ensure "benny_tuner"
[15:12:43] [viyer] ensure "bennys_old_bennys"
[15:13:15] [viyer] refresh
[15:13:19] [viyer] RESTART SERVER
[15:17:56] [viyer] logged in via in-game ui
[15:20:40] [viyer] ensure "bennys_old_bennys"
[15:21:13] [viyer] ensure "bennys_old_bennys"
[15:23:46] [viyer] ensure "bennys_old_bennys"
[15:27:30] [viyer] refresh
[15:27:34] [viyer] ensure "bennys_vinewood"
[15:32:00] [viyer] ensure "bennys_vinewood"
[15:32:21] [viyer] ensure "bennys_vinewood"
[15:35:29] [viyer] ensure "bennys_vinewood"
[15:36:49] [viyer] ensure "bennys_vinewood"
[15:40:01] [viyer] ensure "bennys_vinewood"
[15:41:11] [viyer] ensure "bennys_vinewood"
[15:42:15] [viyer] ensure "bennys_vinewood"
[15:45:20] [viyer] ensure "bennys_vinewood"
[15:47:20] [viyer] ensure "bennys_vinewood"

================================================================
======== txAdmin Starting - 11/26/2022, 4:25:13 PM              
================================================================
[16:25:21] [viyer] logged in from 192.168.1.167 via password
[16:28:00] [viyer] logged in via in-game ui
[16:31:05] [viyer] ensure "garage"
[16:35:07] [viyer] ensure "garage"
[16:38:51] [viyer] logged in via in-game ui
[19:50:14] [viyer] refresh
[19:50:21] [viyer] ensure "garage"
[19:53:30] [viyer] logged in via in-game ui
[20:28:10] [viyer] logged in via in-game ui
[20:49:39] [viyer] refresh
[20:49:43] [viyer] RESTART SERVER
[20:52:44] [viyer] logged in via in-game ui
[22:26:30] [viyer] RESTART SERVER
[22:37:27] [viyer] logged in via in-game ui
[23:17:57] [viyer] refresh
[23:18:25] [viyer] refresh
[23:18:29] [viyer] ensure "MKR-main"
[23:18:31] [viyer] ensure "es_extended-master"
[23:18:40] [viyer] ensure "es_extended-master"
[23:28:20] [viyer] ensure "MKR-main"
[23:29:50] [viyer] start MKR-main
[23:31:13] [viyer] start MKR-main
[23:32:25] [viyer] refresh
[23:32:39] [viyer] refresh
[23:32:49] [viyer] ensure "async"
[23:32:50] [viyer] ensure "cron"
[23:32:51] [viyer] ensure "es_extended"
[23:32:51] [viyer] stop "bennys_old_bennys"
[23:32:54] [viyer] ensure "bennys_old_bennys"
[23:33:01] [viyer] ensure "es_extended"
[23:33:02] [viyer] ensure "esx_identity"
[23:33:02] [viyer] ensure "esx_loadingscreen"
[23:33:03] [viyer] ensure "esx_menu_default"
[23:33:14] [viyer] start [esx]
[23:33:26] [viyer] start [esx]
[23:34:49] [viyer] start [esx]
[23:35:44] [viyer] refresh
[23:35:59] [viyer] ensure "oxmysql"
[23:36:05] [viyer] start [esx]
[23:37:35] [viyer] RESTART SERVER
[23:38:30] [viyer] ensure "mkr2.0-main"
[23:42:08] [viyer] logged in via in-game ui
[23:50:11] [viyer] refresh
[23:50:23] [viyer] stop "mkr2.0-main"
[23:50:23] [viyer] ensure "MKR-main"
[23:56:39] [viyer] ensure "mkr2.0-main"
[23:56:40] [viyer] stop "MKR-main"
[00:06:27] [viyer] refresh
[00:06:32] [viyer] ensure "ApeArmy-main"
[00:08:18] [viyer] ensure "ApeArmy-main"
[00:09:01] [viyer] ensure "ApeArmy-main"
[00:09:30] [viyer] stop "ApeArmy-main"
[00:09:54] [viyer] ensure "ApeArmy-main"
[00:10:34] [viyer] RESTART SERVER
[00:15:35] [viyer] logged in via in-game ui
[00:17:07] [viyer] stop "traffic"
[00:24:20] [viyer] refresh
[00:24:25] [viyer] stop "b"
[00:24:33] [viyer] stop "ApeArmy-main"
[01:01:30] [viyer] RESTART SERVER
[01:10:38] [viyer] RESTART SERVER
[01:14:08] [viyer] RESTART SERVER
[01:17:18] [viyer] logged in via in-game ui
[01:20:36] [viyer] RESTART SERVER
[01:24:16] [viyer] logged in via in-game ui
[01:25:31] [viyer] stop "cfx-gabz-resourcedata"
[02:22:41] [viyer] RESTART SERVER
[02:26:56] [viyer] logged in via in-game ui
[03:14:35] [viyer] ensure "FCV"
[03:18:30] [viyer] kick 1 nai
[03:18:57] [viyer] kickall reset
[03:23:22] [viyer] ensure "gabz_mrpd"
[03:24:27] [viyer] ban 1 nai
[03:42:00] [viyer] RESTART SERVER
[03:45:36] [viyer] logged in via in-game ui
[03:50:06] [viyer] restart np-gallery
[03:50:28] [viyer] gallery
[03:54:28] [viyer] restart np-gallery
[03:54:32] [viyer] galary
[03:54:37] [viyer] gallery
[03:54:53] [viyer] gallery
[03:54:55] [viyer] v
[03:57:28] [viyer] logged in via in-game ui
[03:59:27] [viyer] restart vehicle
[04:00:38] [viyer] restart vehicle
[04:01:24] [viyer] restart vehicle
[04:19:18] [viyer] RESTART SERVER

================================================================
======== txAdmin Starting - 11/27/2022, 4:00:53 PM              
================================================================
[16:07:38] [viyer] logged in from 192.168.1.167 via password
[16:07:44] [viyer] RESTART SERVER
[18:09:16] [viyer] RESTART SERVER
[18:12:34] [viyer] logged in via in-game ui
[18:47:42] [viyer] ensure "garage"
[18:52:48] [viyer] logged in via in-game ui
[19:01:21] [viyer] restart garage
[19:03:36] [viyer] logged in via in-game ui
[19:13:58] [viyer] logged in via in-game ui
[19:18:18] [viyer] restart garage
[19:20:35] [viyer] logged in via in-game ui
[19:36:11] [viyer] RESTART SERVER
[19:39:36] [viyer] logged in via in-game ui
[20:15:44] [viyer] refresh
[20:15:54] [viyer] ensure "np-menu"
[20:19:01] [viyer] logged in via in-game ui
[20:20:07] [viyer] refresh
[20:20:15] [viyer] ensure "np-base"
[20:20:16] [viyer] ensure "np-menu"
[20:23:52] [viyer] ensure "raid_carmenu"
[20:25:52] [viyer] ensure "raid_carmenu"
[20:27:14] [viyer] ensure "raid_carmenu"
[20:28:06] [viyer] ensure "raid_carmenu"
[20:41:21] [viyer] ensure "raid_carmenu"
[20:41:50] [viyer] ensure "raid_carmenu"
[20:42:44] [viyer] ensure "raid_carmenu"
[20:44:48] [viyer] refresh
[20:44:58] [viyer] ensure "raid_cars"
[21:31:03] [viyer] logged in via in-game ui
[21:49:40] [viyer] refresh
[21:49:46] [viyer] ensure "koil-debug"
[21:51:39] [viyer] ensure "koil-debug"
[21:52:31] [viyer] ensure "koil-debug"
[21:53:01] [viyer] ensure "koil-debug"
[21:58:09] [viyer] refresh
[21:58:14] [viyer] ensure "np-bennys"
[22:00:34] [viyer] ensure "np-bennys"
[22:00:55] [viyer] ensure "np-bennys"
[22:03:18] [viyer] stop "benny_tuner"
[22:03:19] [viyer] stop "bennys_gabz"
[22:03:19] [viyer] stop "bennys_old_bennys"
[22:03:20] [viyer] stop "bennys_vinewood"
[22:05:14] [viyer] stop "np-bennys"
[22:05:23] [viyer] ensure "benny_tuner"
[22:05:24] [viyer] ensure "bennys_gabz"
[22:05:24] [viyer] ensure "bennys_old_bennys"
[22:05:25] [viyer] ensure "bennys_vinewood"
[22:16:49] [viyer] refresh
[22:19:16] [viyer] ensure "np-tuner"
[22:19:26] [viyer] refresh
[22:19:56] [viyer] refresh
[22:20:03] [viyer] ensure "np-tuneing"
[22:23:35] [viyer] ensure "np-tuneing"
[22:30:52] [viyer] refresh
[22:30:57] [viyer] ensure "ped"
[22:33:45] [viyer] ensure "ped"
[22:39:55] [viyer] refresh
[22:40:00] [viyer] ensure "trains"
[22:55:36] [viyer] refresh
[22:55:53] [viyer] ensure "carwash"
[22:58:55] [viyer] ensure "carwash"
[23:00:18] [viyer] ensure "carwash"
[23:03:55] [viyer] ensure "carwash"
[23:08:36] [viyer] ensure "carwash"
[23:33:36] [viyer] RESTART SERVER
[23:43:10] [viyer] logged in via in-game ui
[23:47:20] [viyer] ensure "benny_tuner"
[23:48:46] [viyer] ensure "benny_tuner"
[00:00:11] [viyer] logged in via in-game ui
[00:04:38] [viyer] refresh
[00:04:43] [viyer] ensure "assets_event_peds"
[00:04:54] [viyer] ensure "assets_dogs"
[00:05:06] [viyer] refresh
[00:24:52] [viyer] ensure "assets_event_peds"
[00:29:13] [viyer] ensure "assets_event_peds"
[00:42:07] [viyer] refresh
[00:42:15] [viyer] ensure "assets_animations"
[00:47:14] [viyer] ensure "dpemotes"
[00:47:39] [viyer] ensure "dpemotes"
[00:48:48] [viyer] ensure "dpemotes"
[00:50:40] [viyer] ensure "dpemotes"
[00:51:45] [viyer] ensure "assets_animations"
[00:51:57] [viyer] ensure "dpemotes"
[01:11:39] [viyer] ensure "dpemotes"
[01:35:02] [viyer] logged in from 192.168.1.167 via password
[02:18:28] [viyer] ensure "ApeArmy-main"
[02:24:11] [viyer] logged in via in-game ui

================================================================
======== txAdmin Starting - 11/28/2022, 5:59:37 PM              
================================================================
[18:03:21] [viyer] logged in via in-game ui

================================================================
======== txAdmin Starting - 11/28/2022, 11:22:27 PM             
================================================================

================================================================
======== txAdmin Starting - 11/28/2022, 11:45:02 PM             
================================================================
[00:32:21] [viyer] logged in from 192.168.1.167 via password

================================================================
======== txAdmin Starting - 11/29/2022, 12:49:38 AM             
================================================================
[00:50:09] [viyer] logged in from 192.168.1.167 via password
[00:50:37] [viyer] RESTART SERVER
[01:04:34] [viyer] logged in via in-game ui
[01:40:46] [viyer] naah
[01:41:08] [viyer] ensure "raid_carmenu"
[01:49:07] [viyer] logged in via in-game ui
[01:58:09] [viyer] stop b
[02:47:19] [viyer] logged in from 192.168.1.247 via password
[02:47:33] [viyer] stop "traffic"
[03:49:20] [viyer] RESTART SERVER
[13:49:34] [viyer] logged in via in-game ui
[14:08:38] [viyer] ensure "benny_tuner"
[14:08:38] [viyer] ensure "bennys_gabz"
[14:08:39] [viyer] ensure "bennys_old_bennys"
[14:08:39] [viyer] ensure "bennys_vinewood"
[19:41:24] [viyer] logged in via in-game ui
[21:28:57] [viyer] logged in via in-game ui
[11:45:05] [viyer] logged in from 192.168.1.247 via password
[06:57:50] [viyer] logged in from 192.168.1.247 via password
[06:58:35] [viyer] RESTART SERVER
[13:56:06] [viyer] logged in via in-game ui
[14:21:14] [viyer] logged in via in-game ui
