
================================================================
======== txAdmin Starting - 11/23/2022, 11:09:16 PM             
================================================================

================================================================
======== Log Rotated - 11/23/2022, 11:09:16 PM                  
================================================================
[23:19:17] [viyer] logged in via in-game ui
[23:51:35] [viyer] logged in via in-game ui
[23:54:28] [viyer] logged in from 192.168.1.167 via password
[23:54:31] [viyer] refresh
[23:54:37] [viyer] ensure "vstancer"
[00:01:17] [viyer] stop "PressM"
[00:21:04] [viyer] refresh
[00:21:11] [viyer] ensure "dpemotes"
[00:21:26] [viyer] stop "cosmo_hud"
[00:25:20] [viyer] ensure "dpemotes"
[00:41:01] [viyer] ensure "cosmo_hud"
[01:36:15] [viyer] logged in via in-game ui
[02:08:48] [viyer] ensure "nitro"
[02:19:01] [viyer] ensure "PressM"
[02:22:23] [viyer] refresh
[02:22:33] [viyer] ensure "es_wsync-master"
[02:36:20] [viyer] ensure "nitro"
[02:36:48] [viyer] ensure "nitro"
[02:37:49] [viyer] ensure "nitro"
[02:39:30] [viyer] ensure "nitro"
[02:41:10] [viyer] ensure "nitro"
[02:41:18] [viyer] stop "PressM"
[02:42:30] [viyer] logged in via in-game ui

================================================================
======== txAdmin Starting - 11/24/2022, 2:43:59 AM              
================================================================
[02:46:35] [viyer] logged in via in-game ui
[04:11:23] [viyer] logged in from 192.168.1.167 via password
[04:11:28] [viyer] refresh
[04:11:33] [viyer] ensure "garage"
[04:18:02] [viyer] ensure "garage"
[04:20:34] [viyer] ensure "garage"
[04:26:02] [viyer] logged in via in-game ui
[04:45:18] [viyer] ensure "garage"
[04:45:28] [viyer] ensure "garage"
[04:54:06] [viyer] logged in from 192.168.1.247 via password
[04:54:13] [viyer] logged in from 192.168.1.247 via password
[04:55:17] [viyer] Deleting user 'shortkeeper'.
[04:55:41] [viyer] Changing fxRunner settings.
[04:55:52] [viyer] Changing monitor settings.
[05:24:17] [viyer] STOP SERVER

================================================================
======== txAdmin Starting - 11/24/2022, 12:58:57 PM             
================================================================

================================================================
======== txAdmin Starting - 11/24/2022, 1:00:59 PM              
================================================================

================================================================
======== txAdmin Starting - 11/24/2022, 1:01:21 PM              
================================================================

================================================================
======== txAdmin Starting - 11/24/2022, 1:01:28 PM              
================================================================

================================================================
======== txAdmin Starting - 11/24/2022, 1:01:52 PM              
================================================================

================================================================
======== txAdmin Starting - 11/24/2022, 1:16:43 PM              
================================================================
[13:22:40] [viyer] logged in via in-game ui

================================================================
======== txAdmin Starting - 11/24/2022, 5:39:08 PM              
================================================================
[17:46:27] [viyer] logged in via in-game ui
[21:18:35] [viyer] logged in via in-game ui
[21:25:37] [viyer] logged in from 192.168.1.167 via password
[21:25:59] [viyer] refresh
[21:26:05] [viyer] ensure "CAYO"
[21:34:41] [viyer] ensure "nitro"

================================================================
======== txAdmin Starting - 11/24/2022, 11:19:35 PM             
================================================================
[00:13:55] [viyer] logged in from 192.168.1.181 via password
[00:14:36] [viyer] stop "np-loading-screen"
[00:14:56] [viyer] stop "assets_songs_0"
[00:14:56] [viyer] stop "assets_songs_1"
[00:14:57] [viyer] stop "assets_songs_2"
[00:14:57] [viyer] stop "assets_songs_3"
[00:14:57] [viyer] stop "assets_songs_4"
[00:14:58] [viyer] stop "assets_songs_5"
[00:14:58] [viyer] stop "dpemotes"
[00:15:02] [viyer] ensure "dpemotes"
[00:15:08] [viyer] stop "assets_sounds"
[00:15:09] [viyer] stop "assets_songs_data"
[00:32:16] [viyer] logged in via in-game ui
[00:53:37] [viyer] logged in via in-game ui
[01:07:13] [viyer] logged in from 192.168.1.167 via password
[01:09:51] [viyer] stop "PressM"
[03:10:39] [viyer] STOP SERVER

================================================================
======== txAdmin Starting - 11/25/2022, 1:47:45 PM              
================================================================
[13:51:13] [viyer] logged in from 192.168.1.167 via password
[13:51:39] [viyer] refresh
[13:51:47] [viyer] ensure "vehicle"
[13:55:17] [viyer] logged in via in-game ui
[13:56:23] [viyer] ensure "vehicle"
[14:09:25] [viyer] ensure "nitro"
[14:18:49] [viyer] ensure "nitro"

================================================================
======== txAdmin Starting - 11/25/2022, 8:58:34 PM              
================================================================
[21:09:50] [viyer] logged in via in-game ui
[21:11:19] [viyer] logged in from 192.168.1.167 via password
[21:11:29] [viyer] ensure "vMenu"
[21:38:53] [viyer] ensure "np-vehicleaudio"
[21:39:36] [viyer] ensure "np-vehicleaudio"
[21:39:58] [viyer] ensure "np-vehicleaudio"
[21:42:26] [viyer] ensure "np-vehicleaudio"
[21:42:39] [viyer] ensure "assets_vehicles"
[21:42:42] [viyer] ensure "np-vehicleconfig"
[21:44:01] [viyer] ensure "np-vehicleaudio"
[21:59:18] [viyer] RESTART SERVER
[22:04:26] [viyer] ensure "enginev10"
[22:07:28] [viyer] logged in via in-game ui
[22:52:07] [viyer] logged in via in-game ui
[23:26:33] [viyer] logged in via in-game ui
