
================================================================
======== Log Rotated - 11/27/2022, 12:00:00 AM                  
================================================================
[12:09:51 AM] [R3gAd#1] viyer: said "/apearmy"
[12:10:34 AM] [R3gAd#1] viyer: disconnected ([txAdmin] Server restarting (requested by viyer).)
[12:10:57 AM] txAdmin: Logger started
[12:14:14 AM] [UeLCT#1] viyer: joined with identifiers [license:29f0e0445ab3b2bbdc76df476bf591a8bda9373e; discord:510860133148917774; fivem:2221581; license2:29f0e0445ab3b2bbdc76df476bf591a8bda9373e]
[12:22:48 AM] [UeLCT#1] viyer: caused an explosion (GRENADE)
[12:27:48 AM] [UeLCT#1] viyer: disconnected (Exiting)
[1:01:49 AM] txAdmin: Logger started
[1:10:58 AM] txAdmin: Logger started
[1:14:26 AM] txAdmin: Logger started
[1:15:44 AM] [gnpTn#1] viyer: joined with identifiers [license:29f0e0445ab3b2bbdc76df476bf591a8bda9373e; discord:510860133148917774; fivem:2221581; license2:29f0e0445ab3b2bbdc76df476bf591a8bda9373e]
[1:20:36 AM] [gnpTn#1] viyer: disconnected ([txAdmin] Server restarting (requested by viyer).)
[1:20:55 AM] txAdmin: Logger started
[1:23:04 AM] [iMtU9#1] viyer: joined with identifiers [license:29f0e0445ab3b2bbdc76df476bf591a8bda9373e; discord:510860133148917774; fivem:2221581; license2:29f0e0445ab3b2bbdc76df476bf591a8bda9373e]
[1:28:48 AM] [iMtU9#1] viyer: disconnected (Exiting)
[2:23:03 AM] txAdmin: Logger started
[2:24:52 AM] [mw8WD#1] viyer: joined with identifiers [license:29f0e0445ab3b2bbdc76df476bf591a8bda9373e; discord:510860133148917774; fivem:2221581; license2:29f0e0445ab3b2bbdc76df476bf591a8bda9373e]
[2:52:55 AM] [mw8WD#1] viyer: caused an explosion (PETROL_PUMP)
[2:58:16 AM] [mw8WD#1] viyer: caused an explosion (PLANE)
[2:58:16 AM] [mw8WD#1] viyer: caused an explosion (PLANE)
[3:12:52 AM] [mw8WD#1] viyer: said "/car r35"
[3:17:17 AM] [mw8WD#1] viyer: died from suicide
[3:24:25 AM] [mw8WD#1] viyer: disconnected (Game crashed: GTA5_b2545.exe!sub_14091F868 (0x33))
[3:42:19 AM] txAdmin: Logger started
[3:43:35 AM] [HPQJV#1] viyer: joined with identifiers [license:29f0e0445ab3b2bbdc76df476bf591a8bda9373e; discord:510860133148917774; fivem:2221581; license2:29f0e0445ab3b2bbdc76df476bf591a8bda9373e]
[3:49:04 AM] [HPQJV#1] viyer: said "/gallery 1"
[3:50:16 AM] [HPQJV#1] viyer: disconnected (Game crashed: GTA5_b2545.exe!sub_1415EEA90 (0x139))
[3:56:27 AM] [HPQJV#2] viyer: joined with identifiers [license:29f0e0445ab3b2bbdc76df476bf591a8bda9373e; discord:510860133148917774; fivem:2221581; license2:29f0e0445ab3b2bbdc76df476bf591a8bda9373e]
[3:57:54 AM] [HPQJV#2] viyer: said "/gallery"
[3:57:58 AM] [HPQJV#2] viyer: said "/v"
[3:58:05 AM] [HPQJV#2] viyer: said "/v fix"
[3:58:28 AM] [HPQJV#2] viyer: said "/v fix"
[3:58:36 AM] [HPQJV#2] viyer: said "/v fix"
[4:00:46 AM] [HPQJV#2] viyer: said "/gallery 1"
[4:01:11 AM] [HPQJV#2] viyer: said "/gallery 1"
[4:01:37 AM] [HPQJV#2] viyer: said "/gallery 2"
[4:02:23 AM] [HPQJV#2] viyer: said "/gallery 2"
[4:03:00 AM] [HPQJV#2] viyer: said "/gallery 2"
[4:06:08 AM] [HPQJV#2] viyer: said "/gallery 2"
[4:06:12 AM] [HPQJV#2] viyer: said "/gallery 1"
[4:06:23 AM] [HPQJV#2] viyer: said "/gallery 1"
[4:07:18 AM] [HPQJV#2] viyer: said "/gallery 1"
[4:09:02 AM] [HPQJV#2] viyer: said "/gallery 1"
[4:09:21 AM] [HPQJV#2] viyer: said "/gallery 1"
[4:10:53 AM] [HPQJV#2] viyer: said "/gallery 1"
[4:13:13 AM] [HPQJV#2] viyer: said "gallery"
[4:13:19 AM] [HPQJV#2] viyer: said "/gallery 1"
[4:14:10 AM] [HPQJV#2] viyer: said "/gallery 1"
[4:14:14 AM] [HPQJV#2] viyer: said "/gallery 1"
[4:14:30 AM] [HPQJV#2] viyer: said "/gallery 1"
[4:15:43 AM] [HPQJV#2] viyer: disconnected (Game crashed: GTA5_b2545.exe!sub_1415EEA90 (0x139))
[4:19:39 AM] txAdmin: Logger started
[12:34:17 PM] [dW4wT#1] Quik_Fox: joined with identifiers [license:12c58143de39c9aef8cef546bef24d78784103bc; xbl:2535440826079666; live:844428682272986; discord:177231001112543232; fivem:3020530; license2:12c58143de39c9aef8cef546bef24d78784103bc]
[12:57:49 PM] [dW4wT#1] Quik_Fox: disconnected (Exiting)

================================================================
======== txAdmin Starting - 11/27/2022, 4:00:53 PM              
================================================================
[4:01:15 PM] txAdmin: Logger started
[4:08:07 PM] txAdmin: Logger started
[6:09:46 PM] txAdmin: Logger started
[6:10:28 PM] [WCXgz#1] viyer: joined with identifiers [license:29f0e0445ab3b2bbdc76df476bf591a8bda9373e; fivem:2221581; license2:29f0e0445ab3b2bbdc76df476bf591a8bda9373e]
[6:17:54 PM] [WCXgz#1] viyer: disconnected (Exiting)
[6:50:05 PM] [WCXgz#2] viyer: joined with identifiers [license:29f0e0445ab3b2bbdc76df476bf591a8bda9373e; discord:510860133148917774; fivem:2221581; license2:29f0e0445ab3b2bbdc76df476bf591a8bda9373e]
[7:00:25 PM] [WCXgz#2] viyer: disconnected (Exiting)
[7:02:33 PM] [WCXgz#3] viyer: joined with identifiers [license:29f0e0445ab3b2bbdc76df476bf591a8bda9373e; discord:510860133148917774; fivem:2221581; license2:29f0e0445ab3b2bbdc76df476bf591a8bda9373e]
[7:11:22 PM] [WCXgz#3] viyer: disconnected (Exiting)
[7:12:59 PM] [WCXgz#4] viyer: joined with identifiers [license:29f0e0445ab3b2bbdc76df476bf591a8bda9373e; discord:510860133148917774; fivem:2221581; license2:29f0e0445ab3b2bbdc76df476bf591a8bda9373e]
[7:16:45 PM] [WCXgz#4] viyer: disconnected (Exiting)
[7:19:40 PM] [WCXgz#5] viyer: joined with identifiers [license:29f0e0445ab3b2bbdc76df476bf591a8bda9373e; discord:510860133148917774; fivem:2221581; license2:29f0e0445ab3b2bbdc76df476bf591a8bda9373e]
[7:22:33 PM] [WCXgz#5] viyer: caused an explosion (PROPANE)
[7:22:33 PM] [WCXgz#5] viyer: caused an explosion (GAS_CANISTER)
[7:22:39 PM] [WCXgz#5] viyer: caused an explosion (GAS_CANISTER)
[7:23:34 PM] [WCXgz#5] viyer: disconnected (Game crashed: GTA5_b2545.exe!sub_14091F868 (0x33))
[7:36:33 PM] txAdmin: Logger started
[7:37:42 PM] [Tktxb#1] viyer: joined with identifiers [license:29f0e0445ab3b2bbdc76df476bf591a8bda9373e; discord:510860133148917774; fivem:2221581; license2:29f0e0445ab3b2bbdc76df476bf591a8bda9373e]
[7:43:04 PM] [Tktxb#1] viyer: said "/veh:options"
[7:52:53 PM] [Tktxb#1] viyer: said "/wuit"
[7:52:55 PM] [Tktxb#1] viyer: disconnected (Exiting)
[8:17:19 PM] [Tktxb#2] viyer: joined with identifiers [license:29f0e0445ab3b2bbdc76df476bf591a8bda9373e; discord:510860133148917774; fivem:2221581; license2:29f0e0445ab3b2bbdc76df476bf591a8bda9373e]
[8:46:56 PM] [Tktxb#2] viyer: said "/car polvic"
[8:52:16 PM] [Tktxb#2] viyer: said "/car v242"
[8:58:00 PM] [Tktxb#2] viyer: disconnected (Exiting)
[9:29:20 PM] [Tktxb#3] viyer: joined with identifiers [license:29f0e0445ab3b2bbdc76df476bf591a8bda9373e; discord:510860133148917774; fivem:2221581; license2:29f0e0445ab3b2bbdc76df476bf591a8bda9373e]
[10:23:14 PM] [Tktxb#3] viyer: said "/closetune"
[10:25:42 PM] [Tktxb#3] viyer: said "/tune"
[10:42:17 PM] [Tktxb#3] viyer: said "/starttrain"
[11:10:29 PM] [Tktxb#3] viyer: disconnected (Exiting)
[11:34:03 PM] txAdmin: Logger started
[11:41:14 PM] [z9cA8#1] viyer: joined with identifiers [license:29f0e0445ab3b2bbdc76df476bf591a8bda9373e; discord:510860133148917774; fivem:2221581; license2:29f0e0445ab3b2bbdc76df476bf591a8bda9373e]
[11:57:09 PM] [z9cA8#1] viyer: disconnected (Server->client connection timed out. Last seen 41096 msec ago.)
[11:59:04 PM] [z9cA8#2] viyer: joined with identifiers [license:29f0e0445ab3b2bbdc76df476bf591a8bda9373e; discord:510860133148917774; fivem:2221581; license2:29f0e0445ab3b2bbdc76df476bf591a8bda9373e]
