
================================================================
======== txAdmin Starting - 10/12/2022, 11:06:04 PM             
================================================================

================================================================
======== Log Rotated - 10/12/2022, 11:06:11 PM                  
================================================================
[11:08:04 PM] txAdmin: Logger started
[11:09:08 PM] txAdmin: Logger started
[11:15:49 PM] [QppWn#1] Shiva: joined with identifiers [license:29f0e0445ab3b2bbdc76df476bf591a8bda9373e; discord:510860133148917774; fivem:2221581; license2:29f0e0445ab3b2bbdc76df476bf591a8bda9373e]
[11:23:35 PM] txAdmin: ((Broadcast) txAdmin): said "Due to a partial hang, this server will restart in 1 minute. Please disconnect now."
[11:24:14 PM] [QppWn#1] Shiva: disconnected ([txAdmin] Server restarting (hang detected).)
[11:28:04 PM] txAdmin: Logger started
[11:30:51 PM] txAdmin: Logger started
[11:34:34 PM] [yXpQH#1] Shiva: joined with identifiers [license:29f0e0445ab3b2bbdc76df476bf591a8bda9373e; discord:510860133148917774; fivem:2221581; license2:29f0e0445ab3b2bbdc76df476bf591a8bda9373e]
[11:52:49 PM] [yXpQH#1] Shiva: caused an explosion (GRENADELAUNCHER)
[11:52:50 PM] [yXpQH#1] Shiva: caused an explosion (TRUCK)
[11:52:53 PM] [yXpQH#1] Shiva: caused an explosion (GRENADELAUNCHER)
[11:52:53 PM] [yXpQH#1] Shiva: caused an explosion (CAR)
[11:52:53 PM] [yXpQH#1] Shiva: caused an explosion (CAR)
[11:53:04 PM] [yXpQH#1] Shiva: caused an explosion (CAR)
[11:53:15 PM] [yXpQH#1] Shiva: caused an explosion (GRENADELAUNCHER)
[11:53:18 PM] [yXpQH#1] Shiva: caused an explosion (TRUCK)
