
================================================================
======== Log Rotated - 12/5/2022, 12:00:00 AM                   
================================================================
[12:01:00 AM] txAdmin: Logger started
[12:06:07 AM] txAdmin: Logger started

================================================================
======== txAdmin Starting - 12/5/2022, 12:09:15 AM              
================================================================
[12:09:48 AM] txAdmin: Logger started
[12:13:54 AM] txAdmin: Logger started

================================================================
======== txAdmin Starting - 12/5/2022, 12:40:40 AM              
================================================================
[12:41:16 AM] txAdmin: Logger started
[12:51:58 AM] [JQhFf#1] viyer: joined with identifiers [license:29f0e0445ab3b2bbdc76df476bf591a8bda9373e; fivem:2221581; license2:29f0e0445ab3b2bbdc76df476bf591a8bda9373e]
[1:02:08 AM] [JQhFf#1] viyer: died from suicide
[1:07:56 AM] [JQhFf#1] viyer: caused an explosion (STICKYBOMB)
[1:07:59 AM] [JQhFf#1] viyer: caused an explosion (STICKYBOMB)
[1:08:04 AM] [JQhFf#1] viyer: caused an explosion (STICKYBOMB)
[1:08:10 AM] [JQhFf#1] viyer: caused an explosion (STICKYBOMB)
[1:08:10 AM] [JQhFf#1] viyer: caused an explosion (STICKYBOMB)
[1:08:13 AM] [JQhFf#1] viyer: caused an explosion (STICKYBOMB)
[1:08:22 AM] [JQhFf#1] viyer: caused an explosion (STICKYBOMB)
[1:08:22 AM] [JQhFf#1] viyer: caused an explosion (STICKYBOMB)
[1:08:23 AM] [JQhFf#1] viyer: caused an explosion (STICKYBOMB)
[1:08:23 AM] [JQhFf#1] viyer: caused an explosion (STICKYBOMB)
[1:08:26 AM] [JQhFf#1] viyer: caused an explosion (STICKYBOMB)
[1:08:27 AM] [JQhFf#1] viyer: caused an explosion (STICKYBOMB)
[1:12:33 AM] [JQhFf#1] viyer: disconnected (Exiting)

================================================================
======== txAdmin Starting - 12/5/2022, 1:14:37 AM               
================================================================
[1:14:59 AM] txAdmin: Logger started
