
================================================================
======== txAdmin Starting - 11/26/2022, 1:31:54 AM              
================================================================

================================================================
======== Log Rotated - 11/26/2022, 1:31:55 AM                   
================================================================
[1:32:40 AM] txAdmin: Logger started
[1:34:38 AM] [PbGeX#1] viyer: joined with identifiers [license:29f0e0445ab3b2bbdc76df476bf591a8bda9373e; discord:510860133148917774; fivem:2221581; license2:29f0e0445ab3b2bbdc76df476bf591a8bda9373e]
[1:51:25 AM] [PbGeX#1] viyer: disconnected (Exiting)

================================================================
======== txAdmin Starting - 11/26/2022, 2:10:43 AM              
================================================================
[2:11:02 AM] txAdmin: Logger started
[2:22:27 AM] [GAMaW#1] viyer: joined with identifiers [license:29f0e0445ab3b2bbdc76df476bf591a8bda9373e; discord:510860133148917774; fivem:2221581; license2:29f0e0445ab3b2bbdc76df476bf591a8bda9373e]
[2:23:00 AM] [GAMaW#1] viyer: disconnected (Exiting)
[2:28:46 AM] txAdmin: Logger started
[2:30:25 AM] [3Gq8T#1] viyer: joined with identifiers [license:29f0e0445ab3b2bbdc76df476bf591a8bda9373e; discord:510860133148917774; fivem:2221581; license2:29f0e0445ab3b2bbdc76df476bf591a8bda9373e]
[2:33:19 AM] [3Gq8T#1] viyer: said "/tptp 1"
[2:33:39 AM] [3Gq8T#1] viyer: said "/tptp 1"
[2:44:59 AM] [3Gq8T#1] viyer: deleted a vehicle
[2:45:02 AM] [3Gq8T#1] viyer: deleted a vehicle
[2:45:11 AM] [3Gq8T#1] viyer: deleted a vehicle
[2:45:20 AM] [3Gq8T#1] viyer: deleted a vehicle
[2:46:42 AM] [3Gq8T#1] viyer: caused an explosion (PLANE_ROCKET)
[2:46:47 AM] [3Gq8T#1] viyer: caused an explosion (PLANE_ROCKET)
[2:46:51 AM] [3Gq8T#1] viyer: caused an explosion (PLANE_ROCKET)
[2:46:53 AM] [3Gq8T#1] viyer: caused an explosion (PLANE_ROCKET)
[2:46:58 AM] [3Gq8T#1] viyer: caused an explosion (PLANE_ROCKET)
[2:47:21 AM] [3Gq8T#1] viyer: caused an explosion (PLANE_ROCKET)
[2:47:21 AM] [3Gq8T#1] viyer: caused an explosion (PLANE_ROCKET)
[2:47:25 AM] [3Gq8T#1] viyer: caused an explosion (PLANE_ROCKET)
[2:47:27 AM] [3Gq8T#1] viyer: caused an explosion (PLANE_ROCKET)
[2:47:35 AM] [3Gq8T#1] viyer: caused an explosion (PLANE_ROCKET)
[2:47:37 AM] [3Gq8T#1] viyer: caused an explosion (PLANE_ROCKET)
[2:53:38 AM] [3Gq8T#2] Quik_Fox: joined with identifiers [license:12c58143de39c9aef8cef546bef24d78784103bc; xbl:2535440826079666; live:844428682272986; discord:177231001112543232; fivem:3020530; license2:12c58143de39c9aef8cef546bef24d78784103bc]
[2:54:19 AM] [3Gq8T#1] viyer: said "/tptp 2"
[2:57:12 AM] [3Gq8T#1] viyer: caused an explosion (GRENADELAUNCHER)
[2:57:16 AM] [3Gq8T#1] viyer: caused an explosion (GRENADELAUNCHER)
[2:57:20 AM] [3Gq8T#1] viyer: caused an explosion (GRENADELAUNCHER)
[2:57:30 AM] [3Gq8T#1] viyer: caused an explosion (PLANE_ROCKET)
[2:57:33 AM] [3Gq8T#1] viyer: caused an explosion (PLANE_ROCKET)
[2:57:44 AM] [3Gq8T#1] viyer: caused an explosion (PLANE_ROCKET)
[2:57:57 AM] [3Gq8T#2] Quik_Fox: said "lol"
[2:58:06 AM] [3Gq8T#1] viyer: said "hi"
[2:58:46 AM] [3Gq8T#2] Quik_Fox: said "that things wack lolol"
[2:59:15 AM] [3Gq8T#1] viyer: caused an explosion (PLANE_ROCKET)
[2:59:18 AM] [3Gq8T#1] viyer: caused an explosion (PLANE_ROCKET)
[3:02:45 AM] [3Gq8T#1] viyer: said "do /v fix for fixing the vehicle"
[3:09:15 AM] [3Gq8T#1] viyer: said "hello?"
[3:09:24 AM] [3Gq8T#2] Quik_Fox: said "?"
[3:09:28 AM] [3Gq8T#1] viyer: said "ooh vustomizing"
[3:09:30 AM] [3Gq8T#2] Quik_Fox: said "wuts up"
[3:09:42 AM] [3Gq8T#1] viyer: said "thought you were afk"
[3:13:16 AM] [3Gq8T#1] viyer: said "uwu is in btw"
[3:13:39 AM] [3Gq8T#2] Quik_Fox: said "ahh nice nice"
[3:23:59 AM] [3Gq8T#1] viyer: said "love this car huh"
[3:24:31 AM] [3Gq8T#2] Quik_Fox: said "ye this an delorean are tight"
[3:24:50 AM] [3Gq8T#2] Quik_Fox: said "R8 is my fave car that I have in my city"
[3:24:53 AM] [3Gq8T#2] Quik_Fox: said "handles so good"
[3:25:04 AM] [3Gq8T#2] Quik_Fox: said "but its not the hycade"
[3:27:04 AM] [3Gq8T#2] Quik_Fox: said "its the prior edition wide body Ive got there"
[3:28:58 AM] [3Gq8T#1] viyer: said "nopixel disabled controllers today..."
[3:29:05 AM] [3Gq8T#2] Quik_Fox: said "dope rofl"
[3:29:23 AM] [3Gq8T#2] Quik_Fox: said "goof down bad eh? XD"
[3:29:30 AM] [3Gq8T#1] viyer: said "naah"
[3:29:42 AM] [3Gq8T#1] viyer: said "he used to race kbm"
[3:30:11 AM] [3Gq8T#2] Quik_Fox: said "personally thought it was cringe as fuck rofl"
[3:30:43 AM] [3Gq8T#1] viyer: said "to fix /v fix"
[3:32:12 AM] [3Gq8T#2] Quik_Fox: said "./dv"
[3:36:02 AM] [3Gq8T#1] viyer: said "your friend coming today?"
[3:38:19 AM] [3Gq8T#2] Quik_Fox: said "delorean handles the best by far"
[3:38:28 AM] [3Gq8T#1] viyer: said "yep"
[3:38:28 AM] [3Gq8T#2] Quik_Fox: said "uhh no clue"
[3:42:33 AM] [3Gq8T#2] Quik_Fox: said "/yes"
[3:51:24 AM] [3Gq8T#1] viyer: said "stancer "
[3:56:06 AM] [3Gq8T#1] viyer: said "yoo need anything dm me i am gonna go afk"
[3:56:12 AM] [3Gq8T#1] viyer: said "off the server"
[3:56:21 AM] [3Gq8T#2] Quik_Fox: said "uhhh dont think so"
[3:56:39 AM] [3Gq8T#1] viyer: said "if you do just dm"
[3:56:46 AM] [3Gq8T#2] Quik_Fox: said "ok sounds good"
[3:56:50 AM] [3Gq8T#1] viyer: said "bye"
[3:56:53 AM] [3Gq8T#1] viyer: disconnected (Exiting)
[5:42:33 AM] [3Gq8T#2] Quik_Fox: disconnected (Exiting)
[6:47:34 AM] [3Gq8T#3] Quik_Fox: joined with identifiers [license:12c58143de39c9aef8cef546bef24d78784103bc; xbl:2535440826079666; live:844428682272986; discord:177231001112543232; fivem:3020530; license2:12c58143de39c9aef8cef546bef24d78784103bc]
[8:52:14 AM] [3Gq8T#3] Quik_Fox: disconnected (Exiting)
[12:09:31 PM] [3Gq8T#4] viyer: joined with identifiers [license:29f0e0445ab3b2bbdc76df476bf591a8bda9373e; discord:510860133148917774; fivem:2221581; license2:29f0e0445ab3b2bbdc76df476bf591a8bda9373e]
[12:23:14 PM] [3Gq8T#4] viyer: said "/escort"
[12:42:54 PM] [3Gq8T#4] viyer: enabled noclip
[12:42:57 PM] [3Gq8T#4] viyer: became mortal (standard mode)
[12:42:57 PM] [3Gq8T#4] viyer: enabled noclip
[12:42:57 PM] [3Gq8T#4] viyer: became mortal (standard mode)
[12:42:59 PM] [3Gq8T#4] viyer: enabled noclip
[12:43:00 PM] [3Gq8T#4] viyer: became mortal (standard mode)
[12:43:33 PM] [3Gq8T#4] viyer: disconnected (Exiting)
[12:46:22 PM] [3Gq8T#5] viyer: joined with identifiers [license:29f0e0445ab3b2bbdc76df476bf591a8bda9373e; discord:510860133148917774; fivem:2221581; license2:29f0e0445ab3b2bbdc76df476bf591a8bda9373e]
[12:58:26 PM] [3Gq8T#5] viyer: said "/LOCATION: -27.219926834106 -1058.3132324219 27.717403411865"
[1:07:14 PM] [3Gq8T#5] viyer: said "/145.04238891602 -3031.1384277344 6.3631010055542"
[1:07:20 PM] [3Gq8T#5] viyer: said "/135.72975158691 -3030.6643066406 6.3630614280701"
[1:34:56 PM] [3Gq8T#5] viyer: said "/d"
[1:46:30 PM] [3Gq8T#5] viyer: disconnected (Exiting)
[2:20:19 PM] [3Gq8T#6] viyer: joined with identifiers [license:29f0e0445ab3b2bbdc76df476bf591a8bda9373e; discord:510860133148917774; fivem:2221581; license2:29f0e0445ab3b2bbdc76df476bf591a8bda9373e]
[2:30:47 PM] [3Gq8T#6] viyer: said "/ -34.303611755371 -1054.2138671875 27.717193603516"
[2:35:20 PM] [3Gq8T#6] viyer: said "/-211.75433349609 -1323.3493652344 30.211158752441"
[3:13:19 PM] [3Gq8T#6] viyer: disconnected ([txAdmin] Server restarting (requested by viyer).)
[3:13:44 PM] txAdmin: Logger started
[3:16:25 PM] [AViK9#1] viyer: joined with identifiers [license:29f0e0445ab3b2bbdc76df476bf591a8bda9373e; discord:510860133148917774; fivem:2221581; license2:29f0e0445ab3b2bbdc76df476bf591a8bda9373e]
[3:51:57 PM] [AViK9#1] viyer: caused an explosion (CAR)
[3:52:11 PM] [AViK9#1] viyer: caused an explosion (PETROL_PUMP)
[3:52:18 PM] [AViK9#1] viyer: caused an explosion (PETROL_PUMP)
[3:58:01 PM] [AViK9#1] viyer: disconnected (Exiting)

================================================================
======== txAdmin Starting - 11/26/2022, 4:25:13 PM              
================================================================
[4:25:28 PM] txAdmin: Logger started
[4:26:47 PM] [DRj7c#1] viyer: joined with identifiers [license:29f0e0445ab3b2bbdc76df476bf591a8bda9373e; discord:510860133148917774; fivem:2221581; license2:29f0e0445ab3b2bbdc76df476bf591a8bda9373e]
[4:34:03 PM] [DRj7c#1] viyer: disconnected (Exiting)
[4:37:33 PM] [DRj7c#2] viyer: joined with identifiers [license:29f0e0445ab3b2bbdc76df476bf591a8bda9373e; discord:510860133148917774; fivem:2221581; license2:29f0e0445ab3b2bbdc76df476bf591a8bda9373e]
[4:44:34 PM] [DRj7c#2] viyer: disconnected (Exiting)
[7:52:14 PM] [DRj7c#3] viyer: joined with identifiers [license:29f0e0445ab3b2bbdc76df476bf591a8bda9373e; discord:510860133148917774; fivem:2221581; license2:29f0e0445ab3b2bbdc76df476bf591a8bda9373e]
[8:16:42 PM] [DRj7c#3] viyer: said "/str_refresh"
[8:24:25 PM] [DRj7c#3] viyer: disconnected (Exiting)
[8:26:32 PM] [DRj7c#4] viyer: joined with identifiers [license:29f0e0445ab3b2bbdc76df476bf591a8bda9373e; discord:510860133148917774; fivem:2221581; license2:29f0e0445ab3b2bbdc76df476bf591a8bda9373e]
[8:29:42 PM] [DRj7c#4] viyer: disconnected (Exiting)
[8:50:21 PM] txAdmin: Logger started
[8:51:37 PM] [gd8TB#1] viyer: joined with identifiers [license:29f0e0445ab3b2bbdc76df476bf591a8bda9373e; discord:510860133148917774; fivem:2221581; license2:29f0e0445ab3b2bbdc76df476bf591a8bda9373e]
[9:03:10 PM] [gd8TB#1] viyer: disconnected (Exiting)
[10:26:51 PM] txAdmin: Logger started
[10:31:20 PM] [n3Gbn#1] viyer: joined with identifiers [license:29f0e0445ab3b2bbdc76df476bf591a8bda9373e; discord:510860133148917774; fivem:2221581; license2:29f0e0445ab3b2bbdc76df476bf591a8bda9373e]
[10:41:04 PM] [n3Gbn#1] viyer: said "hello"
[11:36:06 PM] [n3Gbn#1] viyer: disconnected (Obtaining configuration from server failed. Error state: Received HTTP/0.9 when not allowed - CURL e)
[11:37:57 PM] txAdmin: Logger started
[11:40:02 PM] [R3gAd#1] viyer: joined with identifiers [license:29f0e0445ab3b2bbdc76df476bf591a8bda9373e; discord:510860133148917774; fivem:2221581; license2:29f0e0445ab3b2bbdc76df476bf591a8bda9373e]
