
================================================================
======== Log Rotated - 10/13/2022, 12:00:00 AM                  
================================================================
[12:02:58 AM] [yXpQH#1] Shiva: caused an explosion (STICKYBOMB)
[12:02:59 AM] [yXpQH#1] Shiva: caused an explosion (STICKYBOMB)
[12:02:59 AM] [yXpQH#1] Shiva: caused an explosion (STICKYBOMB)
[12:02:59 AM] [yXpQH#1] Shiva: caused an explosion (STICKYBOMB)
[12:02:59 AM] [yXpQH#1] Shiva: caused an explosion (STICKYBOMB)
[12:04:34 AM] [yXpQH#1] Shiva: caused an explosion (ROCKET)
[12:04:41 AM] [yXpQH#1] Shiva: caused an explosion (PIPEBOMB)
[12:04:43 AM] [yXpQH#1] Shiva: caused an explosion (PROXMINE)
[12:07:09 AM] [yXpQH#1] Shiva: caused an explosion (FIREWORK)
[12:07:17 AM] [yXpQH#1] Shiva: caused an explosion (FIREWORK)
[12:07:22 AM] [yXpQH#1] Shiva: caused an explosion (PIPEBOMB)
[12:07:54 AM] [yXpQH#1] Shiva: caused an explosion (RAYGUN)
[12:08:08 AM] [yXpQH#1] Shiva: caused an explosion (PROXMINE)
[12:08:10 AM] [yXpQH#1] Shiva: caused an explosion (RAYGUN)
[12:08:19 AM] [yXpQH#1] Shiva: caused an explosion (RAYGUN)
[12:08:19 AM] [yXpQH#1] Shiva: caused an explosion (PROXMINE)
[12:08:32 AM] [yXpQH#1] Shiva: caused an explosion (PROXMINE)
[12:08:35 AM] [yXpQH#1] Shiva: caused an explosion (RAYGUN)
[12:08:40 AM] [yXpQH#1] Shiva: caused an explosion (RAYGUN)
[12:08:41 AM] [yXpQH#1] Shiva: caused an explosion (RAYGUN)
[12:08:43 AM] [yXpQH#1] Shiva: caused an explosion (RAYGUN)
[12:08:43 AM] [yXpQH#1] Shiva: caused an explosion (PROXMINE)
[12:08:44 AM] [yXpQH#1] Shiva: caused an explosion (PROXMINE)
[12:08:44 AM] [yXpQH#1] Shiva: caused an explosion (PROXMINE)
[12:08:44 AM] [yXpQH#1] Shiva: caused an explosion (PROXMINE)
[12:08:47 AM] [yXpQH#1] Shiva: caused an explosion (RAYGUN)
[12:08:54 AM] [yXpQH#1] Shiva: caused an explosion (RAYGUN)
[12:08:56 AM] [yXpQH#1] Shiva: caused an explosion (RAYGUN)
[12:08:57 AM] [yXpQH#1] Shiva: caused an explosion (PROXMINE)
[12:08:57 AM] [yXpQH#1] Shiva: caused an explosion (PROXMINE)
[12:09:05 AM] [yXpQH#1] Shiva: caused an explosion (PROXMINE)
[12:09:05 AM] [yXpQH#1] Shiva: caused an explosion (PROXMINE)
[12:09:05 AM] [yXpQH#1] Shiva: caused an explosion (PROXMINE)
[12:09:05 AM] [yXpQH#1] Shiva: caused an explosion (PROXMINE)
[12:09:14 AM] [yXpQH#1] Shiva: caused an explosion (RAYGUN)
[12:09:22 AM] [yXpQH#1] Shiva: caused an explosion (RAYGUN)
[12:09:23 AM] [yXpQH#1] Shiva: caused an explosion (PROXMINE)
[12:09:23 AM] [yXpQH#1] Shiva: caused an explosion (PROXMINE)
[12:09:25 AM] [yXpQH#1] Shiva: caused an explosion (RAYGUN)
[12:09:27 AM] [yXpQH#1] Shiva: caused an explosion (RAYGUN)
[12:09:29 AM] [yXpQH#1] Shiva: caused an explosion (RAYGUN)
[12:09:35 AM] [yXpQH#1] Shiva: caused an explosion (RAYGUN)
[12:09:37 AM] [yXpQH#1] Shiva: caused an explosion (RAYGUN)
[12:09:39 AM] [yXpQH#1] Shiva: caused an explosion (RAYGUN)
[12:11:11 AM] [yXpQH#1] Shiva: caused an explosion (RAYGUN)
[12:11:14 AM] [yXpQH#1] Shiva: caused an explosion (RAYGUN)
[12:11:16 AM] [yXpQH#1] Shiva: caused an explosion (RAYGUN)
[12:11:21 AM] [yXpQH#1] Shiva: caused an explosion (RAYGUN)
[12:11:22 AM] [yXpQH#1] Shiva: caused an explosion (RAYGUN)
[12:11:24 AM] [yXpQH#1] Shiva: caused an explosion (RAYGUN)
[12:11:49 AM] [yXpQH#1] Shiva: caused an explosion (RAYGUN)
[12:12:01 AM] [yXpQH#1] Shiva: caused an explosion (RAYGUN)
[12:12:03 AM] [yXpQH#1] Shiva: caused an explosion (RAYGUN)
[12:12:06 AM] [yXpQH#1] Shiva: caused an explosion (RAYGUN)
[12:12:08 AM] [yXpQH#1] Shiva: caused an explosion (RAYGUN)
[12:12:11 AM] [yXpQH#1] Shiva: caused an explosion (RAYGUN)
[12:12:14 AM] [yXpQH#1] Shiva: caused an explosion (RAYGUN)
[12:12:26 AM] [yXpQH#1] Shiva: caused an explosion (RAYGUN)
[12:12:26 AM] [yXpQH#1] Shiva: caused an explosion (PROXMINE)
[12:12:30 AM] [yXpQH#1] Shiva: caused an explosion (RAYGUN)
[12:12:30 AM] [yXpQH#1] Shiva: caused an explosion (PROXMINE)
[12:12:35 AM] [yXpQH#1] Shiva: caused an explosion (RAYGUN)
[12:12:35 AM] [yXpQH#1] Shiva: caused an explosion (PROXMINE)
[12:12:41 AM] [yXpQH#1] Shiva: caused an explosion (PROXMINE)
[12:12:44 AM] [yXpQH#1] Shiva: caused an explosion (RAYGUN)
[12:12:44 AM] [yXpQH#1] Shiva: caused an explosion (PROXMINE)
[12:12:51 AM] [yXpQH#1] Shiva: caused an explosion (PROXMINE)
[12:12:55 AM] [yXpQH#1] Shiva: caused an explosion (RAYGUN)
[12:12:56 AM] [yXpQH#1] Shiva: caused an explosion (PROXMINE)
[12:12:58 AM] [yXpQH#1] Shiva: caused an explosion (RAYGUN)
[12:12:58 AM] [yXpQH#1] Shiva: caused an explosion (PROXMINE)
[12:13:09 AM] [yXpQH#1] Shiva: caused an explosion (PROXMINE)
[12:13:09 AM] [yXpQH#1] Shiva: caused an explosion (PROXMINE)
[12:13:09 AM] [yXpQH#1] Shiva: caused an explosion (PROXMINE)
[12:13:09 AM] [yXpQH#1] Shiva: caused an explosion (PROXMINE)
[12:13:09 AM] [yXpQH#1] Shiva: caused an explosion (PROXMINE)
[12:13:10 AM] [yXpQH#1] Shiva: caused an explosion (RAYGUN)
[12:13:10 AM] [yXpQH#1] Shiva: caused an explosion (PROXMINE)
[12:13:12 AM] [yXpQH#1] Shiva: caused an explosion (RAYGUN)
[12:13:12 AM] [yXpQH#1] Shiva: caused an explosion (PROXMINE)
[12:13:14 AM] [yXpQH#1] Shiva: caused an explosion (RAYGUN)
[12:13:15 AM] [yXpQH#1] Shiva: caused an explosion (PROXMINE)
[12:13:16 AM] [yXpQH#1] Shiva: caused an explosion (RAYGUN)
[12:13:16 AM] [yXpQH#1] Shiva: caused an explosion (PROXMINE)
[12:13:18 AM] [yXpQH#1] Shiva: caused an explosion (RAYGUN)
[12:13:18 AM] [yXpQH#1] Shiva: caused an explosion (PROXMINE)
[12:13:33 AM] [yXpQH#1] Shiva: caused an explosion (PROXMINE)
[12:13:35 AM] [yXpQH#1] Shiva: caused an explosion (PROXMINE)
[12:13:43 AM] [yXpQH#1] Shiva: caused an explosion (PROXMINE)
[12:13:46 AM] [yXpQH#1] Shiva: caused an explosion (PROXMINE)
[12:13:55 AM] [yXpQH#1] Shiva: caused an explosion (PROXMINE)
[12:13:55 AM] [yXpQH#1] Shiva: caused an explosion (PROXMINE)
[12:14:03 AM] [yXpQH#1] Shiva: caused an explosion (PROXMINE)
[12:14:13 AM] [yXpQH#1] Shiva: caused an explosion (PROXMINE)
[12:14:13 AM] [yXpQH#1] Shiva: caused an explosion (PROXMINE)
[12:14:28 AM] [yXpQH#1] Shiva: caused an explosion (RAYGUN)
[12:14:31 AM] [yXpQH#1] Shiva: caused an explosion (RAYGUN)
[12:14:35 AM] [yXpQH#1] Shiva: caused an explosion (PROXMINE)
[12:14:36 AM] [yXpQH#1] Shiva: caused an explosion (RAYGUN)
[12:14:40 AM] [yXpQH#1] Shiva: caused an explosion (RAYGUN)
[12:14:42 AM] [yXpQH#1] Shiva: caused an explosion (RAYGUN)
[12:14:44 AM] [yXpQH#1] Shiva: caused an explosion (RAYGUN)
[12:14:48 AM] [yXpQH#1] Shiva: caused an explosion (RAYGUN)
[12:14:51 AM] [yXpQH#1] Shiva: caused an explosion (FIREWORK)
[12:14:53 AM] [yXpQH#1] Shiva: caused an explosion (RAILGUN)
[12:14:57 AM] [yXpQH#1] Shiva: caused an explosion (ROCKET)
[12:15:00 AM] [yXpQH#1] Shiva: caused an explosion (ROCKET)
[12:15:04 AM] [yXpQH#1] Shiva: caused an explosion (ROCKET)
[12:15:07 AM] [yXpQH#1] Shiva: caused an explosion (ROCKET)
[12:15:13 AM] [yXpQH#1] Shiva: caused an explosion (ROCKET)
[12:15:17 AM] [yXpQH#1] Shiva: caused an explosion (ROCKET)
[12:15:22 AM] [yXpQH#1] Shiva: caused an explosion (ROCKET)
[12:15:24 AM] [yXpQH#1] Shiva: caused an explosion (PLANE)
[12:15:25 AM] [yXpQH#1] Shiva: caused an explosion (ROCKET)
[12:15:29 AM] [yXpQH#1] Shiva: caused an explosion (GRENADELAUNCHER)
[12:15:29 AM] [yXpQH#1] Shiva: caused an explosion (GRENADELAUNCHER)
[12:15:30 AM] [yXpQH#1] Shiva: caused an explosion (GRENADELAUNCHER)
[12:15:30 AM] [yXpQH#1] Shiva: caused an explosion (GRENADELAUNCHER)
[12:15:31 AM] [yXpQH#1] Shiva: caused an explosion (GRENADELAUNCHER)
[12:15:31 AM] [yXpQH#1] Shiva: caused an explosion (GRENADELAUNCHER)
[12:15:32 AM] [yXpQH#1] Shiva: caused an explosion (GRENADELAUNCHER)
[12:15:33 AM] [yXpQH#1] Shiva: caused an explosion (GRENADELAUNCHER)
[12:15:34 AM] [yXpQH#1] Shiva: caused an explosion (GRENADELAUNCHER)
[12:15:34 AM] [yXpQH#1] Shiva: caused an explosion (GRENADELAUNCHER)
[12:15:35 AM] [yXpQH#1] Shiva: caused an explosion (GRENADELAUNCHER)
[12:15:35 AM] [yXpQH#1] Shiva: caused an explosion (GRENADELAUNCHER)
[12:15:36 AM] [yXpQH#1] Shiva: caused an explosion (GRENADELAUNCHER)
[12:15:36 AM] [yXpQH#1] Shiva: caused an explosion (GRENADELAUNCHER)
[12:15:36 AM] [yXpQH#1] Shiva: caused an explosion (GRENADELAUNCHER)
[12:15:37 AM] [yXpQH#1] Shiva: caused an explosion (GRENADELAUNCHER)
[12:15:37 AM] [yXpQH#1] Shiva: caused an explosion (GRENADELAUNCHER)
[12:15:39 AM] [yXpQH#1] Shiva: caused an explosion (GRENADELAUNCHER)
[12:15:52 AM] [yXpQH#1] Shiva: caused an explosion (GRENADELAUNCHER)
[12:15:55 AM] [yXpQH#1] Shiva: caused an explosion (GRENADELAUNCHER)
[12:15:58 AM] [yXpQH#1] Shiva: caused an explosion (GRENADELAUNCHER)
[12:16:16 AM] [yXpQH#1] Shiva: caused an explosion (GRENADELAUNCHER)
[12:16:26 AM] [yXpQH#1] Shiva: caused an explosion (RAYGUN)
[12:16:29 AM] [yXpQH#1] Shiva: caused an explosion (RAYGUN)
[12:16:33 AM] [yXpQH#1] Shiva: caused an explosion (RAYGUN)
[12:16:35 AM] [yXpQH#1] Shiva: caused an explosion (RAYGUN)
[12:16:38 AM] [yXpQH#1] Shiva: caused an explosion (RAYGUN)
[12:16:40 AM] [yXpQH#1] Shiva: caused an explosion (RAYGUN)
[12:16:45 AM] [yXpQH#1] Shiva: caused an explosion (RAYGUN)
[12:16:57 AM] [yXpQH#1] Shiva: caused an explosion (RAYGUN)
[12:16:59 AM] [yXpQH#1] Shiva: caused an explosion (RAYGUN)
[12:17:06 AM] [yXpQH#1] Shiva: caused an explosion (RAYGUN)
[12:19:04 AM] [yXpQH#1] Shiva: caused an explosion (RAYGUN)
[12:22:32 AM] [yXpQH#1] Shiva: caused an explosion (RAYGUN)
[12:22:37 AM] [yXpQH#1] Shiva: caused an explosion (RAYGUN)
[12:22:40 AM] [yXpQH#1] Shiva: caused an explosion (RAYGUN)
[12:22:43 AM] [yXpQH#1] Shiva: caused an explosion (RAYGUN)
[12:24:14 AM] [yXpQH#1] Shiva: caused an explosion (GRENADELAUNCHER)
[12:24:18 AM] [yXpQH#1] Shiva: caused an explosion (GRENADELAUNCHER)
[12:24:22 AM] [yXpQH#1] Shiva: caused an explosion (GRENADELAUNCHER)
[12:24:24 AM] [yXpQH#1] Shiva: caused an explosion (GRENADELAUNCHER)
[12:24:32 AM] [yXpQH#1] Shiva: caused an explosion (RAYGUN)
[12:24:38 AM] [yXpQH#1] Shiva: caused an explosion (RAYGUN)
[12:24:41 AM] [yXpQH#1] Shiva: caused an explosion (RAYGUN)
[12:24:46 AM] [yXpQH#1] Shiva: caused an explosion (RAYGUN)
[12:24:51 AM] [yXpQH#1] Shiva: caused an explosion (RAYGUN)
[12:24:53 AM] [yXpQH#1] Shiva: caused an explosion (RAYGUN)
[12:24:55 AM] [yXpQH#1] Shiva: caused an explosion (RAYGUN)
[12:24:57 AM] [yXpQH#1] Shiva: caused an explosion (RAYGUN)
[12:24:59 AM] [yXpQH#1] Shiva: caused an explosion (RAYGUN)
[12:25:02 AM] [yXpQH#1] Shiva: caused an explosion (RAYGUN)
[12:25:04 AM] [yXpQH#1] Shiva: caused an explosion (RAYGUN)
[12:25:06 AM] [yXpQH#1] Shiva: caused an explosion (RAYGUN)
[12:26:53 AM] [yXpQH#1] Shiva: caused an explosion (PLANE_ROCKET)
[12:26:56 AM] [yXpQH#1] Shiva: caused an explosion (PLANE_ROCKET)
[12:27:15 AM] [yXpQH#1] Shiva: caused an explosion (PLANE_ROCKET)
[12:27:16 AM] [yXpQH#1] Shiva: caused an explosion (PLANE_ROCKET)
[12:27:34 AM] [yXpQH#1] Shiva: caused an explosion (PLANE_ROCKET)
[12:27:37 AM] [yXpQH#1] Shiva: caused an explosion (PLANE_ROCKET)
[12:27:39 AM] [yXpQH#1] Shiva: caused an explosion (PLANE_ROCKET)
[12:27:40 AM] [yXpQH#1] Shiva: caused an explosion (PLANE_ROCKET)
[12:27:46 AM] [yXpQH#1] Shiva: caused an explosion (GRENADE)
[12:27:47 AM] [yXpQH#1] Shiva: caused an explosion (PLANE)
[12:29:15 AM] [yXpQH#1] Shiva: caused an explosion (PLANE_ROCKET)
[12:29:57 AM] [yXpQH#1] Shiva: caused an explosion (PLANE_ROCKET)
[12:29:59 AM] [yXpQH#1] Shiva: caused an explosion (PLANE_ROCKET)
[12:30:02 AM] [yXpQH#1] Shiva: caused an explosion (PLANE_ROCKET)
[12:30:03 AM] [yXpQH#1] Shiva: caused an explosion (PLANE_ROCKET)
[12:30:24 AM] [yXpQH#1] Shiva: caused an explosion (PLANE_ROCKET)
[12:30:25 AM] [yXpQH#1] Shiva: caused an explosion (PLANE_ROCKET)
[12:30:34 AM] [yXpQH#1] Shiva: caused an explosion (PLANE_ROCKET)
[12:30:39 AM] [yXpQH#1] Shiva: caused an explosion (PLANE_ROCKET)
[12:30:41 AM] [yXpQH#1] Shiva: caused an explosion (PLANE_ROCKET)
[12:30:45 AM] [yXpQH#1] Shiva: caused an explosion (PLANE)
[12:30:45 AM] [yXpQH#1] Shiva: caused an explosion (PLANE)
[12:30:46 AM] [yXpQH#1] Shiva: caused an explosion (PLANE_ROCKET)
[12:30:56 AM] [yXpQH#1] Shiva: caused an explosion (PLANE_ROCKET)
[12:31:31 AM] [yXpQH#1] Shiva: caused an explosion (PLANE_ROCKET)
[12:31:38 AM] [yXpQH#1] Shiva: caused an explosion (PLANE_ROCKET)
[12:31:39 AM] [yXpQH#1] Shiva: caused an explosion (PLANE_ROCKET)
[12:31:39 AM] [yXpQH#1] Shiva: caused an explosion (CAR)
[12:36:31 AM] [yXpQH#1] Shiva: disconnected (Server->client connection timed out. Last seen 41564 msec ago.)
