
================================================================
======== Log Rotated - 11/29/2022, 12:00:00 AM                  
================================================================

================================================================
======== txAdmin Starting - 11/29/2022, 12:49:38 AM             
================================================================
[12:50:08 AM] txAdmin: Logger started
[12:51:07 AM] txAdmin: Logger started
[1:01:38 AM] [yJQAf#1] viyer: joined with identifiers [license:29f0e0445ab3b2bbdc76df476bf591a8bda9373e; discord:510860133148917774; fivem:2221581; license2:29f0e0445ab3b2bbdc76df476bf591a8bda9373e]
[1:09:49 AM] [yJQAf#2] Quik_Fox: joined with identifiers [license:12c58143de39c9aef8cef546bef24d78784103bc; xbl:2535440826079666; live:844428682272986; discord:177231001112543232; fivem:3020530; license2:12c58143de39c9aef8cef546bef24d78784103bc]
[1:10:00 AM] [yJQAf#1] viyer: cleared an area with 300m radius
[1:10:13 AM] [yJQAf#1] viyer: cleared an area with 300m radius
[1:13:19 AM] [yJQAf#2] Quik_Fox: said "helping friend"
[1:13:24 AM] [yJQAf#2] Quik_Fox: said "he got new pc"
[1:13:26 AM] [yJQAf#1] viyer: said "okie"
[1:13:54 AM] [yJQAf#1] viyer: said "you see this?"
[1:14:42 AM] [yJQAf#1] viyer: caused an explosion (GRENADELAUNCHER)
[1:14:48 AM] [yJQAf#1] viyer: caused an explosion (GRENADE)
[1:14:53 AM] [yJQAf#1] viyer: caused an explosion (GRENADE)
[1:14:53 AM] [yJQAf#1] viyer: died from suicide (Grenade)
[1:17:03 AM] [yJQAf#1] viyer: caused an explosion (RAYGUN)
[1:17:08 AM] [yJQAf#1] viyer: caused an explosion (RAYGUN)
[1:17:18 AM] [yJQAf#1] viyer: caused an explosion (RAYGUN)
[1:17:21 AM] [yJQAf#1] viyer: caused an explosion (RAYGUN)
[1:17:24 AM] [yJQAf#1] viyer: caused an explosion (RAYGUN)
[1:17:30 AM] [yJQAf#1] viyer: caused an explosion (RAYGUN)
[1:17:32 AM] [yJQAf#2] Quik_Fox: caused an explosion (CAR)
[1:17:34 AM] [yJQAf#1] viyer: caused an explosion (RAYGUN)
[1:17:36 AM] [yJQAf#1] viyer: caused an explosion (RAYGUN)
[1:17:39 AM] [yJQAf#1] viyer: caused an explosion (RAYGUN)
[1:17:42 AM] [yJQAf#1] viyer: caused an explosion (RAYGUN)
[1:17:44 AM] [yJQAf#1] viyer: caused an explosion (RAYGUN)
[1:17:47 AM] [yJQAf#1] viyer: caused an explosion (RAYGUN)
[1:17:49 AM] [yJQAf#1] viyer: caused an explosion (RAYGUN)
[1:17:52 AM] [yJQAf#1] viyer: caused an explosion (RAYGUN)
[1:17:56 AM] [yJQAf#1] viyer: caused an explosion (RAYGUN)
[1:18:01 AM] [yJQAf#1] viyer: caused an explosion (RAYGUN)
[1:18:08 AM] [yJQAf#1] viyer: caused an explosion (RAYGUN)
[1:18:08 AM] [yJQAf#1] viyer: died from suicide
[1:18:46 AM] [yJQAf#1] viyer: caused an explosion (RAYGUN)
[1:18:52 AM] [yJQAf#1] viyer: caused an explosion (RAYGUN)
[1:18:57 AM] [yJQAf#1] viyer: caused an explosion (RAYGUN)
[1:19:16 AM] [yJQAf#1] viyer: caused an explosion (RAYGUN)
[1:19:18 AM] [yJQAf#1] viyer: caused an explosion (RAYGUN)
[1:19:20 AM] [yJQAf#1] viyer: caused an explosion (RAYGUN)
[1:19:22 AM] [yJQAf#1] viyer: caused an explosion (RAYGUN)
[1:19:31 AM] [yJQAf#1] viyer: caused an explosion (RAYGUN)
[1:19:33 AM] [yJQAf#1] viyer: caused an explosion (RAYGUN)
[1:19:35 AM] [yJQAf#1] viyer: caused an explosion (RAYGUN)
[1:19:50 AM] [yJQAf#1] viyer: caused an explosion (RAYGUN)
[1:19:52 AM] [yJQAf#1] viyer: caused an explosion (RAYGUN)
[1:19:54 AM] [yJQAf#1] viyer: caused an explosion (RAYGUN)
[1:20:02 AM] [yJQAf#2] Quik_Fox: said "ye its annoying as fuck lol"
[1:20:10 AM] [yJQAf#1] viyer: said "it has he menu"
[1:20:18 AM] [yJQAf#1] viyer: said "for car speed"
[1:21:44 AM] [yJQAf#2] Quik_Fox: said "wut menu srry"
[1:24:06 AM] [yJQAf#1] viyer: said "speed of car ans time it takes to reach 30 60 90 120"
[1:25:27 AM] [yJQAf#2] Quik_Fox: said "am confuse"
[1:26:01 AM] [yJQAf#1] viyer: said "you see the green text ryt"
[1:26:24 AM] [yJQAf#2] Quik_Fox: said "no lol"
[1:26:31 AM] [yJQAf#1] viyer: said "ooh ok"
[1:26:47 AM] [yJQAf#1] viyer: said "type /debug true"
[1:27:06 AM] [yJQAf#2] Quik_Fox: said "fuk is this mess lol"
[1:27:29 AM] [yJQAf#1] viyer: said "all the menus and stuff required for deving"
[1:27:54 AM] [yJQAf#1] viyer: said "you see the text on the right side"
[1:28:39 AM] [yJQAf#2] Quik_Fox: said "mhm"
[1:29:08 AM] [yJQAf#1] viyer: said "like it?"
[1:29:13 AM] [yJQAf#2] Quik_Fox: said "no i turned it off"
[1:29:19 AM] [yJQAf#1] viyer: said "ok"
[1:29:25 AM] [yJQAf#2] Quik_Fox: said "jus added junk rofl"
[1:29:30 AM] [yJQAf#2] Quik_Fox: said "i turn all hud off"
[1:32:05 AM] [yJQAf#2] Quik_Fox: said "could u make the chat box opake ?"
[1:32:12 AM] [yJQAf#2] Quik_Fox: said "like more opacity make it less of a box"
[1:32:29 AM] [yJQAf#1] viyer: said "l for hiding it"
[1:32:37 AM] [yJQAf#2] Quik_Fox: said "ye i jus dont like missin msgs xD"
[1:32:41 AM] [yJQAf#2] Quik_Fox: said "but that works its wut i do"
[1:32:50 AM] [yJQAf#1] viyer: said "turn it to active"
[1:34:33 AM] [yJQAf#1] viyer: said "bennys by the vault bennys on np too btw"
[1:34:46 AM] [yJQAf#2] Quik_Fox: said "u mean by sokudo hq ;]"
[1:34:47 AM] [yJQAf#2] Quik_Fox: said "hahahaha"
[1:34:50 AM] [yJQAf#1] viyer: said "where your house is on the other server"
[1:35:03 AM] [yJQAf#1] viyer: said "yeah"
[1:35:06 AM] [yJQAf#2] Quik_Fox: said "well garage mhm"
[1:35:12 AM] [yJQAf#2] Quik_Fox: said "my house is a cute lil one close by"
[1:35:13 AM] [yJQAf#1] viyer: said "yeah"
[1:36:24 AM] [yJQAf#2] Quik_Fox: said "dis me an the guy thats coming house xp"
[1:36:41 AM] [yJQAf#1] viyer: said "ooh"
[1:36:51 AM] [yJQAf#2] Quik_Fox: said "we made it two houses its kinda swag lol"
[1:37:05 AM] [yJQAf#1] viyer: said "ooh whats the interior"
[1:37:19 AM] [yJQAf#1] viyer: said "custom?"
[1:37:20 AM] [yJQAf#2] Quik_Fox: said "ummm i dont kno the names"
[1:37:35 AM] [yJQAf#2] Quik_Fox: said "paleto house i think is one"
[1:37:39 AM] [yJQAf#2] Quik_Fox: said "but ya empty layouts "
[1:37:42 AM] [yJQAf#1] viyer: said "ooh ok"
[1:37:46 AM] [yJQAf#2] Quik_Fox: said "i do interior design "
[1:37:55 AM] [yJQAf#2] Quik_Fox: said "i could show u some of it im kinda nutty xD"
[1:38:04 AM] [yJQAf#2] Quik_Fox: said "i run a lil buisness for interiors too heh"
[1:38:05 AM] [yJQAf#1] viyer: said "yeah i saw one of your streams "
[1:38:10 AM] [yJQAf#2] Quik_Fox: said "ooooh"
[1:38:11 AM] [yJQAf#1] viyer: said "well a part of it"
[1:38:16 AM] [yJQAf#2] Quik_Fox: said "mhm"
[1:38:19 AM] [yJQAf#1] viyer: said "yep"
[1:38:26 AM] [yJQAf#2] Quik_Fox: said "creeper >.>"
[1:38:27 AM] [yJQAf#2] Quik_Fox: said "hahahahah jk"
[1:38:35 AM] [yJQAf#1] viyer: said "naah"
[1:39:04 AM] [yJQAf#1] viyer: said "checked your channel first before dming ya"
[1:39:29 AM] [yJQAf#2] Quik_Fox: said "mhm figured"
[1:39:34 AM] [yJQAf#1] viyer: said "yep"
[1:39:48 AM] [yJQAf#1] viyer: said "whats your pc specs"
[1:39:59 AM] [yJQAf#1] viyer: said "/tm"
[1:40:18 AM] [yJQAf#2] Quik_Fox: said "uhhhh i7 7700k - 3070ti"
[1:40:30 AM] [yJQAf#2] Quik_Fox: said "do u have the francis ?"
[1:40:32 AM] [yJQAf#2] Quik_Fox: said "peds"
[1:40:50 AM] [yJQAf#1] viyer: said "naah"
[1:40:58 AM] [yJQAf#1] viyer: said "holy"
[1:41:29 AM] [yJQAf#1] viyer: said "have bound  the car menu to b"
[1:41:43 AM] [yJQAf#2] Quik_Fox: said "ok "
[1:43:35 AM] [yJQAf#1] viyer: said "ya see this?"
[1:43:45 AM] [yJQAf#3] Kino: joined with identifiers [license:e9b4230749bee6b513ee8de306b454d06956f6a2; xbl:2535416240895292; live:914798623805400; discord:365718247640924160; fivem:2187629; license2:bcd00e1e8697683759713990d3e40b752e895a0f]
[1:44:39 AM] [yJQAf#1] viyer: said "hey"
[1:44:52 AM] [yJQAf#3] Kino: said "yo"
[1:45:15 AM] [yJQAf#2] Quik_Fox: said "u want free ?"
[1:45:19 AM] [yJQAf#3] Kino: disconnected (Game crashed: GTA5_b2545.exe!rage::fwClipSet::GetDictionaryIndex (0x0))
[1:45:35 AM] [yJQAf#2] Quik_Fox: said "all hail sloth god"
[1:46:06 AM] [yJQAf#1] viyer: disconnected (Server->client connection timed out. Last seen 40770 msec ago.)
[1:46:25 AM] [yJQAf#4] Kino: joined with identifiers [license:e9b4230749bee6b513ee8de306b454d06956f6a2; xbl:2535416240895292; live:914798623805400; discord:365718247640924160; fivem:2187629; license2:bcd00e1e8697683759713990d3e40b752e895a0f]
[1:47:27 AM] [yJQAf#5] viyer: joined with identifiers [license:29f0e0445ab3b2bbdc76df476bf591a8bda9373e; discord:510860133148917774; fivem:2221581; license2:29f0e0445ab3b2bbdc76df476bf591a8bda9373e]
[1:49:54 AM] [yJQAf#4] Kino: said "/rob"
[1:49:55 AM] [yJQAf#4] Kino: said "/rob"
[1:49:56 AM] [yJQAf#4] Kino: said "/rob"
[1:49:56 AM] [yJQAf#4] Kino: said "/rob"
[1:49:57 AM] [yJQAf#4] Kino: said "/rob"
[1:49:57 AM] [yJQAf#4] Kino: said "/rob"
[1:49:57 AM] [yJQAf#4] Kino: said "/rob"
[1:49:58 AM] [yJQAf#4] Kino: said "/rob"
[1:50:01 AM] [yJQAf#2] Quik_Fox: said "loooooool rat xD"
[1:50:04 AM] [yJQAf#4] Kino: said "my bad LOL"
[1:51:24 AM] [yJQAf#5] viyer: said "dont go thru all the peds "
[1:51:34 AM] [yJQAf#2] Quik_Fox: said "ooooh ?"
[1:51:39 AM] [yJQAf#5] viyer: said "if you do and crash "
[1:51:46 AM] [yJQAf#5] viyer: said "lemme know which one"
[1:52:52 AM] [yJQAf#2] Quik_Fox: said "oooh okok"
[1:56:10 AM] [yJQAf#5] viyer: said "orangejustice"
[1:57:30 AM] [yJQAf#4] Kino: said "what just happened LOL"
[1:57:46 AM] [yJQAf#4] Kino: said "everytime i press capslock 8 deans spawn lmfao"
[1:58:00 AM] [yJQAf#5] viyer: said "oop"
[1:58:03 AM] [yJQAf#5] viyer: said "wait"
[1:58:10 AM] [yJQAf#2] Quik_Fox: said "WTF looooooooooooooool"
[1:58:14 AM] [yJQAf#5] viyer: said "oof"
[1:58:17 AM] [yJQAf#2] Quik_Fox: said "ITS GODZILLA"
[1:58:29 AM] [yJQAf#5] viyer: said "mechagodzilla"
[1:59:36 AM] [yJQAf#5] viyer: said "emperor"
[1:59:41 AM] [yJQAf#2] Quik_Fox: said "bow to me"
[1:59:42 AM] [yJQAf#2] Quik_Fox: said "XD"
[1:59:56 AM] [yJQAf#2] Quik_Fox: said "holy shitttt"
[2:00:11 AM] [yJQAf#5] viyer: said " you save the ped"
[2:02:13 AM] [yJQAf#4] Kino: caused an explosion (ROCKET)
[2:02:19 AM] [yJQAf#4] Kino: caused an explosion (GRENADELAUNCHER)
[2:02:22 AM] [yJQAf#4] Kino: caused an explosion (GRENADELAUNCHER)
[2:02:24 AM] [yJQAf#4] Kino: caused an explosion (GRENADELAUNCHER)
[2:02:25 AM] [yJQAf#4] Kino: caused an explosion (GRENADELAUNCHER)
[2:02:28 AM] [yJQAf#4] Kino: caused an explosion (GRENADELAUNCHER)
[2:02:30 AM] [yJQAf#4] Kino: caused an explosion (GRENADELAUNCHER)
[2:03:00 AM] [yJQAf#4] Kino: caused an explosion (GAS_CANISTER)
[2:03:00 AM] [yJQAf#5] viyer: said "amother person joining?"
[2:03:07 AM] [yJQAf#4] Kino: said "yah "
[2:03:12 AM] [yJQAf#2] Quik_Fox: said "mhm the new pc guy"
[2:03:14 AM] [yJQAf#4] Kino: said "another one of our friends "
[2:03:40 AM] [yJQAf#5] viyer: said "ooh ok"
[2:03:58 AM] [yJQAf#4] Kino: caused an explosion (ROCKET)
[2:04:06 AM] [yJQAf#4] Kino: caused an explosion (ROCKET)
[2:04:23 AM] [yJQAf#4] Kino: caused an explosion (ROCKET)
[2:05:18 AM] [yJQAf#5] viyer: said "u have noclip"
[2:07:45 AM] [yJQAf#5] viyer: said " ooh kino have ya seen the new bennys?"
[2:08:15 AM] [yJQAf#4] Kino: said "i havent "
[2:08:57 AM] [yJQAf#4] Kino: said "SHEEEEESH"
[2:09:08 AM] [yJQAf#5] viyer: said "b in the car for the menu"
[2:09:26 AM] [yJQAf#4] Kino: said "SHEEEESH BRUH"
[2:09:56 AM] [yJQAf#5] viyer: said "in the car theres actual bennys here"
[2:10:09 AM] [yJQAf#6] Vibes: joined with identifiers [license:2c74110adcc2f7e5920ea5290d31add1411f9415; live:844426426343493; discord:250645937616060426; license2:143016bff8b00ae1e700d58d5d9190ab833176f3]
[2:10:23 AM] [yJQAf#5] viyer: said "/tpall"
[2:10:49 AM] [yJQAf#5] viyer: said "wait"
[2:11:38 AM] [yJQAf#5] viyer: said "is he not in yet?"
[2:11:42 AM] [yJQAf#5] viyer: said "/tp 6"
[2:12:09 AM] [yJQAf#2] Quik_Fox: said "ye prolly jus loadin lots"
[2:12:19 AM] [yJQAf#5] viyer: said "hey "
[2:12:27 AM] [yJQAf#5] viyer: said "get in"
[2:15:33 AM] [yJQAf#5] viyer: said "like the bennys?"
[2:15:44 AM] [yJQAf#4] Kino: said "yea its sick being able to actually see what i am doing "
[2:15:52 AM] [yJQAf#4] Kino: said "i like it a  lot "
[2:15:56 AM] [yJQAf#6] Vibes: disconnected (Exiting)
[2:16:01 AM] [yJQAf#5] viyer: said "oop"
[2:16:06 AM] [yJQAf#2] Quik_Fox: said "hes resetin for settings"
[2:16:10 AM] [yJQAf#2] Quik_Fox: said "hes on a fresh dl of gta"
[2:16:14 AM] [yJQAf#5] viyer: said "ooh okie"
[2:16:32 AM] [yJQAf#7] Vibes: joined with identifiers [license:2c74110adcc2f7e5920ea5290d31add1411f9415; live:844426426343493; discord:250645937616060426; license2:143016bff8b00ae1e700d58d5d9190ab833176f3]
[2:21:44 AM] [yJQAf#5] viyer: said "emote  /e pumping"
[2:22:47 AM] [yJQAf#7] Vibes: said "hey bruv's"
[2:22:54 AM] [yJQAf#5] viyer: said "hey"
[2:23:14 AM] [yJQAf#7] Vibes: said "/emotelist"
[2:23:20 AM] [yJQAf#2] Quik_Fox: said "orangejustice"
[2:23:21 AM] [yJQAf#5] viyer: said " f6"
[2:23:34 AM] [yJQAf#5] viyer: said "f5 *"
[2:23:45 AM] [yJQAf#7] Vibes: said "ty for inviting me in bro"
[2:23:54 AM] [yJQAf#5] viyer: said "its all good"
[2:24:07 AM] [yJQAf#5] viyer: said "itll take some time to load"
[2:26:01 AM] [yJQAf#5] viyer: said "ya see this kino?"
[2:26:15 AM] [yJQAf#4] Kino: said "LOOOOL"
[2:26:25 AM] [yJQAf#4] Kino: said "the igor toilet lmfao"
[2:28:53 AM] [yJQAf#4] Kino: caused an explosion (STICKYBOMB)
[2:28:53 AM] [yJQAf#4] Kino: caused an explosion (BIKE)
[2:28:57 AM] [yJQAf#4] Kino: caused an explosion (STICKYBOMB)
[2:28:57 AM] [yJQAf#2] Quik_Fox: caused an explosion (CAR)
[2:28:58 AM] [yJQAf#5] viyer: said "that thing flies"
[2:29:03 AM] [yJQAf#4] Kino: caused an explosion (STICKYBOMB)
[2:29:06 AM] [yJQAf#4] Kino: caused an explosion (STICKYBOMB)
[2:29:07 AM] [yJQAf#2] Quik_Fox: caused an explosion (CAR)
[2:29:25 AM] [yJQAf#2] Quik_Fox: said "u have 4 door amg ?"
[2:30:04 AM] [yJQAf#2] Quik_Fox: said "or the demon interceptor ?"
[2:30:19 AM] [yJQAf#5] viyer: said "/db"
[2:30:49 AM] [yJQAf#5] viyer: said "/vn"
[2:31:16 AM] [yJQAf#2] Quik_Fox: said "can u spawn camaro interceptor ?"
[2:31:53 AM] [yJQAf#2] Quik_Fox: said "ty"
[2:31:54 AM] [yJQAf#5] viyer: said "camero? interceptor?"
[2:32:05 AM] [yJQAf#2] Quik_Fox: said "this thing im in "
[2:32:10 AM] [yJQAf#2] Quik_Fox: said "i dont kno the names lolol"
[2:32:16 AM] [yJQAf#5] viyer: said "ooh ok"
[2:32:33 AM] [yJQAf#5] viyer: said "the 4 door amg this?"
[2:32:39 AM] [yJQAf#2] Quik_Fox: said "cant see yet"
[2:33:34 AM] [yJQAf#5] viyer: said "yeah that is just a prop"
[2:33:38 AM] [yJQAf#5] viyer: said "kino"
[2:34:36 AM] [yJQAf#5] viyer: said "go to tuner if ya need bennys"
[2:35:36 AM] [yJQAf#5] viyer: said "  put /dv if you are done testing soo it frees up some resourcess"
[2:35:44 AM] [yJQAf#5] viyer: cleared an area with 300m radius
[2:36:44 AM] [yJQAf#7] Vibes: said "THIS IS MY FAVORITE CAR"
[2:36:50 AM] [yJQAf#7] Vibes: said "oops all caps"
[2:37:10 AM] [yJQAf#5] viyer: said "/tpm"
[2:39:43 AM] [yJQAf#5] viyer: said "want the cop?"
[2:40:08 AM] [yJQAf#7] Vibes: said "how u turn siren on the cop car"
[2:40:49 AM] [yJQAf#5] viyer: said "e for lights then alt for sounds"
[2:41:11 AM] [yJQAf#2] Quik_Fox: said "alt is nos"
[2:41:25 AM] [yJQAf#5] viyer: said "yeah that too"
[2:42:54 AM] [yJQAf#5] viyer: said "like the nos"
[2:42:58 AM] [yJQAf#7] Vibes: said "SAME"
[2:43:06 AM] [yJQAf#7] Vibes: said "caps again on oops"
[2:43:36 AM] [yJQAf#5] viyer: said "welp rime for me to sleep"
[2:43:44 AM] [yJQAf#5] viyer: said "welp time for me to sleep"
[2:43:58 AM] [yJQAf#5] viyer: said "sorry couldnt stay on for longer"
[2:44:07 AM] [yJQAf#2] Quik_Fox: said "ur chillen brotha"
[2:44:10 AM] [yJQAf#7] Vibes: said "all good man, thanks for inviting me"
[2:44:14 AM] [yJQAf#5] viyer: said "have an exam tomorrow"
[2:44:21 AM] [yJQAf#7] Vibes: said "oof good luck on it"
[2:44:24 AM] [yJQAf#5] viyer: said "the server should stay up"
[2:44:36 AM] [yJQAf#7] Vibes: said "sounds good man ty sir"
[2:44:36 AM] [yJQAf#5] viyer: said "alight gn"
[2:44:37 AM] [yJQAf#2] Quik_Fox: said "ok bet bet"
[2:44:39 AM] [yJQAf#2] Quik_Fox: said "bye dud :]"
[2:44:40 AM] [yJQAf#5] viyer: disconnected (Exiting)
[2:44:44 AM] [yJQAf#7] Vibes: said "night man have a goiod one"
[2:52:29 AM] [yJQAf#4] Kino: said "/heal"
[2:52:33 AM] [yJQAf#7] Vibes: said "/heal"
[2:52:36 AM] [yJQAf#4] Kino: said "/repair"
[2:52:43 AM] [yJQAf#7] Vibes: said "/fixvuh7"
[2:52:43 AM] [yJQAf#4] Kino: said "/vfx"
[2:52:44 AM] [yJQAf#2] Quik_Fox: said "v fx"
[2:52:55 AM] [yJQAf#7] Vibes: said "/vfx"
[2:53:20 AM] [yJQAf#7] Vibes: said "/vfx"
[3:05:55 AM] [yJQAf#4] Kino: caused an explosion (ROCKET)
[3:05:57 AM] [yJQAf#4] Kino: caused an explosion (CAR)
[3:05:57 AM] [yJQAf#7] Vibes: caused an explosion (CAR)
[3:06:46 AM] [yJQAf#7] Vibes: died from Vehicle Rotors by Quik_Fox
[3:12:28 AM] [yJQAf#4] Kino: caused an explosion (GRENADE)
[3:12:28 AM] [yJQAf#4] Kino: caused an explosion (GRENADE)
[3:12:28 AM] [yJQAf#4] Kino: caused an explosion (GRENADE)
[3:12:28 AM] [yJQAf#4] Kino: caused an explosion (GRENADE)
[3:12:28 AM] [yJQAf#4] Kino: caused an explosion (GRENADE)
[3:12:28 AM] [yJQAf#4] Kino: caused an explosion (GRENADE)
[3:12:28 AM] [yJQAf#4] Kino: caused an explosion (GRENADE)
[3:12:28 AM] [yJQAf#4] Kino: caused an explosion (GRENADE)
[3:12:28 AM] [yJQAf#4] Kino: caused an explosion (GRENADE)
[3:12:28 AM] [yJQAf#4] Kino: caused an explosion (GRENADE)
[3:12:28 AM] [yJQAf#4] Kino: caused an explosion (GRENADE)
[3:12:28 AM] [yJQAf#4] Kino: caused an explosion (GRENADE)
[3:12:28 AM] [yJQAf#4] Kino: caused an explosion (GRENADE)
[3:12:28 AM] [yJQAf#4] Kino: caused an explosion (GRENADE)
[3:12:28 AM] [yJQAf#4] Kino: caused an explosion (GRENADE)
[3:12:28 AM] [yJQAf#4] Kino: caused an explosion (GRENADE)
[3:12:28 AM] [yJQAf#4] Kino: caused an explosion (GRENADE)
[3:12:28 AM] [yJQAf#4] Kino: caused an explosion (GRENADE)
[3:12:28 AM] [yJQAf#4] Kino: caused an explosion (GRENADE)
[3:12:28 AM] [yJQAf#4] Kino: caused an explosion (GRENADE)
[3:12:28 AM] [yJQAf#4] Kino: caused an explosion (GRENADE)
[3:12:28 AM] [yJQAf#4] Kino: caused an explosion (GRENADE)
[3:12:28 AM] [yJQAf#4] Kino: caused an explosion (GRENADE)
[3:12:28 AM] [yJQAf#4] Kino: caused an explosion (GRENADE)
[3:12:28 AM] [yJQAf#4] Kino: caused an explosion (GRENADE)
[3:12:28 AM] [yJQAf#4] Kino: caused an explosion (GRENADE)
[3:12:28 AM] [yJQAf#4] Kino: caused an explosion (GRENADE)
[3:12:28 AM] [yJQAf#4] Kino: caused an explosion (GRENADE)
[3:12:28 AM] [yJQAf#4] Kino: caused an explosion (GRENADE)
[3:12:28 AM] [yJQAf#4] Kino: caused an explosion (GRENADE)
[3:12:28 AM] [yJQAf#4] Kino: caused an explosion (GRENADE)
[3:12:28 AM] [yJQAf#4] Kino: caused an explosion (GRENADE)
[3:12:28 AM] [yJQAf#4] Kino: caused an explosion (GRENADE)
[3:12:28 AM] [yJQAf#4] Kino: caused an explosion (GRENADE)
[3:12:29 AM] [yJQAf#4] Kino: caused an explosion (GRENADE)
[3:12:29 AM] [yJQAf#4] Kino: caused an explosion (GRENADE)
[3:12:29 AM] [yJQAf#4] Kino: caused an explosion (GRENADE)
[3:12:29 AM] [yJQAf#4] Kino: caused an explosion (GRENADE)
[3:12:29 AM] [yJQAf#4] Kino: caused an explosion (GRENADE)
[3:12:29 AM] [yJQAf#4] Kino: caused an explosion (GRENADE)
[3:12:29 AM] [yJQAf#4] Kino: caused an explosion (GRENADE)
[3:12:38 AM] [yJQAf#4] Kino: caused an explosion (GRENADE)
[3:12:38 AM] [yJQAf#4] Kino: caused an explosion (GRENADE)
[3:12:38 AM] [yJQAf#4] Kino: caused an explosion (GRENADE)
[3:12:38 AM] [yJQAf#4] Kino: caused an explosion (GRENADE)
[3:12:38 AM] [yJQAf#4] Kino: caused an explosion (GRENADE)
[3:12:39 AM] [yJQAf#4] Kino: caused an explosion (GRENADE)
[3:12:39 AM] [yJQAf#4] Kino: caused an explosion (GRENADE)
[3:12:39 AM] [yJQAf#4] Kino: caused an explosion (GRENADE)
[3:12:39 AM] [yJQAf#4] Kino: caused an explosion (GRENADE)
[3:12:39 AM] [yJQAf#4] Kino: caused an explosion (GRENADE)
[3:12:39 AM] [yJQAf#4] Kino: caused an explosion (GRENADE)
[3:12:39 AM] [yJQAf#4] Kino: caused an explosion (GRENADE)
[3:12:39 AM] [yJQAf#4] Kino: caused an explosion (GRENADE)
[3:12:39 AM] [yJQAf#4] Kino: caused an explosion (GRENADE)
[3:12:39 AM] [yJQAf#4] Kino: caused an explosion (GRENADE)
[3:12:39 AM] [yJQAf#4] Kino: caused an explosion (GRENADE)
[3:12:39 AM] [yJQAf#4] Kino: caused an explosion (GRENADE)
[3:12:39 AM] [yJQAf#4] Kino: caused an explosion (GRENADE)
[3:12:39 AM] [yJQAf#4] Kino: caused an explosion (GRENADE)
[3:12:39 AM] [yJQAf#4] Kino: caused an explosion (GRENADE)
[3:12:39 AM] [yJQAf#4] Kino: caused an explosion (GRENADE)
[3:12:39 AM] [yJQAf#4] Kino: caused an explosion (GRENADE)
[3:12:39 AM] [yJQAf#4] Kino: caused an explosion (GRENADE)
[3:12:40 AM] [yJQAf#4] Kino: caused an explosion (GRENADE)
[3:12:40 AM] [yJQAf#4] Kino: caused an explosion (GRENADE)
[3:12:40 AM] [yJQAf#4] Kino: caused an explosion (GRENADE)
[3:12:40 AM] [yJQAf#4] Kino: caused an explosion (GRENADE)
[3:12:40 AM] [yJQAf#4] Kino: caused an explosion (GRENADE)
[3:12:40 AM] [yJQAf#4] Kino: caused an explosion (GRENADE)
[3:12:40 AM] [yJQAf#4] Kino: caused an explosion (GRENADE)
[3:12:40 AM] [yJQAf#4] Kino: caused an explosion (GRENADE)
[3:12:40 AM] [yJQAf#4] Kino: caused an explosion (GRENADE)
[3:12:40 AM] [yJQAf#4] Kino: caused an explosion (GRENADE)
[3:12:40 AM] [yJQAf#4] Kino: caused an explosion (GRENADE)
[3:12:40 AM] [yJQAf#4] Kino: caused an explosion (GRENADE)
[3:12:40 AM] [yJQAf#4] Kino: caused an explosion (GRENADE)
[3:12:40 AM] [yJQAf#4] Kino: caused an explosion (GRENADE)
[3:12:40 AM] [yJQAf#4] Kino: caused an explosion (GRENADE)
[3:12:46 AM] [yJQAf#4] Kino: caused an explosion (GRENADE)
[3:12:46 AM] [yJQAf#4] Kino: caused an explosion (GRENADE)
[3:12:46 AM] [yJQAf#4] Kino: caused an explosion (GRENADE)
[3:12:46 AM] [yJQAf#4] Kino: caused an explosion (GRENADE)
[3:12:46 AM] [yJQAf#4] Kino: caused an explosion (GRENADE)
[3:12:46 AM] [yJQAf#4] Kino: caused an explosion (GRENADE)
[3:12:46 AM] [yJQAf#4] Kino: caused an explosion (GRENADE)
[3:12:46 AM] [yJQAf#4] Kino: caused an explosion (GRENADE)
[3:12:46 AM] [yJQAf#4] Kino: caused an explosion (GRENADE)
[3:12:46 AM] [yJQAf#4] Kino: caused an explosion (GRENADE)
[3:12:46 AM] [yJQAf#4] Kino: caused an explosion (GRENADE)
[3:12:46 AM] [yJQAf#4] Kino: caused an explosion (GRENADE)
[3:12:47 AM] [yJQAf#4] Kino: caused an explosion (GRENADE)
[3:12:47 AM] [yJQAf#4] Kino: caused an explosion (GRENADE)
[3:12:47 AM] [yJQAf#4] Kino: caused an explosion (GRENADE)
[3:12:47 AM] [yJQAf#4] Kino: caused an explosion (GRENADE)
[3:12:47 AM] [yJQAf#4] Kino: caused an explosion (GRENADE)
[3:12:47 AM] [yJQAf#4] Kino: caused an explosion (GRENADE)
[3:12:47 AM] [yJQAf#4] Kino: caused an explosion (GRENADE)
[3:12:47 AM] [yJQAf#4] Kino: caused an explosion (GRENADE)
[3:12:47 AM] [yJQAf#4] Kino: caused an explosion (GRENADE)
[3:12:47 AM] [yJQAf#4] Kino: caused an explosion (GRENADE)
[3:12:47 AM] [yJQAf#4] Kino: caused an explosion (GRENADE)
[3:12:47 AM] [yJQAf#4] Kino: caused an explosion (GRENADE)
[3:15:03 AM] [yJQAf#2] Quik_Fox: caused an explosion (PLANE)
[3:15:03 AM] [yJQAf#2] Quik_Fox: died from suicide (Explosion)
[3:22:14 AM] [yJQAf#4] Kino: died from suicide (Pistol)
[3:26:16 AM] [yJQAf#4] Kino: died from suicide (Rammed by Vehicle)
[3:31:02 AM] [yJQAf#4] Kino: caused an explosion (GRENADE)
[3:31:03 AM] [yJQAf#2] Quik_Fox: caused an explosion (CAR)
[3:31:04 AM] [yJQAf#4] Kino: caused an explosion (GRENADE)
[3:31:04 AM] [yJQAf#2] Quik_Fox: caused an explosion (CAR)
[3:31:04 AM] [yJQAf#2] Quik_Fox: caused an explosion (CAR)
[3:33:37 AM] [yJQAf#7] Vibes: died from suicide (Pistol)
[3:33:54 AM] [yJQAf#2] Quik_Fox: died from suicide (Pistol)
[3:34:56 AM] [yJQAf#4] Kino: died from suicide (Pistol)
[3:36:05 AM] [yJQAf#7] Vibes: caused an explosion (CAR)
[3:38:58 AM] [yJQAf#7] Vibes: said "/bm"
[3:49:21 AM] [yJQAf#4] Kino: disconnected ([txAdmin] Server restarting (requested by viyer).)
[3:49:21 AM] [yJQAf#2] Quik_Fox: disconnected ([txAdmin] Server restarting (requested by viyer).)
[3:49:21 AM] [yJQAf#7] Vibes: disconnected ([txAdmin] Server restarting (requested by viyer).)
[3:49:55 AM] txAdmin: Logger started
[7:03:40 AM] [YjMBe#1] Quik_Fox: joined with identifiers [license:12c58143de39c9aef8cef546bef24d78784103bc; xbl:2535440826079666; live:844428682272986; discord:177231001112543232; fivem:3020530; license2:12c58143de39c9aef8cef546bef24d78784103bc]
[7:07:36 AM] [YjMBe#1] Quik_Fox: disconnected (Exiting)
[1:45:37 PM] [YjMBe#2] viyer: joined with identifiers [license:29f0e0445ab3b2bbdc76df476bf591a8bda9373e; discord:510860133148917774; fivem:2221581; license2:29f0e0445ab3b2bbdc76df476bf591a8bda9373e]
[1:55:55 PM] [YjMBe#2] viyer: caused an explosion (HUNTER_BARRAGE)
[1:55:59 PM] [YjMBe#2] viyer: caused an explosion (HUNTER_BARRAGE)
[1:55:59 PM] [YjMBe#2] viyer: caused an explosion (HUNTER_BARRAGE)
[1:55:59 PM] [YjMBe#2] viyer: caused an explosion (HUNTER_BARRAGE)
[1:56:00 PM] [YjMBe#2] viyer: caused an explosion (HUNTER_BARRAGE)
[1:56:00 PM] [YjMBe#2] viyer: caused an explosion (HUNTER_BARRAGE)
[1:56:00 PM] [YjMBe#2] viyer: caused an explosion (HUNTER_BARRAGE)
[1:56:03 PM] [YjMBe#2] viyer: caused an explosion (HUNTER_BARRAGE)
[1:56:03 PM] [YjMBe#2] viyer: caused an explosion (HUNTER_BARRAGE)
[1:56:03 PM] [YjMBe#2] viyer: caused an explosion (HUNTER_BARRAGE)
[1:56:03 PM] [YjMBe#2] viyer: caused an explosion (HUNTER_BARRAGE)
[1:56:04 PM] [YjMBe#2] viyer: caused an explosion (HUNTER_BARRAGE)
[1:56:04 PM] [YjMBe#2] viyer: caused an explosion (HUNTER_BARRAGE)
[1:56:04 PM] [YjMBe#2] viyer: caused an explosion (HUNTER_BARRAGE)
[1:56:11 PM] [YjMBe#2] viyer: caused an explosion (HUNTER_BARRAGE)
[1:56:11 PM] [YjMBe#2] viyer: caused an explosion (HUNTER_BARRAGE)
[1:56:11 PM] [YjMBe#2] viyer: caused an explosion (HUNTER_BARRAGE)
[1:56:11 PM] [YjMBe#2] viyer: caused an explosion (HUNTER_BARRAGE)
[1:56:11 PM] [YjMBe#2] viyer: caused an explosion (HUNTER_BARRAGE)
[1:56:11 PM] [YjMBe#2] viyer: caused an explosion (HUNTER_BARRAGE)
[1:56:11 PM] [YjMBe#2] viyer: caused an explosion (HUNTER_BARRAGE)
[1:56:30 PM] [YjMBe#2] viyer: caused an explosion (HUNTER_BARRAGE)
[1:56:30 PM] [YjMBe#2] viyer: caused an explosion (HUNTER_BARRAGE)
[1:56:30 PM] [YjMBe#2] viyer: caused an explosion (HUNTER_BARRAGE)
[1:56:30 PM] [YjMBe#2] viyer: caused an explosion (HUNTER_BARRAGE)
[1:56:30 PM] [YjMBe#2] viyer: caused an explosion (HUNTER_BARRAGE)
[1:56:30 PM] [YjMBe#2] viyer: caused an explosion (HUNTER_BARRAGE)
[1:56:31 PM] [YjMBe#2] viyer: caused an explosion (HUNTER_BARRAGE)
[1:56:34 PM] [YjMBe#2] viyer: caused an explosion (HUNTER_BARRAGE)
[1:56:35 PM] [YjMBe#2] viyer: caused an explosion (HUNTER_BARRAGE)
[1:56:35 PM] [YjMBe#2] viyer: caused an explosion (HUNTER_BARRAGE)
[1:56:35 PM] [YjMBe#2] viyer: caused an explosion (HUNTER_BARRAGE)
[1:56:35 PM] [YjMBe#2] viyer: caused an explosion (HUNTER_BARRAGE)
[1:56:35 PM] [YjMBe#2] viyer: caused an explosion (HUNTER_BARRAGE)
[1:56:35 PM] [YjMBe#2] viyer: caused an explosion (HUNTER_BARRAGE)
[1:56:39 PM] [YjMBe#2] viyer: caused an explosion (HUNTER_BARRAGE)
[1:56:39 PM] [YjMBe#2] viyer: caused an explosion (HUNTER_BARRAGE)
[1:56:40 PM] [YjMBe#2] viyer: caused an explosion (HUNTER_BARRAGE)
[1:56:41 PM] [YjMBe#2] viyer: caused an explosion (HUNTER_BARRAGE)
[1:56:41 PM] [YjMBe#2] viyer: caused an explosion (HUNTER_BARRAGE)
[1:56:41 PM] [YjMBe#2] viyer: caused an explosion (HUNTER_BARRAGE)
[1:56:41 PM] [YjMBe#2] viyer: caused an explosion (HUNTER_BARRAGE)
[1:56:44 PM] [YjMBe#2] viyer: caused an explosion (HUNTER_BARRAGE)
[1:56:44 PM] [YjMBe#2] viyer: caused an explosion (HUNTER_BARRAGE)
[1:56:44 PM] [YjMBe#2] viyer: caused an explosion (HUNTER_BARRAGE)
[1:56:45 PM] [YjMBe#2] viyer: caused an explosion (HUNTER_BARRAGE)
[1:56:45 PM] [YjMBe#2] viyer: caused an explosion (HUNTER_BARRAGE)
[1:56:45 PM] [YjMBe#2] viyer: caused an explosion (HUNTER_BARRAGE)
[1:56:45 PM] [YjMBe#2] viyer: caused an explosion (HUNTER_BARRAGE)
[1:58:26 PM] [YjMBe#2] viyer: caused an explosion (HUNTER_BARRAGE)
[1:58:26 PM] [YjMBe#2] viyer: caused an explosion (HUNTER_BARRAGE)
[1:58:26 PM] [YjMBe#2] viyer: caused an explosion (HUNTER_BARRAGE)
[1:58:26 PM] [YjMBe#2] viyer: caused an explosion (HUNTER_BARRAGE)
[1:58:26 PM] [YjMBe#2] viyer: caused an explosion (HUNTER_BARRAGE)
[1:58:26 PM] [YjMBe#2] viyer: caused an explosion (HUNTER_BARRAGE)
[1:58:26 PM] [YjMBe#2] viyer: caused an explosion (HUNTER_BARRAGE)
[1:58:48 PM] [YjMBe#2] viyer: caused an explosion (HUNTER_BARRAGE)
[1:58:49 PM] [YjMBe#2] viyer: caused an explosion (HUNTER_BARRAGE)
[2:08:53 PM] [YjMBe#2] viyer: deleted a vehicle
[2:09:18 PM] [YjMBe#2] viyer: spawned a vehicle (model: c7)
[2:10:26 PM] [YjMBe#2] viyer: disconnected (Exiting)
[7:39:08 PM] [YjMBe#3] viyer: joined with identifiers [license:29f0e0445ab3b2bbdc76df476bf591a8bda9373e; discord:510860133148917774; fivem:2221581; license2:29f0e0445ab3b2bbdc76df476bf591a8bda9373e]
[7:48:25 PM] [YjMBe#3] viyer: said "/ecstatue"
[7:57:14 PM] [YjMBe#3] viyer: caused an explosion (GRENADELAUNCHER)
[7:57:15 PM] [YjMBe#3] viyer: caused an explosion (GRENADELAUNCHER)
[7:57:25 PM] [YjMBe#3] viyer: caused an explosion (GRENADELAUNCHER)
[7:57:28 PM] [YjMBe#3] viyer: caused an explosion (GRENADELAUNCHER)
[7:57:31 PM] [YjMBe#3] viyer: caused an explosion (GRENADELAUNCHER)
[8:10:19 PM] [YjMBe#3] viyer: said "dv"
[8:11:52 PM] [YjMBe#3] viyer: caused an explosion (GRENADELAUNCHER)
[8:11:56 PM] [YjMBe#3] viyer: caused an explosion (GRENADELAUNCHER)
[8:11:59 PM] [YjMBe#3] viyer: caused an explosion (GRENADELAUNCHER)
[8:12:06 PM] [YjMBe#3] viyer: caused an explosion (ROCKET)
[8:12:19 PM] [YjMBe#3] viyer: caused an explosion (ROCKET)
[8:12:24 PM] [YjMBe#3] viyer: caused an explosion (ROCKET)
[8:12:28 PM] [YjMBe#3] viyer: caused an explosion (ROCKET)
[8:12:33 PM] [YjMBe#3] viyer: caused an explosion (ROCKET)
[8:12:41 PM] [YjMBe#3] viyer: caused an explosion (ROCKET)
[8:16:02 PM] [YjMBe#3] viyer: caused an explosion (GRENADE)
[8:16:03 PM] [YjMBe#3] viyer: caused an explosion (ROCKET)
[8:16:07 PM] [YjMBe#3] viyer: caused an explosion (ROCKET)
[8:16:09 PM] [YjMBe#3] viyer: caused an explosion (ROCKET)
[8:18:47 PM] [YjMBe#3] viyer: disconnected (Exiting)
[9:26:58 PM] [YjMBe#4] viyer: joined with identifiers [license:29f0e0445ab3b2bbdc76df476bf591a8bda9373e; discord:510860133148917774; fivem:2221581; license2:29f0e0445ab3b2bbdc76df476bf591a8bda9373e]
[9:58:12 PM] [YjMBe#4] viyer: caused an explosion (PLANE_ROCKET)
[9:58:13 PM] [YjMBe#4] viyer: caused an explosion (PLANE_ROCKET)
[9:58:18 PM] [YjMBe#4] viyer: caused an explosion (PLANE_ROCKET)
[10:00:36 PM] [YjMBe#4] viyer: caused an explosion (PLANE_ROCKET)
[10:00:47 PM] [YjMBe#4] viyer: caused an explosion (PLANE_ROCKET)
[10:00:48 PM] [YjMBe#4] viyer: caused an explosion (PLANE)
[10:01:02 PM] [YjMBe#4] viyer: caused an explosion (PLANE_ROCKET)
[10:01:07 PM] [YjMBe#4] viyer: caused an explosion (PLANE)
[10:01:07 PM] [YjMBe#4] viyer: caused an explosion (PLANE)
[10:01:16 PM] [YjMBe#4] viyer: caused an explosion (PLANE_ROCKET)
[10:01:28 PM] [YjMBe#4] viyer: caused an explosion (PLANE_ROCKET)
[10:01:51 PM] [YjMBe#4] viyer: caused an explosion (GRENADELAUNCHER)
[10:01:51 PM] [YjMBe#4] viyer: caused an explosion (CAR)
[10:01:54 PM] [YjMBe#4] viyer: caused an explosion (GRENADELAUNCHER)
[10:01:54 PM] [YjMBe#4] viyer: caused an explosion (CAR)
[10:02:00 PM] [YjMBe#4] viyer: caused an explosion (GRENADELAUNCHER)
[10:02:04 PM] [YjMBe#4] viyer: caused an explosion (GRENADELAUNCHER)
[10:02:04 PM] [YjMBe#4] viyer: caused an explosion (CAR)
[10:02:09 PM] [YjMBe#4] viyer: caused an explosion (GRENADELAUNCHER)
[10:02:11 PM] [YjMBe#4] viyer: caused an explosion (GRENADELAUNCHER)
[10:02:34 PM] [YjMBe#4] viyer: caused an explosion (RAILGUN)
[10:02:34 PM] [YjMBe#4] viyer: caused an explosion (CAR)
[10:02:38 PM] [YjMBe#4] viyer: caused an explosion (RAILGUN)
[10:02:38 PM] [YjMBe#4] viyer: caused an explosion (CAR)
[10:02:41 PM] [YjMBe#4] viyer: caused an explosion (RAILGUN)
[10:02:44 PM] [YjMBe#4] viyer: caused an explosion (RAILGUN)
[10:02:44 PM] [YjMBe#4] viyer: caused an explosion (CAR)
[10:02:47 PM] [YjMBe#4] viyer: caused an explosion (RAILGUN)
[10:02:51 PM] [YjMBe#4] viyer: caused an explosion (RAILGUN)
[10:02:52 PM] [YjMBe#4] viyer: caused an explosion (RAILGUN)
[10:02:52 PM] [YjMBe#4] viyer: caused an explosion (CAR)
[10:03:25 PM] [YjMBe#4] viyer: caused an explosion (RAILGUN)
[10:03:25 PM] [YjMBe#4] viyer: caused an explosion (CAR)
[10:03:28 PM] [YjMBe#4] viyer: caused an explosion (RAILGUN)
[10:03:28 PM] [YjMBe#4] viyer: caused an explosion (CAR)
[10:03:39 PM] [YjMBe#4] viyer: caused an explosion (RAILGUN)
[10:03:41 PM] [YjMBe#4] viyer: caused an explosion (RAILGUN)
[10:03:42 PM] [YjMBe#4] viyer: caused an explosion (RAILGUN)
[10:03:42 PM] [YjMBe#4] viyer: caused an explosion (CAR)
[10:04:48 PM] [YjMBe#4] viyer: caused an explosion (PLANE)
[10:07:32 PM] [YjMBe#4] viyer: caused an explosion (GRENADELAUNCHER)
[10:07:32 PM] [YjMBe#4] viyer: caused an explosion (CAR)
[10:07:34 PM] [YjMBe#4] viyer: caused an explosion (GRENADELAUNCHER)
[10:07:34 PM] [YjMBe#4] viyer: caused an explosion (CAR)
[10:07:37 PM] [YjMBe#4] viyer: caused an explosion (GRENADELAUNCHER)
[10:07:39 PM] [YjMBe#4] viyer: caused an explosion (GRENADELAUNCHER)
[10:07:46 PM] [YjMBe#4] viyer: caused an explosion (GRENADELAUNCHER)
[10:07:48 PM] [YjMBe#4] viyer: caused an explosion (GRENADELAUNCHER)
[10:10:48 PM] [YjMBe#4] viyer: disconnected (Exiting)
