
================================================================
======== Log Rotated - 11/28/2022, 12:00:00 AM                  
================================================================
[12:48:55 AM] [z9cA8#2] viyer: said "/justice"
[12:49:00 AM] [z9cA8#2] viyer: said "/je ustice"
[12:53:08 AM] [z9cA8#3] Quik_Fox: joined with identifiers [license:12c58143de39c9aef8cef546bef24d78784103bc; xbl:2535440826079666; live:844428682272986; discord:177231001112543232; fivem:3020530; license2:12c58143de39c9aef8cef546bef24d78784103bc]
[12:54:04 AM] [z9cA8#2] viyer: said "hi"
[12:55:20 AM] [z9cA8#3] Quik_Fox: said "ayo"
[12:55:39 AM] [z9cA8#2] viyer: said "get in the car and put /vm"
[12:56:09 AM] [z9cA8#3] Quik_Fox: said "beauty"
[12:56:21 AM] [z9cA8#3] Quik_Fox: said "u can trick the game wit this one"
[12:56:33 AM] [z9cA8#3] Quik_Fox: said "is there a way to hotkey that"
[12:56:34 AM] [z9cA8#2] viyer: said "go to the bennys near the pdm"
[12:56:47 AM] [z9cA8#2] viyer: said "yeah will get that woking soon"
[12:57:18 AM] [z9cA8#3] Quik_Fox: said "hehehe"
[12:57:22 AM] [z9cA8#2] viyer: said "yep"
[12:57:23 AM] [z9cA8#3] Quik_Fox: said "u kno that trick ?"
[12:57:31 AM] [z9cA8#2] viyer: said "yeah neutren uses it"
[12:57:35 AM] [z9cA8#2] viyer: said "go to the bennys near the pdm"
[12:58:33 AM] [z9cA8#3] Quik_Fox: said "dangggg"
[12:58:38 AM] [z9cA8#2] viyer: said "go in"
[12:58:42 AM] [z9cA8#3] Quik_Fox: said "i cant see in"
[12:58:46 AM] [z9cA8#2] viyer: said "ok"
[12:58:55 AM] [z9cA8#3] Quik_Fox: said "the door is swag"
[12:59:05 AM] [z9cA8#2] viyer: said "yep"
[12:59:29 AM] [z9cA8#2] viyer: said "e here for bennys"
[12:59:43 AM] [z9cA8#2] viyer: said "in the car"
[1:00:11 AM] [z9cA8#3] Quik_Fox: said "loaded"
[1:00:54 AM] [z9cA8#3] Quik_Fox: said "swag"
[1:01:32 AM] [z9cA8#2] viyer: said "yeah that dosent open"
[1:01:39 AM] [z9cA8#3] Quik_Fox: said "still clean"
[1:01:50 AM] [z9cA8#2] viyer: said "bennys here"
[1:02:00 AM] [z9cA8#3] Quik_Fox: said "ye i kno lol"
[1:02:11 AM] [z9cA8#2] viyer: said "ya see me?"
[1:02:15 AM] [z9cA8#3] Quik_Fox: said "batman lol"
[1:04:03 AM] [z9cA8#2] viyer: said "hey ratboi here"
[1:06:14 AM] [z9cA8#3] Quik_Fox: said "rat wit a gat"
[1:07:36 AM] [z9cA8#2] viyer: said "yep"
[1:08:10 AM] [z9cA8#3] Quik_Fox: said "I miss leslie lol"
[1:08:28 AM] [z9cA8#2] viyer: said "yeah i miss both lang and lesile"
[1:09:10 AM] [z9cA8#3] Quik_Fox: said "got a funny pic lol"
[1:09:25 AM] [z9cA8#3] Quik_Fox: said "an yeee stoked for his return"
[1:12:03 AM] [z9cA8#2] viyer: said "yoo"
[1:13:07 AM] [z9cA8#3] Quik_Fox: said "lolol nice"
[1:15:19 AM] [z9cA8#2] viyer: said "/loser"
[1:16:37 AM] [z9cA8#3] Quik_Fox: said "come do it beside me xD"
[1:16:40 AM] [z9cA8#3] Quik_Fox: said "im makin a gif"
[1:16:45 AM] [z9cA8#2] viyer: said "ok"
[1:17:26 AM] [z9cA8#2] viyer: said "pumping"
[1:17:29 AM] [z9cA8#3] Quik_Fox: said "lolol"
[1:17:41 AM] [z9cA8#3] Quik_Fox: said "/loser"
[1:17:52 AM] [z9cA8#3] Quik_Fox: said "hm the loop"
[1:25:23 AM] [z9cA8#2] viyer: said "yeah fixing that"
[1:26:43 AM] [z9cA8#2] viyer: said "go to tuner"
[1:26:52 AM] [z9cA8#2] viyer: said " it also got bennys"
[1:28:29 AM] [z9cA8#2] viyer: said "/tm"
[1:31:24 AM] [z9cA8#2] viyer: said "also the court house is in"
[1:31:31 AM] [z9cA8#2] viyer: said "the comic book store"
[1:31:44 AM] [z9cA8#3] Quik_Fox: said "lol nice"
[1:31:50 AM] [z9cA8#3] Quik_Fox: said "more lag yay ;-;"
[1:31:52 AM] [z9cA8#3] Quik_Fox: said "LOL"
[1:31:56 AM] [z9cA8#2] viyer: said "naah"
[1:32:01 AM] [z9cA8#2] viyer: said "not that much"
[1:32:03 AM] [z9cA8#3] Quik_Fox: said "Very much so LOL"
[1:32:11 AM] [z9cA8#3] Quik_Fox: said "My frames go to 20 passing MLOs"
[1:32:15 AM] [z9cA8#2] viyer: said "you laggy??"
[1:32:20 AM] [z9cA8#3] Quik_Fox: said "frames "
[1:32:25 AM] [z9cA8#2] viyer: said "ooh"
[1:32:37 AM] [z9cA8#3] Quik_Fox: said "it loads the whole mlo everytime"
[1:32:42 AM] [z9cA8#3] Quik_Fox: said "and also shades it"
[1:32:50 AM] [z9cA8#2] viyer: said "if ya want ill disable it"
[1:32:57 AM] [z9cA8#3] Quik_Fox: said "ur server I dont care xp"
[1:33:17 AM] [z9cA8#2] viyer: said "i just loaded the ones that are optimized"
[1:36:29 AM] [z9cA8#3] Quik_Fox: said "brb"
[1:36:45 AM] [z9cA8#2] viyer: said "okie"
[1:46:33 AM] [z9cA8#2] viyer: said "/ec"
[1:48:41 AM] [z9cA8#3] Quik_Fox: said "lolol wtf"
[1:51:25 AM] [z9cA8#2] viyer: said "sorry needed to restart dp emotes"
[1:52:35 AM] [z9cA8#3] Quik_Fox: said "can I spawn locals "
[1:53:07 AM] [z9cA8#2] viyer: said "shoulda been increased now"
[1:54:04 AM] [z9cA8#3] Quik_Fox: said "nice"
[1:54:38 AM] [z9cA8#2] viyer: said "hate locals soo kept thaem at 0"
[1:55:16 AM] [z9cA8#3] Quik_Fox: said "feels empty without them tho lol"
[1:55:23 AM] [z9cA8#3] Quik_Fox: said "nothin to dodge jus a dead city xD"
[1:56:46 AM] [z9cA8#2] viyer: said "did ya see the bennys?"
[2:00:13 AM] [z9cA8#3] Quik_Fox: said "mhm noice"
[2:03:26 AM] [z9cA8#3] Quik_Fox: said "haha ty"
[2:04:06 AM] [z9cA8#3] Quik_Fox: said "this is my building on my server"
[2:04:38 AM] [z9cA8#2] viyer: said "also big m garage from the f1 mission is in"
[2:04:49 AM] [z9cA8#3] Quik_Fox: said "its got a warehouse in there an a garage in the openin spot "
[2:05:00 AM] [z9cA8#2] viyer: said "the one near the purple dino"
[2:08:28 AM] [z9cA8#3] Quik_Fox: said "lolol wtf"
[2:09:35 AM] [z9cA8#2] viyer: said "yo see them?"
[2:09:58 AM] [z9cA8#3] Quik_Fox: said "yes"
[2:10:04 AM] [z9cA8#2] viyer: said "ooh"
[2:10:19 AM] [z9cA8#2] viyer: said "i thought they were cient side"
[2:10:21 AM] [z9cA8#2] viyer: said "op"
[2:10:43 AM] [z9cA8#2] viyer: said " g /apearmy for your bodyguards"
[2:12:10 AM] [z9cA8#2] viyer: said "nios"
[2:14:03 AM] [z9cA8#2] viyer: caused an explosion (GRENADELAUNCHER)
[2:14:38 AM] [z9cA8#3] Quik_Fox: said "damn i did it again to this side hahaha"
[2:14:41 AM] [z9cA8#3] Quik_Fox: said "fuckin wicked"
[2:18:47 AM] [z9cA8#2] viyer: caused an explosion (GRENADELAUNCHER)
[2:21:14 AM] [z9cA8#2] viyer: disconnected (Server->client connection timed out. Last seen 42669 msec ago.)
[2:22:17 AM] [z9cA8#4] viyer: joined with identifiers [license:29f0e0445ab3b2bbdc76df476bf591a8bda9373e; discord:510860133148917774; fivem:2221581; license2:29f0e0445ab3b2bbdc76df476bf591a8bda9373e]
[2:23:21 AM] [z9cA8#3] Quik_Fox: said "wb"
[2:24:36 AM] [z9cA8#4] viyer: said "yoo"
[2:24:41 AM] [z9cA8#4] viyer: said "head popd"
[2:25:58 AM] [z9cA8#4] viyer: said "use nos"
[2:26:08 AM] [z9cA8#4] viyer: said "disable traffic?"
[2:26:19 AM] [z9cA8#3] Quik_Fox: said "dont need nos rofl"
[2:26:43 AM] [z9cA8#4] viyer: said "nice"
[2:26:43 AM] [z9cA8#3] Quik_Fox: said "aww"
[2:27:03 AM] [z9cA8#4] viyer: said "almost clean"
[2:27:34 AM] [z9cA8#3] Quik_Fox: said "holy shit KEKW"
[2:27:51 AM] [z9cA8#4] viyer: said "heh"
[2:28:39 AM] [z9cA8#3] Quik_Fox: said "woah"
[2:28:42 AM] [z9cA8#4] viyer: said "oop"
[2:28:43 AM] [z9cA8#3] Quik_Fox: said "grind wicked"
[2:28:58 AM] [z9cA8#3] Quik_Fox: said "surely this time"
[2:29:13 AM] [z9cA8#4] viyer: said "desync is too much"
[2:29:42 AM] [z9cA8#3] Quik_Fox: said "oof"
[2:29:45 AM] [z9cA8#3] Quik_Fox: said "ded"
[2:30:36 AM] [z9cA8#4] viyer: said "all the best"
[2:32:02 AM] [z9cA8#4] viyer: said "some cars the purge is scuffed"
[2:32:43 AM] [z9cA8#4] viyer: said "this bennys is soduko garage too"
[2:32:54 AM] [z9cA8#4] viyer: said "the old np bennys"
[2:33:01 AM] [z9cA8#3] Quik_Fox: said "ah nicenice"
[2:33:06 AM] [z9cA8#4] viyer: said "yep"
[2:35:37 AM] [z9cA8#4] viyer: said "oof"
[2:36:07 AM] [z9cA8#4] viyer: said "/spawnven r8v10"
[2:42:42 AM] [z9cA8#4] viyer: said "have you seen the cg caves?"
[2:43:57 AM] [z9cA8#3] Quik_Fox: said "mhm"
[2:44:17 AM] [z9cA8#3] Quik_Fox: said "ok then rofl"
[2:44:48 AM] [z9cA8#3] Quik_Fox: said "was done wit that car anyways"
[2:45:15 AM] [z9cA8#4] viyer: said "some new cars in too"
[2:45:38 AM] [z9cA8#4] viyer: said "made by raided"
[2:48:25 AM] [z9cA8#3] Quik_Fox: disconnected (Game crashed: GTA5_b2545.exe!sub_1406119BC (0x24))

================================================================
======== txAdmin Starting - 11/28/2022, 5:59:37 PM              
================================================================
[6:00:46 PM] txAdmin: Logger started
[6:01:17 PM] [4WzH3#1] viyer: joined with identifiers [license:29f0e0445ab3b2bbdc76df476bf591a8bda9373e; discord:510860133148917774; fivem:2221581; license2:29f0e0445ab3b2bbdc76df476bf591a8bda9373e]
[6:10:09 PM] [4WzH3#1] viyer: disconnected (Exiting)

================================================================
======== txAdmin Starting - 11/28/2022, 11:22:27 PM             
================================================================
[11:22:58 PM] txAdmin: Logger started

================================================================
======== txAdmin Starting - 11/28/2022, 11:45:02 PM             
================================================================
[11:45:27 PM] txAdmin: Logger started
