
================================================================
======== txAdmin Starting - 12/4/2022, 12:17:01 AM              
================================================================

================================================================
======== Log Rotated - 12/4/2022, 12:17:01 AM                   
================================================================
[12:17:42 AM] txAdmin: Logger started
[1:36:35 AM] [biqdi#1] vishal: joined with identifiers [license:29f0e0445ab3b2bbdc76df476bf591a8bda9373e; xbl:2535412758763280; live:844425087668275; discord:510860133148917774; license2:29f0e0445ab3b2bbdc76df476bf591a8bda9373e]
[1:38:49 AM] [biqdi#1] vishal: said "/bennys"
[1:38:59 AM] [biqdi#1] vishal: said "/bennys"
[1:41:59 AM] [biqdi#1] vishal: said "/bennys"
[1:43:07 AM] [biqdi#1] vishal: said "/bennys"
[1:54:47 AM] [biqdi#1] vishal: said "/bennys"
[1:56:42 AM] [biqdi#1] vishal: said "/bennys"
[1:58:16 AM] [biqdi#1] vishal: said "/bennys"
[1:58:19 AM] [biqdi#1] vishal: said "/bennys"
[2:04:52 AM] [biqdi#1] vishal: disconnected (Exiting)
[2:21:41 AM] [biqdi#2] vishal: joined with identifiers [license:29f0e0445ab3b2bbdc76df476bf591a8bda9373e; xbl:2535412758763280; live:844425087668275; discord:510860133148917774; license2:29f0e0445ab3b2bbdc76df476bf591a8bda9373e]
[2:31:12 AM] [biqdi#2] vishal: disconnected (Exiting)

================================================================
======== txAdmin Starting - 12/4/2022, 11:51:08 PM              
================================================================
[11:53:33 PM] txAdmin: Logger started

================================================================
======== txAdmin Starting - 12/4/2022, 11:55:25 PM              
================================================================
[11:56:06 PM] txAdmin: Logger started
