
================================================================
======== Log Rotated - 10/9/2022, 12:00:00 AM                   
================================================================
[12:04:49 AM] [G9Jhx#1] Shiva: disconnected (Game crashed: RAGE error: ERR_MEM_EMBEDDEDALLOC_GUARD_5)
[12:13:54 AM] [G9Jhx#2] Shiva: joined with identifiers [license:29f0e0445ab3b2bbdc76df476bf591a8bda9373e; fivem:2221581; license2:29f0e0445ab3b2bbdc76df476bf591a8bda9373e]
[12:39:07 AM] [G9Jhx#2] Shiva: caused an explosion (CAR)
[12:39:19 AM] [G9Jhx#2] Shiva: caused an explosion (CAR)
[12:39:25 AM] [G9Jhx#2] Shiva: caused an explosion (CAR)
[12:39:38 AM] [G9Jhx#2] Shiva: caused an explosion (CAR)
[12:43:23 AM] [G9Jhx#2] Shiva: caused an explosion (CAR)
[12:43:58 AM] [G9Jhx#2] Shiva: caused an explosion (PLANE_ROCKET)
[12:44:04 AM] [G9Jhx#2] Shiva: caused an explosion (GRENADELAUNCHER)
[12:44:56 AM] [G9Jhx#2] Shiva: caused an explosion (PLANE_ROCKET)
[12:44:58 AM] [G9Jhx#2] Shiva: caused an explosion (PLANE_ROCKET)
[12:45:00 AM] [G9Jhx#2] Shiva: caused an explosion (PLANE_ROCKET)
[12:45:03 AM] [G9Jhx#2] Shiva: caused an explosion (PLANE_ROCKET)
[12:45:05 AM] [G9Jhx#2] Shiva: caused an explosion (PLANE_ROCKET)
[12:45:08 AM] [G9Jhx#2] Shiva: caused an explosion (PLANE_ROCKET)
[12:45:13 AM] [G9Jhx#2] Shiva: caused an explosion (PLANE_ROCKET)
[12:45:17 AM] [G9Jhx#2] Shiva: caused an explosion (GRENADELAUNCHER)
[12:45:22 AM] [G9Jhx#2] Shiva: caused an explosion (GRENADELAUNCHER)
[12:45:50 AM] [G9Jhx#2] Shiva: caused an explosion (GRENADELAUNCHER)
[12:45:54 AM] [G9Jhx#2] Shiva: caused an explosion (GRENADELAUNCHER)
[12:45:54 AM] [G9Jhx#2] Shiva: caused an explosion (GRENADELAUNCHER)
[12:45:54 AM] [G9Jhx#2] Shiva: caused an explosion (TRUCK)
[12:45:55 AM] [G9Jhx#2] Shiva: caused an explosion (GRENADELAUNCHER)
[12:45:55 AM] [G9Jhx#2] Shiva: caused an explosion (GRENADELAUNCHER)
[12:46:38 AM] [G9Jhx#2] Shiva: caused an explosion (GRENADELAUNCHER)
[12:46:40 AM] [G9Jhx#2] Shiva: caused an explosion (CAR)
[12:46:47 AM] [G9Jhx#2] Shiva: caused an explosion (PLANE_ROCKET)
[12:46:53 AM] [G9Jhx#2] Shiva: caused an explosion (PLANE_ROCKET)
[12:47:02 AM] [G9Jhx#2] Shiva: caused an explosion (GRENADELAUNCHER)
[12:47:09 AM] [G9Jhx#2] Shiva: caused an explosion (GRENADELAUNCHER)
[12:47:09 AM] [G9Jhx#2] Shiva: caused an explosion (GRENADELAUNCHER)
[12:47:14 AM] [G9Jhx#2] Shiva: caused an explosion (GRENADELAUNCHER)
[12:47:14 AM] [G9Jhx#2] Shiva: caused an explosion (CAR)
[12:47:25 AM] [G9Jhx#2] Shiva: caused an explosion (GRENADELAUNCHER)
[12:47:27 AM] [G9Jhx#2] Shiva: caused an explosion (GRENADELAUNCHER)
[12:47:28 AM] [G9Jhx#2] Shiva: caused an explosion (GRENADELAUNCHER)
[12:47:28 AM] [G9Jhx#2] Shiva: caused an explosion (GRENADELAUNCHER)
[12:47:29 AM] [G9Jhx#2] Shiva: caused an explosion (GRENADELAUNCHER)
[12:47:34 AM] [G9Jhx#2] Shiva: caused an explosion (GRENADELAUNCHER)
[12:47:35 AM] [G9Jhx#2] Shiva: caused an explosion (GRENADELAUNCHER)
[12:47:35 AM] [G9Jhx#2] Shiva: caused an explosion (GRENADELAUNCHER)
[12:47:36 AM] [G9Jhx#2] Shiva: caused an explosion (GRENADELAUNCHER)
[12:47:36 AM] [G9Jhx#2] Shiva: caused an explosion (GRENADELAUNCHER)
[12:47:38 AM] [G9Jhx#2] Shiva: caused an explosion (GRENADELAUNCHER)
[12:47:39 AM] [G9Jhx#2] Shiva: caused an explosion (GRENADELAUNCHER)
[12:47:39 AM] [G9Jhx#2] Shiva: caused an explosion (GRENADELAUNCHER)
[12:47:40 AM] [G9Jhx#2] Shiva: caused an explosion (GRENADELAUNCHER)
[12:47:41 AM] [G9Jhx#2] Shiva: caused an explosion (GRENADELAUNCHER)
[12:47:42 AM] [G9Jhx#2] Shiva: caused an explosion (GRENADELAUNCHER)
[12:47:42 AM] [G9Jhx#2] Shiva: caused an explosion (GRENADELAUNCHER)
[12:47:43 AM] [G9Jhx#2] Shiva: caused an explosion (GRENADELAUNCHER)
[12:47:44 AM] [G9Jhx#2] Shiva: caused an explosion (GRENADELAUNCHER)
[12:47:44 AM] [G9Jhx#2] Shiva: caused an explosion (GRENADELAUNCHER)
[12:47:45 AM] [G9Jhx#2] Shiva: caused an explosion (GRENADELAUNCHER)
[12:47:48 AM] [G9Jhx#2] Shiva: caused an explosion (GRENADELAUNCHER)
[12:47:50 AM] [G9Jhx#2] Shiva: caused an explosion (GRENADELAUNCHER)
[12:54:02 AM] [G9Jhx#2] Shiva: caused an explosion (GRENADELAUNCHER)
[12:54:07 AM] [G9Jhx#2] Shiva: caused an explosion (GRENADELAUNCHER)
[12:54:42 AM] [G9Jhx#2] Shiva: caused an explosion (GRENADE)
[12:54:42 AM] [G9Jhx#2] Shiva: caused an explosion (CAR)
[12:54:57 AM] [G9Jhx#2] Shiva: caused an explosion (GRENADE)
[12:55:04 AM] [G9Jhx#2] Shiva: caused an explosion (GRENADE)
[12:55:04 AM] [G9Jhx#2] Shiva: caused an explosion (CAR)
[12:55:13 AM] [G9Jhx#2] Shiva: caused an explosion (GRENADE)
[12:55:15 AM] [G9Jhx#2] Shiva: caused an explosion (GRENADE)
[12:55:15 AM] [G9Jhx#2] Shiva: caused an explosion (CAR)
[12:55:27 AM] [G9Jhx#2] Shiva: caused an explosion (GRENADE)
[12:55:27 AM] [G9Jhx#2] Shiva: caused an explosion (CAR)
[12:55:40 AM] [G9Jhx#2] Shiva: caused an explosion (GRENADE)
[12:55:43 AM] [G9Jhx#2] Shiva: caused an explosion (GRENADE)
[12:55:43 AM] [G9Jhx#2] Shiva: caused an explosion (CAR)
[12:55:43 AM] [G9Jhx#2] Shiva: caused an explosion (CAR)
[12:55:52 AM] [G9Jhx#2] Shiva: caused an explosion (GRENADE)
[12:55:52 AM] [G9Jhx#2] Shiva: caused an explosion (CAR)
[12:56:01 AM] [G9Jhx#2] Shiva: caused an explosion (GRENADE)
[12:56:04 AM] [G9Jhx#2] Shiva: caused an explosion (GRENADE)
[12:56:04 AM] [G9Jhx#2] Shiva: caused an explosion (CAR)
[12:56:20 AM] [G9Jhx#2] Shiva: caused an explosion (GRENADE)
[12:56:20 AM] [G9Jhx#2] Shiva: caused an explosion (CAR)
[12:56:24 AM] [G9Jhx#2] Shiva: caused an explosion (GRENADE)
[12:56:24 AM] [G9Jhx#2] Shiva: caused an explosion (CAR)
[12:56:45 AM] [G9Jhx#2] Shiva: caused an explosion (GRENADE)
[12:56:45 AM] [G9Jhx#2] Shiva: caused an explosion (CAR)
[12:56:49 AM] [G9Jhx#2] Shiva: caused an explosion (GRENADE)
[12:56:49 AM] [G9Jhx#2] Shiva: caused an explosion (CAR)
[12:57:00 AM] [G9Jhx#2] Shiva: caused an explosion (GRENADE)
[12:57:02 AM] [G9Jhx#2] Shiva: caused an explosion (GRENADE)
[12:57:02 AM] [G9Jhx#2] Shiva: caused an explosion (CAR)
[12:57:05 AM] [G9Jhx#2] Shiva: caused an explosion (GRENADE)
[12:57:05 AM] [G9Jhx#2] Shiva: caused an explosion (CAR)
[12:57:54 AM] [G9Jhx#2] Shiva: caused an explosion (GRENADE)
[12:58:05 AM] [G9Jhx#2] Shiva: caused an explosion (GRENADE)
[1:03:32 AM] [G9Jhx#2] Shiva: caused an explosion (RAYGUN)
[1:03:34 AM] [G9Jhx#2] Shiva: caused an explosion (RAYGUN)
[1:03:38 AM] [G9Jhx#2] Shiva: caused an explosion (RAYGUN)
[1:03:40 AM] [G9Jhx#2] Shiva: caused an explosion (RAYGUN)
[1:03:43 AM] [G9Jhx#2] Shiva: caused an explosion (RAYGUN)
[1:03:45 AM] [G9Jhx#2] Shiva: caused an explosion (RAYGUN)
[1:03:48 AM] [G9Jhx#2] Shiva: caused an explosion (RAYGUN)
[1:03:51 AM] [G9Jhx#2] Shiva: caused an explosion (RAYGUN)
[1:03:53 AM] [G9Jhx#2] Shiva: caused an explosion (RAYGUN)
[1:03:56 AM] [G9Jhx#2] Shiva: caused an explosion (RAYGUN)
[1:04:03 AM] [G9Jhx#2] Shiva: caused an explosion (RAYGUN)
[1:04:05 AM] [G9Jhx#2] Shiva: caused an explosion (RAYGUN)
[1:04:08 AM] [G9Jhx#2] Shiva: caused an explosion (RAYGUN)
[1:04:10 AM] [G9Jhx#2] Shiva: caused an explosion (RAYGUN)
[1:04:12 AM] [G9Jhx#2] Shiva: caused an explosion (RAYGUN)
[1:04:16 AM] [G9Jhx#2] Shiva: caused an explosion (RAYGUN)
[1:04:19 AM] [G9Jhx#2] Shiva: caused an explosion (RAYGUN)
[1:04:24 AM] [G9Jhx#2] Shiva: caused an explosion (RAYGUN)
[1:04:27 AM] [G9Jhx#2] Shiva: caused an explosion (RAYGUN)
[1:04:30 AM] [G9Jhx#2] Shiva: caused an explosion (RAYGUN)
[1:04:32 AM] [G9Jhx#2] Shiva: caused an explosion (RAYGUN)
[1:04:40 AM] [G9Jhx#2] Shiva: caused an explosion (RAYGUN)
[1:04:42 AM] [G9Jhx#2] Shiva: caused an explosion (RAYGUN)
[1:04:45 AM] [G9Jhx#2] Shiva: caused an explosion (RAYGUN)
[1:04:47 AM] [G9Jhx#2] Shiva: caused an explosion (RAYGUN)
[1:04:54 AM] [G9Jhx#2] Shiva: caused an explosion (RAYGUN)
[1:05:12 AM] [G9Jhx#2] Shiva: caused an explosion (ROCKET)
[1:05:12 AM] [G9Jhx#2] Shiva: caused an explosion (CAR)
[1:05:15 AM] [G9Jhx#2] Shiva: caused an explosion (ROCKET)
[1:05:20 AM] [G9Jhx#2] Shiva: caused an explosion (FIREWORK)
[1:05:24 AM] [G9Jhx#2] Shiva: caused an explosion (RAILGUN)
[1:05:25 AM] [G9Jhx#2] Shiva: caused an explosion (RAILGUN)
[1:05:27 AM] [G9Jhx#2] Shiva: caused an explosion (RAILGUN)
[1:05:33 AM] [G9Jhx#2] Shiva: caused an explosion (RAYGUN)
[1:05:36 AM] [G9Jhx#2] Shiva: caused an explosion (RAYGUN)
[1:05:38 AM] [G9Jhx#2] Shiva: caused an explosion (RAYGUN)
[1:05:41 AM] [G9Jhx#2] Shiva: caused an explosion (RAYGUN)
[1:05:44 AM] [G9Jhx#2] Shiva: caused an explosion (RAYGUN)
[1:05:47 AM] [G9Jhx#2] Shiva: caused an explosion (RAYGUN)
[1:07:39 AM] [G9Jhx#2] Shiva: caused an explosion (GRENADE)
[1:07:41 AM] [G9Jhx#2] Shiva: caused an explosion (RAYGUN)
[1:07:43 AM] [G9Jhx#2] Shiva: caused an explosion (RAYGUN)
[1:07:45 AM] [G9Jhx#2] Shiva: caused an explosion (RAYGUN)
[1:07:48 AM] [G9Jhx#2] Shiva: caused an explosion (RAYGUN)
[1:07:51 AM] [G9Jhx#2] Shiva: caused an explosion (RAYGUN)
[1:07:56 AM] [G9Jhx#2] Shiva: caused an explosion (RAYGUN)
[1:08:06 AM] [G9Jhx#2] Shiva: caused an explosion (RAYGUN)
[1:08:10 AM] [G9Jhx#2] Shiva: caused an explosion (RAYGUN)
[1:08:14 AM] [G9Jhx#2] Shiva: caused an explosion (RAYGUN)
[1:08:18 AM] [G9Jhx#2] Shiva: caused an explosion (RAYGUN)
[1:08:22 AM] [G9Jhx#2] Shiva: caused an explosion (RAYGUN)
[1:08:31 AM] [G9Jhx#2] Shiva: caused an explosion (RAYGUN)
[1:08:33 AM] [G9Jhx#2] Shiva: caused an explosion (RAYGUN)
[1:08:35 AM] [G9Jhx#2] Shiva: caused an explosion (RAYGUN)
[1:08:42 AM] [G9Jhx#2] Shiva: caused an explosion (RAYGUN)
[1:08:45 AM] [G9Jhx#2] Shiva: caused an explosion (RAYGUN)
[1:08:47 AM] [G9Jhx#2] Shiva: caused an explosion (RAYGUN)
[1:08:50 AM] [G9Jhx#2] Shiva: caused an explosion (RAYGUN)
[1:08:56 AM] [G9Jhx#2] Shiva: caused an explosion (RAYGUN)
[1:08:58 AM] [G9Jhx#2] Shiva: caused an explosion (RAYGUN)
[1:09:02 AM] [G9Jhx#2] Shiva: caused an explosion (RAYGUN)
[1:09:09 AM] [G9Jhx#2] Shiva: caused an explosion (RAYGUN)
[1:09:12 AM] [G9Jhx#2] Shiva: caused an explosion (RAYGUN)
[1:09:14 AM] [G9Jhx#2] Shiva: caused an explosion (RAYGUN)
[1:09:17 AM] [G9Jhx#2] Shiva: caused an explosion (RAYGUN)
[1:09:21 AM] [G9Jhx#2] Shiva: caused an explosion (RAYGUN)
[1:09:37 AM] [G9Jhx#2] Shiva: caused an explosion (RAYGUN)
[1:09:39 AM] [G9Jhx#2] Shiva: caused an explosion (RAYGUN)
[1:09:42 AM] [G9Jhx#2] Shiva: caused an explosion (RAYGUN)
[1:09:45 AM] [G9Jhx#2] Shiva: caused an explosion (RAYGUN)
[1:09:49 AM] [G9Jhx#2] Shiva: caused an explosion (RAYGUN)
[1:09:52 AM] [G9Jhx#2] Shiva: caused an explosion (RAYGUN)
[1:09:54 AM] [G9Jhx#2] Shiva: caused an explosion (RAYGUN)
[1:09:56 AM] [G9Jhx#2] Shiva: caused an explosion (RAYGUN)
[1:10:00 AM] [G9Jhx#2] Shiva: caused an explosion (RAYGUN)
[1:10:03 AM] [G9Jhx#2] Shiva: caused an explosion (RAYGUN)
[1:10:05 AM] [G9Jhx#2] Shiva: caused an explosion (RAYGUN)
[1:10:08 AM] [G9Jhx#2] Shiva: caused an explosion (RAYGUN)
[1:10:12 AM] [G9Jhx#2] Shiva: caused an explosion (RAYGUN)
[1:10:15 AM] [G9Jhx#2] Shiva: caused an explosion (RAYGUN)
[1:10:17 AM] [G9Jhx#2] Shiva: caused an explosion (RAYGUN)
[1:10:19 AM] [G9Jhx#2] Shiva: caused an explosion (RAYGUN)
[1:10:22 AM] [G9Jhx#2] Shiva: caused an explosion (RAYGUN)
[1:10:24 AM] [G9Jhx#2] Shiva: caused an explosion (RAYGUN)
[1:10:26 AM] [G9Jhx#2] Shiva: caused an explosion (RAYGUN)
[1:10:28 AM] [G9Jhx#2] Shiva: caused an explosion (RAYGUN)
[1:10:33 AM] [G9Jhx#2] Shiva: caused an explosion (RAYGUN)
[1:10:36 AM] [G9Jhx#2] Shiva: caused an explosion (RAYGUN)
[1:10:38 AM] [G9Jhx#2] Shiva: caused an explosion (RAYGUN)
[1:10:40 AM] [G9Jhx#2] Shiva: caused an explosion (RAYGUN)
[1:10:43 AM] [G9Jhx#2] Shiva: caused an explosion (RAYGUN)
[1:10:48 AM] [G9Jhx#2] Shiva: caused an explosion (RAYGUN)
[1:10:50 AM] [G9Jhx#2] Shiva: caused an explosion (RAYGUN)
[1:10:53 AM] [G9Jhx#2] Shiva: caused an explosion (RAYGUN)
[1:10:58 AM] [G9Jhx#2] Shiva: caused an explosion (RAYGUN)
[1:11:00 AM] [G9Jhx#2] Shiva: caused an explosion (RAYGUN)
[1:11:02 AM] [G9Jhx#2] Shiva: caused an explosion (RAYGUN)
[1:11:04 AM] [G9Jhx#2] Shiva: caused an explosion (RAYGUN)
[1:11:07 AM] [G9Jhx#2] Shiva: caused an explosion (RAYGUN)
[1:11:17 AM] [G9Jhx#2] Shiva: caused an explosion (RAYGUN)
[1:11:19 AM] [G9Jhx#2] Shiva: caused an explosion (RAYGUN)
[1:11:32 AM] [G9Jhx#2] Shiva: caused an explosion (RAYGUN)
[1:11:34 AM] [G9Jhx#2] Shiva: caused an explosion (RAYGUN)
[1:11:36 AM] [G9Jhx#2] Shiva: caused an explosion (RAYGUN)
[1:11:44 AM] [G9Jhx#2] Shiva: caused an explosion (RAYGUN)
[1:11:47 AM] [G9Jhx#2] Shiva: caused an explosion (RAYGUN)
[1:11:49 AM] [G9Jhx#2] Shiva: caused an explosion (RAYGUN)
[1:11:51 AM] [G9Jhx#2] Shiva: caused an explosion (RAYGUN)
[1:11:55 AM] [G9Jhx#2] Shiva: caused an explosion (RAYGUN)
[1:12:02 AM] [G9Jhx#2] Shiva: caused an explosion (RAYGUN)
[1:12:06 AM] [G9Jhx#2] Shiva: caused an explosion (STICKYBOMB)
[1:12:09 AM] [G9Jhx#2] Shiva: caused an explosion (RAYGUN)
[1:12:12 AM] [G9Jhx#2] Shiva: caused an explosion (STICKYBOMB)
[1:12:18 AM] [G9Jhx#2] Shiva: caused an explosion (RAYGUN)
[1:12:18 AM] [G9Jhx#2] Shiva: caused an explosion (STICKYBOMB)
[1:12:21 AM] [G9Jhx#2] Shiva: caused an explosion (RAYGUN)
[1:12:22 AM] [G9Jhx#2] Shiva: caused an explosion (STICKYBOMB)
[1:12:28 AM] [G9Jhx#2] Shiva: caused an explosion (RAYGUN)
[1:12:30 AM] [G9Jhx#2] Shiva: caused an explosion (RAYGUN)
[1:12:32 AM] [G9Jhx#2] Shiva: caused an explosion (RAYGUN)
[1:12:34 AM] [G9Jhx#2] Shiva: caused an explosion (RAYGUN)
[1:12:47 AM] [G9Jhx#2] Shiva: caused an explosion (RAYGUN)
[1:12:58 AM] [G9Jhx#2] Shiva: caused an explosion (STICKYBOMB)
[1:13:15 AM] [G9Jhx#2] Shiva: caused an explosion (RAYGUN)
[1:13:20 AM] [G9Jhx#2] Shiva: caused an explosion (RAYGUN)
[1:13:28 AM] [G9Jhx#2] Shiva: caused an explosion (STICKYBOMB)
[1:13:32 AM] [G9Jhx#2] Shiva: caused an explosion (RAYGUN)
[1:13:35 AM] [G9Jhx#2] Shiva: caused an explosion (RAYGUN)
[1:13:38 AM] [G9Jhx#2] Shiva: caused an explosion (RAYGUN)
[1:13:40 AM] [G9Jhx#2] Shiva: caused an explosion (RAYGUN)
[1:13:43 AM] [G9Jhx#2] Shiva: caused an explosion (RAYGUN)
[1:13:45 AM] [G9Jhx#2] Shiva: caused an explosion (RAYGUN)
[1:13:47 AM] [G9Jhx#2] Shiva: caused an explosion (RAYGUN)
[1:13:50 AM] [G9Jhx#2] Shiva: caused an explosion (RAYGUN)
[1:13:52 AM] [G9Jhx#2] Shiva: caused an explosion (RAYGUN)
[1:13:56 AM] [G9Jhx#2] Shiva: caused an explosion (RAYGUN)
[1:14:16 AM] [G9Jhx#2] Shiva: caused an explosion (RAYGUN)
[1:14:28 AM] [G9Jhx#2] Shiva: caused an explosion (RAYGUN)
[1:14:35 AM] [G9Jhx#2] Shiva: caused an explosion (RAYGUN)
[1:14:37 AM] [G9Jhx#2] Shiva: caused an explosion (RAYGUN)
[1:14:50 AM] [G9Jhx#2] Shiva: caused an explosion (RAYGUN)
[1:14:52 AM] [G9Jhx#2] Shiva: caused an explosion (RAYGUN)
[1:14:58 AM] [G9Jhx#2] Shiva: caused an explosion (RAYGUN)
[1:14:59 AM] [G9Jhx#2] Shiva: caused an explosion (RAYGUN)
[1:15:02 AM] [G9Jhx#2] Shiva: caused an explosion (RAYGUN)
[1:15:04 AM] [G9Jhx#2] Shiva: caused an explosion (RAYGUN)
[1:15:10 AM] [G9Jhx#2] Shiva: caused an explosion (RAYGUN)
[1:15:13 AM] [G9Jhx#2] Shiva: caused an explosion (RAYGUN)
[1:15:30 AM] [G9Jhx#2] Shiva: caused an explosion (RAYGUN)
[1:15:45 AM] [G9Jhx#2] Shiva: caused an explosion (RAYGUN)
[1:16:03 AM] [G9Jhx#2] Shiva: caused an explosion (RAYGUN)
[1:16:12 AM] [G9Jhx#2] Shiva: caused an explosion (RAYGUN)
[1:16:16 AM] [G9Jhx#2] Shiva: caused an explosion (RAYGUN)
[1:16:19 AM] [G9Jhx#2] Shiva: caused an explosion (RAYGUN)
[1:16:24 AM] [G9Jhx#2] Shiva: caused an explosion (RAYGUN)
[1:16:29 AM] [G9Jhx#2] Shiva: caused an explosion (RAYGUN)
[1:16:31 AM] [G9Jhx#2] Shiva: caused an explosion (RAYGUN)
[1:16:34 AM] [G9Jhx#2] Shiva: caused an explosion (RAYGUN)
[1:16:37 AM] [G9Jhx#2] Shiva: caused an explosion (RAYGUN)
[1:16:40 AM] [G9Jhx#2] Shiva: caused an explosion (RAYGUN)
[1:16:43 AM] [G9Jhx#2] Shiva: caused an explosion (RAYGUN)
[1:16:48 AM] [G9Jhx#2] Shiva: caused an explosion (RAYGUN)
[1:16:54 AM] [G9Jhx#2] Shiva: caused an explosion (RAYGUN)
[1:16:56 AM] [G9Jhx#2] Shiva: caused an explosion (RAYGUN)
[1:17:02 AM] [G9Jhx#2] Shiva: caused an explosion (RAYGUN)
[1:17:07 AM] [G9Jhx#2] Shiva: caused an explosion (RAYGUN)
[1:17:10 AM] [G9Jhx#2] Shiva: caused an explosion (RAYGUN)
[1:17:22 AM] [G9Jhx#2] Shiva: caused an explosion (RAYGUN)
[1:17:24 AM] [G9Jhx#2] Shiva: caused an explosion (RAYGUN)
[1:17:27 AM] [G9Jhx#2] Shiva: caused an explosion (RAYGUN)
[1:17:35 AM] [G9Jhx#2] Shiva: caused an explosion (RAYGUN)
[1:17:42 AM] [G9Jhx#2] Shiva: caused an explosion (RAYGUN)
[1:17:52 AM] [G9Jhx#2] Shiva: caused an explosion (RAYGUN)
[1:17:55 AM] [G9Jhx#2] Shiva: caused an explosion (RAYGUN)
[1:18:01 AM] [G9Jhx#2] Shiva: caused an explosion (RAYGUN)
[1:18:04 AM] [G9Jhx#2] Shiva: caused an explosion (RAYGUN)
[1:18:07 AM] [G9Jhx#2] Shiva: caused an explosion (RAYGUN)
[1:18:14 AM] [G9Jhx#2] Shiva: caused an explosion (RAYGUN)
[1:18:20 AM] [G9Jhx#2] Shiva: caused an explosion (RAYGUN)
[1:18:28 AM] [G9Jhx#2] Shiva: caused an explosion (RAYGUN)
[1:18:36 AM] [G9Jhx#2] Shiva: caused an explosion (RAYGUN)
[1:18:40 AM] [G9Jhx#2] Shiva: caused an explosion (RAYGUN)
[1:18:43 AM] [G9Jhx#2] Shiva: caused an explosion (RAYGUN)
[1:18:45 AM] [G9Jhx#2] Shiva: caused an explosion (RAYGUN)
[1:18:48 AM] [G9Jhx#2] Shiva: caused an explosion (RAYGUN)
[1:18:51 AM] [G9Jhx#2] Shiva: caused an explosion (RAYGUN)
[1:18:53 AM] [G9Jhx#2] Shiva: caused an explosion (RAYGUN)
[1:19:03 AM] [G9Jhx#2] Shiva: caused an explosion (RAYGUN)
[1:19:10 AM] [G9Jhx#2] Shiva: caused an explosion (RAYGUN)
[1:19:13 AM] [G9Jhx#2] Shiva: caused an explosion (RAYGUN)
[1:19:19 AM] [G9Jhx#2] Shiva: caused an explosion (RAYGUN)
[1:19:33 AM] [G9Jhx#2] Shiva: caused an explosion (RAYGUN)
[1:19:35 AM] [G9Jhx#2] Shiva: caused an explosion (RAYGUN)
[1:19:49 AM] [G9Jhx#2] Shiva: caused an explosion (RAYGUN)
[1:19:52 AM] [G9Jhx#2] Shiva: caused an explosion (RAYGUN)
[1:20:00 AM] [G9Jhx#2] Shiva: caused an explosion (RAYGUN)
[1:20:06 AM] [G9Jhx#2] Shiva: caused an explosion (RAYGUN)
[1:20:17 AM] [G9Jhx#2] Shiva: caused an explosion (RAYGUN)
[1:20:20 AM] [G9Jhx#2] Shiva: caused an explosion (RAYGUN)
[1:20:34 AM] [G9Jhx#2] Shiva: caused an explosion (RAYGUN)
[1:20:36 AM] [G9Jhx#2] Shiva: caused an explosion (RAYGUN)
[1:20:40 AM] [G9Jhx#2] Shiva: caused an explosion (RAYGUN)
[1:20:43 AM] [G9Jhx#2] Shiva: caused an explosion (RAYGUN)
[1:20:47 AM] [G9Jhx#2] Shiva: caused an explosion (RAYGUN)
[1:20:53 AM] [G9Jhx#2] Shiva: caused an explosion (RAYGUN)
[1:20:56 AM] [G9Jhx#2] Shiva: caused an explosion (RAYGUN)
[1:20:59 AM] [G9Jhx#2] Shiva: caused an explosion (RAYGUN)
[1:21:07 AM] [G9Jhx#2] Shiva: caused an explosion (RAYGUN)
[1:21:16 AM] [G9Jhx#2] Shiva: caused an explosion (RAYGUN)
[1:21:22 AM] [G9Jhx#2] Shiva: caused an explosion (RAYGUN)
[1:21:24 AM] [G9Jhx#2] Shiva: caused an explosion (RAYGUN)
[1:21:30 AM] [G9Jhx#2] Shiva: caused an explosion (RAYGUN)
[1:21:33 AM] [G9Jhx#2] Shiva: caused an explosion (RAYGUN)
[1:21:50 AM] [G9Jhx#2] Shiva: caused an explosion (RAYGUN)
[1:21:54 AM] [G9Jhx#2] Shiva: caused an explosion (RAYGUN)
[1:21:58 AM] [G9Jhx#2] Shiva: caused an explosion (RAYGUN)
[1:22:14 AM] [G9Jhx#2] Shiva: caused an explosion (RAYGUN)
[1:22:37 AM] [G9Jhx#2] Shiva: caused an explosion (RAYGUN)
[1:22:38 AM] [G9Jhx#2] Shiva: caused an explosion (RAYGUN)
[1:22:40 AM] [G9Jhx#2] Shiva: caused an explosion (RAYGUN)
[1:22:42 AM] [G9Jhx#2] Shiva: caused an explosion (RAYGUN)
[1:22:45 AM] [G9Jhx#2] Shiva: caused an explosion (RAYGUN)
[1:22:47 AM] [G9Jhx#2] Shiva: caused an explosion (RAYGUN)
[1:22:51 AM] [G9Jhx#2] Shiva: caused an explosion (RAYGUN)
[1:22:53 AM] [G9Jhx#2] Shiva: caused an explosion (RAYGUN)
[1:22:55 AM] [G9Jhx#2] Shiva: caused an explosion (RAYGUN)
[1:22:59 AM] [G9Jhx#2] Shiva: caused an explosion (RAYGUN)
[1:23:01 AM] [G9Jhx#2] Shiva: caused an explosion (RAYGUN)
[1:23:04 AM] [G9Jhx#2] Shiva: caused an explosion (RAYGUN)
[1:23:09 AM] [G9Jhx#2] Shiva: caused an explosion (RAYGUN)
[1:23:12 AM] [G9Jhx#2] Shiva: caused an explosion (RAYGUN)
[1:23:14 AM] [G9Jhx#2] Shiva: caused an explosion (RAYGUN)
[1:23:19 AM] [G9Jhx#2] Shiva: caused an explosion (RAYGUN)
[1:23:23 AM] [G9Jhx#2] Shiva: caused an explosion (RAYGUN)
[1:23:25 AM] [G9Jhx#2] Shiva: caused an explosion (RAYGUN)
[1:23:28 AM] [G9Jhx#2] Shiva: caused an explosion (RAYGUN)
[1:23:33 AM] [G9Jhx#2] Shiva: caused an explosion (RAYGUN)
[1:23:58 AM] [G9Jhx#2] Shiva: caused an explosion (RAYGUN)
[1:24:01 AM] [G9Jhx#2] Shiva: caused an explosion (RAYGUN)
[1:24:04 AM] [G9Jhx#2] Shiva: caused an explosion (RAYGUN)
[1:24:06 AM] [G9Jhx#2] Shiva: caused an explosion (RAYGUN)
[1:24:09 AM] [G9Jhx#2] Shiva: caused an explosion (RAYGUN)
[1:24:12 AM] [G9Jhx#2] Shiva: caused an explosion (RAYGUN)
[1:24:24 AM] [G9Jhx#2] Shiva: caused an explosion (RAYGUN)
[1:24:35 AM] [G9Jhx#2] Shiva: caused an explosion (RAYGUN)
[1:24:38 AM] [G9Jhx#2] Shiva: caused an explosion (RAYGUN)
[1:24:41 AM] [G9Jhx#2] Shiva: caused an explosion (RAYGUN)
[1:24:46 AM] [G9Jhx#2] Shiva: caused an explosion (RAYGUN)
[1:24:48 AM] [G9Jhx#2] Shiva: caused an explosion (RAYGUN)
[1:24:52 AM] [G9Jhx#2] Shiva: caused an explosion (RAYGUN)
[1:24:59 AM] [G9Jhx#2] Shiva: caused an explosion (RAYGUN)
[1:25:02 AM] [G9Jhx#2] Shiva: caused an explosion (RAYGUN)
[1:25:07 AM] [G9Jhx#2] Shiva: caused an explosion (RAYGUN)
[1:25:10 AM] [G9Jhx#2] Shiva: caused an explosion (RAYGUN)
[1:25:12 AM] [G9Jhx#2] Shiva: caused an explosion (RAYGUN)
[1:25:14 AM] [G9Jhx#2] Shiva: caused an explosion (RAYGUN)
[1:25:20 AM] [G9Jhx#2] Shiva: caused an explosion (RAYGUN)
[1:25:22 AM] [G9Jhx#2] Shiva: caused an explosion (RAYGUN)
[1:25:29 AM] [G9Jhx#2] Shiva: caused an explosion (RAYGUN)
[1:25:34 AM] [G9Jhx#2] Shiva: caused an explosion (RAYGUN)
[1:25:38 AM] [G9Jhx#2] Shiva: caused an explosion (RAYGUN)
[1:25:40 AM] [G9Jhx#2] Shiva: caused an explosion (RAYGUN)
[1:25:42 AM] [G9Jhx#2] Shiva: caused an explosion (RAYGUN)
[1:25:49 AM] [G9Jhx#2] Shiva: caused an explosion (RAYGUN)
[1:25:59 AM] [G9Jhx#2] Shiva: caused an explosion (RAYGUN)
[1:26:01 AM] [G9Jhx#2] Shiva: caused an explosion (RAYGUN)
[1:26:03 AM] [G9Jhx#2] Shiva: caused an explosion (RAYGUN)
[1:26:06 AM] [G9Jhx#2] Shiva: caused an explosion (RAYGUN)
[1:26:08 AM] [G9Jhx#2] Shiva: caused an explosion (RAYGUN)
[1:26:11 AM] [G9Jhx#2] Shiva: caused an explosion (RAYGUN)
[1:26:15 AM] [G9Jhx#2] Shiva: caused an explosion (RAYGUN)
[1:26:22 AM] [G9Jhx#2] Shiva: caused an explosion (RAYGUN)
[1:26:32 AM] [G9Jhx#2] Shiva: caused an explosion (RAYGUN)
[1:26:38 AM] [G9Jhx#2] Shiva: caused an explosion (RAYGUN)
[1:26:57 AM] [G9Jhx#2] Shiva: caused an explosion (RAYGUN)
[1:26:59 AM] [G9Jhx#2] Shiva: caused an explosion (RAYGUN)
[1:27:02 AM] [G9Jhx#2] Shiva: caused an explosion (RAYGUN)
[1:27:06 AM] [G9Jhx#2] Shiva: caused an explosion (RAYGUN)
[1:27:14 AM] [G9Jhx#2] Shiva: caused an explosion (RAYGUN)
[1:27:16 AM] [G9Jhx#2] Shiva: caused an explosion (RAYGUN)
[1:27:20 AM] [G9Jhx#2] Shiva: caused an explosion (RAYGUN)
[1:27:23 AM] [G9Jhx#2] Shiva: caused an explosion (RAYGUN)
[1:27:26 AM] [G9Jhx#2] Shiva: caused an explosion (RAYGUN)
[1:27:28 AM] [G9Jhx#2] Shiva: caused an explosion (RAYGUN)
[1:27:31 AM] [G9Jhx#2] Shiva: caused an explosion (RAYGUN)
[1:27:38 AM] [G9Jhx#2] Shiva: caused an explosion (RAYGUN)
[1:27:41 AM] [G9Jhx#2] Shiva: caused an explosion (RAYGUN)
[1:27:43 AM] [G9Jhx#2] Shiva: caused an explosion (RAYGUN)
[1:27:45 AM] [G9Jhx#2] Shiva: caused an explosion (RAYGUN)
[1:27:56 AM] [G9Jhx#2] Shiva: caused an explosion (RAYGUN)
[1:28:16 AM] [G9Jhx#2] Shiva: caused an explosion (RAYGUN)
[1:28:19 AM] [G9Jhx#2] Shiva: caused an explosion (RAYGUN)
[1:28:44 AM] [G9Jhx#2] Shiva: caused an explosion (RAYGUN)
[1:29:25 AM] [G9Jhx#2] Shiva: caused an explosion (RAYGUN)
[1:29:44 AM] [G9Jhx#2] Shiva: caused an explosion (RAYGUN)
[1:31:00 AM] [G9Jhx#2] Shiva: caused an explosion (RAYGUN)
[1:31:20 AM] [G9Jhx#2] Shiva: caused an explosion (RAYGUN)
[1:31:22 AM] [G9Jhx#2] Shiva: caused an explosion (RAYGUN)
[1:31:38 AM] [G9Jhx#2] Shiva: caused an explosion (RAYGUN)
[1:31:47 AM] [G9Jhx#2] Shiva: caused an explosion (RAYGUN)
[1:31:51 AM] [G9Jhx#2] Shiva: caused an explosion (RAYGUN)
[1:32:08 AM] [G9Jhx#2] Shiva: caused an explosion (RAYGUN)
[1:32:10 AM] [G9Jhx#2] Shiva: caused an explosion (RAYGUN)
[1:32:13 AM] [G9Jhx#2] Shiva: caused an explosion (RAYGUN)
[1:32:19 AM] [G9Jhx#2] Shiva: caused an explosion (RAYGUN)
[1:32:21 AM] [G9Jhx#2] Shiva: caused an explosion (RAYGUN)
[1:35:59 AM] [G9Jhx#2] Shiva: caused an explosion (RAYGUN)
[1:36:02 AM] [G9Jhx#2] Shiva: caused an explosion (RAYGUN)
[1:53:47 AM] [G9Jhx#2] Shiva: caused an explosion (PLANE_ROCKET)
[1:53:50 AM] [G9Jhx#2] Shiva: caused an explosion (PLANE_ROCKET)
[1:53:55 AM] [G9Jhx#2] Shiva: caused an explosion (GRENADELAUNCHER)
[1:53:55 AM] [G9Jhx#2] Shiva: caused an explosion (GRENADELAUNCHER)
[1:53:57 AM] [G9Jhx#2] Shiva: caused an explosion (GRENADELAUNCHER)
[1:53:57 AM] [G9Jhx#2] Shiva: caused an explosion (CAR)
[1:53:57 AM] [G9Jhx#2] Shiva: caused an explosion (GRENADELAUNCHER)
[1:53:59 AM] [G9Jhx#2] Shiva: caused an explosion (GRENADELAUNCHER)
[1:53:59 AM] [G9Jhx#2] Shiva: caused an explosion (GRENADELAUNCHER)
[1:54:06 AM] [G9Jhx#2] Shiva: caused an explosion (GRENADELAUNCHER)
[1:54:06 AM] [G9Jhx#2] Shiva: caused an explosion (GRENADELAUNCHER)
[1:54:07 AM] [G9Jhx#2] Shiva: caused an explosion (GRENADELAUNCHER)
[1:54:08 AM] [G9Jhx#2] Shiva: caused an explosion (GRENADELAUNCHER)
[1:54:13 AM] [G9Jhx#2] Shiva: caused an explosion (GRENADELAUNCHER)
[1:54:13 AM] [G9Jhx#2] Shiva: caused an explosion (CAR)
[1:54:13 AM] [G9Jhx#2] Shiva: caused an explosion (GRENADELAUNCHER)
[1:54:16 AM] [G9Jhx#2] Shiva: caused an explosion (GRENADELAUNCHER)
[1:54:20 AM] [G9Jhx#2] Shiva: caused an explosion (CAR)
[1:54:32 AM] [G9Jhx#2] Shiva: caused an explosion (CAR)
[1:54:47 AM] [G9Jhx#2] Shiva: caused an explosion (CAR)
[1:55:06 AM] [G9Jhx#2] Shiva: caused an explosion (CAR)
[1:55:36 AM] [G9Jhx#2] Shiva: caused an explosion (CAR)
[1:55:36 AM] [G9Jhx#2] Shiva: caused an explosion (CAR)
[1:55:36 AM] [G9Jhx#2] Shiva: caused an explosion (CAR)
[1:55:36 AM] [G9Jhx#2] Shiva: caused an explosion (CAR)
[1:55:36 AM] [G9Jhx#2] Shiva: caused an explosion (CAR)
[1:55:37 AM] [G9Jhx#2] Shiva: caused an explosion (CAR)
[1:55:37 AM] [G9Jhx#2] Shiva: caused an explosion (CAR)
[1:55:39 AM] [G9Jhx#2] Shiva: caused an explosion (PLANE_ROCKET)
[1:55:40 AM] [G9Jhx#2] Shiva: caused an explosion (PLANE_ROCKET)
[1:55:49 AM] [G9Jhx#2] Shiva: caused an explosion (PLANE_ROCKET)
[1:55:58 AM] [G9Jhx#2] Shiva: caused an explosion (CAR)
[1:55:58 AM] [G9Jhx#2] Shiva: caused an explosion (CAR)
[1:56:01 AM] [G9Jhx#2] Shiva: caused an explosion (PLANE_ROCKET)
[1:56:24 AM] [G9Jhx#2] Shiva: caused an explosion (PLANE_ROCKET)
[1:56:24 AM] [G9Jhx#2] Shiva: caused an explosion (CAR)
[1:56:24 AM] [G9Jhx#2] Shiva: caused an explosion (CAR)
[1:56:25 AM] [G9Jhx#2] Shiva: caused an explosion (PLANE_ROCKET)
[1:56:35 AM] [G9Jhx#2] Shiva: caused an explosion (CAR)
[1:56:35 AM] [G9Jhx#2] Shiva: caused an explosion (CAR)
[1:56:36 AM] [G9Jhx#2] Shiva: caused an explosion (CAR)
[1:56:37 AM] [G9Jhx#2] Shiva: caused an explosion (CAR)
[1:56:39 AM] [G9Jhx#2] Shiva: caused an explosion (CAR)
[1:56:39 AM] [G9Jhx#2] Shiva: caused an explosion (CAR)
[1:56:47 AM] [G9Jhx#2] Shiva: caused an explosion (PLANE_ROCKET)
[1:56:50 AM] [G9Jhx#2] Shiva: caused an explosion (CAR)
[1:56:50 AM] [G9Jhx#2] Shiva: caused an explosion (CAR)
[1:56:51 AM] [G9Jhx#2] Shiva: caused an explosion (PLANE_ROCKET)
[1:56:52 AM] [G9Jhx#2] Shiva: caused an explosion (PLANE_ROCKET)
[1:56:53 AM] [G9Jhx#2] Shiva: caused an explosion (PLANE_ROCKET)
[1:56:58 AM] [G9Jhx#2] Shiva: caused an explosion (PLANE_ROCKET)
[1:56:59 AM] [G9Jhx#2] Shiva: caused an explosion (PLANE_ROCKET)
[1:57:00 AM] [G9Jhx#2] Shiva: caused an explosion (PLANE_ROCKET)
[1:57:05 AM] [G9Jhx#2] Shiva: caused an explosion (PLANE_ROCKET)
[1:57:10 AM] [G9Jhx#2] Shiva: caused an explosion (CAR)
[1:57:10 AM] [G9Jhx#2] Shiva: caused an explosion (CAR)
[1:57:19 AM] [G9Jhx#2] Shiva: caused an explosion (PLANE_ROCKET)
[1:57:21 AM] [G9Jhx#2] Shiva: caused an explosion (CAR)
[1:57:21 AM] [G9Jhx#2] Shiva: caused an explosion (CAR)
[1:57:22 AM] [G9Jhx#2] Shiva: caused an explosion (CAR)
[1:57:23 AM] [G9Jhx#2] Shiva: caused an explosion (PLANE_ROCKET)
[1:57:29 AM] [G9Jhx#2] Shiva: caused an explosion (CAR)
[1:57:29 AM] [G9Jhx#2] Shiva: caused an explosion (CAR)
[1:57:30 AM] [G9Jhx#2] Shiva: caused an explosion (CAR)
[1:57:39 AM] [G9Jhx#2] Shiva: caused an explosion (CAR)
[1:58:30 AM] [G9Jhx#2] Shiva: caused an explosion (CAR)
[1:58:36 AM] [G9Jhx#2] Shiva: caused an explosion (CAR)
[2:00:03 AM] [G9Jhx#2] Shiva: caused an explosion (GRENADELAUNCHER)
[2:00:03 AM] [G9Jhx#2] Shiva: caused an explosion (CAR)
[2:00:03 AM] [G9Jhx#2] Shiva: caused an explosion (CAR)
[2:00:11 AM] [G9Jhx#2] Shiva: caused an explosion (GRENADELAUNCHER)
[2:00:11 AM] [G9Jhx#2] Shiva: caused an explosion (CAR)
[2:00:12 AM] [G9Jhx#2] Shiva: caused an explosion (GRENADELAUNCHER)
[2:00:12 AM] [G9Jhx#2] Shiva: caused an explosion (CAR)
[2:00:13 AM] [G9Jhx#2] Shiva: caused an explosion (GRENADELAUNCHER)
[2:00:14 AM] [G9Jhx#2] Shiva: caused an explosion (GRENADELAUNCHER)
[2:00:15 AM] [G9Jhx#2] Shiva: caused an explosion (GRENADELAUNCHER)
[2:00:15 AM] [G9Jhx#2] Shiva: caused an explosion (CAR)
[2:00:17 AM] [G9Jhx#2] Shiva: caused an explosion (GRENADELAUNCHER)
[2:00:18 AM] [G9Jhx#2] Shiva: caused an explosion (GRENADELAUNCHER)
[2:00:18 AM] [G9Jhx#2] Shiva: caused an explosion (CAR)
[2:00:19 AM] [G9Jhx#2] Shiva: caused an explosion (GRENADELAUNCHER)
[2:00:26 AM] [G9Jhx#2] Shiva: caused an explosion (GRENADELAUNCHER)
[2:00:32 AM] [G9Jhx#2] Shiva: caused an explosion (GRENADELAUNCHER)
[2:00:33 AM] [G9Jhx#2] Shiva: caused an explosion (GRENADELAUNCHER)
[2:00:33 AM] [G9Jhx#2] Shiva: caused an explosion (CAR)
[2:00:34 AM] [G9Jhx#2] Shiva: caused an explosion (GRENADELAUNCHER)
[2:00:34 AM] [G9Jhx#2] Shiva: caused an explosion (GRENADELAUNCHER)
[2:00:36 AM] [G9Jhx#2] Shiva: caused an explosion (GRENADELAUNCHER)
[2:00:40 AM] [G9Jhx#2] Shiva: caused an explosion (GRENADELAUNCHER)
[2:00:41 AM] [G9Jhx#2] Shiva: caused an explosion (CAR)
[2:00:43 AM] [G9Jhx#2] Shiva: caused an explosion (GRENADELAUNCHER)
[2:00:43 AM] [G9Jhx#2] Shiva: caused an explosion (CAR)
[2:00:43 AM] [G9Jhx#2] Shiva: caused an explosion (GRENADELAUNCHER)
[2:00:43 AM] [G9Jhx#2] Shiva: caused an explosion (GRENADELAUNCHER)
[2:00:49 AM] [G9Jhx#2] Shiva: caused an explosion (GRENADELAUNCHER)
[2:00:49 AM] [G9Jhx#2] Shiva: caused an explosion (GRENADELAUNCHER)
[2:00:49 AM] [G9Jhx#2] Shiva: caused an explosion (CAR)
[2:00:51 AM] [G9Jhx#2] Shiva: caused an explosion (GRENADELAUNCHER)
[2:00:52 AM] [G9Jhx#2] Shiva: caused an explosion (GRENADELAUNCHER)
[2:00:52 AM] [G9Jhx#2] Shiva: caused an explosion (GRENADELAUNCHER)
[2:00:55 AM] [G9Jhx#2] Shiva: caused an explosion (GRENADELAUNCHER)
[2:00:55 AM] [G9Jhx#2] Shiva: caused an explosion (GRENADELAUNCHER)
[2:01:04 AM] [G9Jhx#2] Shiva: caused an explosion (GRENADELAUNCHER)
[2:01:04 AM] [G9Jhx#2] Shiva: caused an explosion (GRENADELAUNCHER)
[2:01:05 AM] [G9Jhx#2] Shiva: caused an explosion (CAR)
[2:01:05 AM] [G9Jhx#2] Shiva: caused an explosion (GRENADELAUNCHER)
[2:01:06 AM] [G9Jhx#2] Shiva: caused an explosion (GRENADELAUNCHER)
[2:01:06 AM] [G9Jhx#2] Shiva: caused an explosion (CAR)
[2:01:07 AM] [G9Jhx#2] Shiva: caused an explosion (GRENADELAUNCHER)
[2:01:07 AM] [G9Jhx#2] Shiva: caused an explosion (CAR)
[2:03:03 AM] [G9Jhx#2] Shiva: caused an explosion (CAR)
[2:03:03 AM] [G9Jhx#2] Shiva: caused an explosion (CAR)
[2:03:03 AM] [G9Jhx#2] Shiva: caused an explosion (CAR)
[2:03:36 AM] [G9Jhx#2] Shiva: said "/car opressor2"
[2:05:29 AM] [G9Jhx#2] Shiva: caused an explosion (PLANE)
[2:06:43 AM] [G9Jhx#2] Shiva: caused an explosion (PLANE_ROCKET)
[2:06:46 AM] [G9Jhx#2] Shiva: caused an explosion (PLANE_ROCKET)
[2:06:52 AM] [G9Jhx#2] Shiva: caused an explosion (PLANE)
[2:06:52 AM] [G9Jhx#2] Shiva: caused an explosion (PLANE)
[2:06:57 AM] [G9Jhx#2] Shiva: caused an explosion (PLANE_ROCKET)
[2:06:59 AM] [G9Jhx#2] Shiva: caused an explosion (PLANE_ROCKET)
[2:07:01 AM] [G9Jhx#2] Shiva: caused an explosion (PLANE)
[2:07:01 AM] [G9Jhx#2] Shiva: caused an explosion (PLANE)
[2:07:06 AM] [G9Jhx#2] Shiva: caused an explosion (PLANE_ROCKET)
[2:07:12 AM] [G9Jhx#2] Shiva: caused an explosion (PLANE)
[2:07:12 AM] [G9Jhx#2] Shiva: caused an explosion (PLANE)
[2:07:15 AM] [G9Jhx#2] Shiva: caused an explosion (PLANE_ROCKET)
[2:07:28 AM] [G9Jhx#2] Shiva: caused an explosion (PLANE)
[2:07:28 AM] [G9Jhx#2] Shiva: caused an explosion (PLANE)
[2:07:39 AM] [G9Jhx#2] Shiva: caused an explosion (CAR)
[2:07:39 AM] [G9Jhx#2] Shiva: caused an explosion (CAR)
[2:07:48 AM] [G9Jhx#2] Shiva: caused an explosion (PLANE_ROCKET)
[2:07:52 AM] [G9Jhx#2] Shiva: caused an explosion (CAR)
[2:07:52 AM] [G9Jhx#2] Shiva: caused an explosion (CAR)
[2:07:53 AM] [G9Jhx#2] Shiva: caused an explosion (PLANE_ROCKET)
[2:07:53 AM] [G9Jhx#2] Shiva: caused an explosion (CAR)
[2:08:04 AM] [G9Jhx#2] Shiva: caused an explosion (PLANE)
[2:08:04 AM] [G9Jhx#2] Shiva: caused an explosion (PLANE)
[2:08:09 AM] [G9Jhx#2] Shiva: caused an explosion (PLANE_ROCKET)
[2:08:30 AM] [G9Jhx#2] Shiva: caused an explosion (PLANE_ROCKET)
[2:08:40 AM] [G9Jhx#2] Shiva: caused an explosion (PLANE_ROCKET)
[2:08:41 AM] [G9Jhx#2] Shiva: caused an explosion (PLANE)
[2:08:41 AM] [G9Jhx#2] Shiva: caused an explosion (PLANE)
[2:08:45 AM] [G9Jhx#2] Shiva: caused an explosion (PLANE_ROCKET)
[2:08:50 AM] [G9Jhx#2] Shiva: caused an explosion (PLANE)
[2:08:50 AM] [G9Jhx#2] Shiva: caused an explosion (PLANE)
[2:08:51 AM] [G9Jhx#2] Shiva: caused an explosion (PLANE_ROCKET)
[2:08:52 AM] [G9Jhx#2] Shiva: caused an explosion (PLANE_ROCKET)
[2:09:06 AM] [G9Jhx#2] Shiva: caused an explosion (PLANE)
[2:09:06 AM] [G9Jhx#2] Shiva: caused an explosion (PLANE)
[2:09:26 AM] [G9Jhx#2] Shiva: caused an explosion (PLANE_ROCKET)
[2:11:24 AM] [G9Jhx#2] Shiva: caused an explosion (PLANE_ROCKET)
[2:11:25 AM] [G9Jhx#2] Shiva: caused an explosion (PLANE_ROCKET)
[2:11:25 AM] [G9Jhx#2] Shiva: caused an explosion (PLANE_ROCKET)
[2:11:26 AM] [G9Jhx#2] Shiva: caused an explosion (PLANE_ROCKET)
[2:11:27 AM] [G9Jhx#2] Shiva: caused an explosion (PLANE_ROCKET)
[2:11:31 AM] [G9Jhx#2] Shiva: caused an explosion (PLANE_ROCKET)
[2:11:32 AM] [G9Jhx#2] Shiva: caused an explosion (PLANE_ROCKET)
[2:11:33 AM] [G9Jhx#2] Shiva: caused an explosion (PLANE_ROCKET)
[2:11:34 AM] [G9Jhx#2] Shiva: caused an explosion (PLANE_ROCKET)
[2:11:34 AM] [G9Jhx#2] Shiva: caused an explosion (PLANE_ROCKET)
[2:11:35 AM] [G9Jhx#2] Shiva: caused an explosion (PLANE_ROCKET)
[2:11:35 AM] [G9Jhx#2] Shiva: caused an explosion (PLANE_ROCKET)
[2:11:36 AM] [G9Jhx#2] Shiva: caused an explosion (PLANE_ROCKET)
[2:11:36 AM] [G9Jhx#2] Shiva: caused an explosion (PLANE_ROCKET)
[2:11:37 AM] [G9Jhx#2] Shiva: caused an explosion (PLANE_ROCKET)
[2:11:38 AM] [G9Jhx#2] Shiva: caused an explosion (PLANE_ROCKET)
[2:11:38 AM] [G9Jhx#2] Shiva: caused an explosion (PLANE_ROCKET)
[2:11:39 AM] [G9Jhx#2] Shiva: caused an explosion (PLANE_ROCKET)
[2:11:40 AM] [G9Jhx#2] Shiva: caused an explosion (PLANE_ROCKET)
[2:11:41 AM] [G9Jhx#2] Shiva: caused an explosion (PLANE_ROCKET)
[2:11:41 AM] [G9Jhx#2] Shiva: caused an explosion (PLANE_ROCKET)
[2:11:42 AM] [G9Jhx#2] Shiva: caused an explosion (CAR)
[2:11:42 AM] [G9Jhx#2] Shiva: caused an explosion (CAR)
[2:11:43 AM] [G9Jhx#2] Shiva: caused an explosion (CAR)
[2:11:44 AM] [G9Jhx#2] Shiva: caused an explosion (CAR)
[2:11:44 AM] [G9Jhx#2] Shiva: caused an explosion (PLANE_ROCKET)
[2:11:45 AM] [G9Jhx#2] Shiva: caused an explosion (PLANE_ROCKET)
[2:11:47 AM] [G9Jhx#2] Shiva: caused an explosion (PLANE_ROCKET)
[2:11:50 AM] [G9Jhx#2] Shiva: caused an explosion (PLANE_ROCKET)
[2:11:51 AM] [G9Jhx#2] Shiva: caused an explosion (CAR)
[2:11:51 AM] [G9Jhx#2] Shiva: caused an explosion (PLANE_ROCKET)
[2:11:52 AM] [G9Jhx#2] Shiva: caused an explosion (PLANE_ROCKET)
[2:11:53 AM] [G9Jhx#2] Shiva: caused an explosion (PLANE_ROCKET)
[2:11:54 AM] [G9Jhx#2] Shiva: caused an explosion (PLANE_ROCKET)
[2:11:54 AM] [G9Jhx#2] Shiva: caused an explosion (PLANE_ROCKET)
[2:11:55 AM] [G9Jhx#2] Shiva: caused an explosion (PLANE_ROCKET)
[2:11:56 AM] [G9Jhx#2] Shiva: caused an explosion (PLANE_ROCKET)
[2:11:57 AM] [G9Jhx#2] Shiva: caused an explosion (PLANE_ROCKET)
[2:11:59 AM] [G9Jhx#2] Shiva: caused an explosion (PLANE_ROCKET)
[2:12:00 AM] [G9Jhx#2] Shiva: caused an explosion (CAR)
[2:12:01 AM] [G9Jhx#2] Shiva: caused an explosion (PLANE_ROCKET)
[2:12:07 AM] [G9Jhx#2] Shiva: caused an explosion (PLANE_ROCKET)
[2:12:09 AM] [G9Jhx#2] Shiva: caused an explosion (CAR)
[2:12:09 AM] [G9Jhx#2] Shiva: caused an explosion (CAR)
[2:12:10 AM] [G9Jhx#2] Shiva: caused an explosion (PLANE_ROCKET)
[2:12:13 AM] [G9Jhx#2] Shiva: caused an explosion (CAR)
[2:12:13 AM] [G9Jhx#2] Shiva: caused an explosion (CAR)
[2:12:13 AM] [G9Jhx#2] Shiva: caused an explosion (CAR)
[2:12:15 AM] [G9Jhx#2] Shiva: caused an explosion (PLANE_ROCKET)
[2:12:17 AM] [G9Jhx#2] Shiva: caused an explosion (PLANE_ROCKET)
[2:12:18 AM] [G9Jhx#2] Shiva: caused an explosion (CAR)
[2:12:18 AM] [G9Jhx#2] Shiva: caused an explosion (CAR)
[2:12:23 AM] [G9Jhx#2] Shiva: caused an explosion (CAR)
[2:12:23 AM] [G9Jhx#2] Shiva: caused an explosion (CAR)
[2:12:23 AM] [G9Jhx#2] Shiva: caused an explosion (CAR)
[2:12:23 AM] [G9Jhx#2] Shiva: caused an explosion (CAR)
[2:12:26 AM] [G9Jhx#2] Shiva: caused an explosion (PLANE_ROCKET)
[2:12:27 AM] [G9Jhx#2] Shiva: caused an explosion (PLANE_ROCKET)
[2:12:28 AM] [G9Jhx#2] Shiva: caused an explosion (CAR)
[2:12:30 AM] [G9Jhx#2] Shiva: caused an explosion (CAR)
[2:12:31 AM] [G9Jhx#2] Shiva: caused an explosion (CAR)
[2:12:33 AM] [G9Jhx#2] Shiva: caused an explosion (CAR)
[2:12:36 AM] [G9Jhx#2] Shiva: caused an explosion (CAR)
[2:12:36 AM] [G9Jhx#2] Shiva: caused an explosion (CAR)
[2:12:36 AM] [G9Jhx#2] Shiva: caused an explosion (CAR)
[2:12:36 AM] [G9Jhx#2] Shiva: caused an explosion (CAR)
[2:12:37 AM] [G9Jhx#2] Shiva: caused an explosion (CAR)
[2:12:40 AM] [G9Jhx#2] Shiva: caused an explosion (CAR)
[2:12:40 AM] [G9Jhx#2] Shiva: caused an explosion (CAR)
[2:12:44 AM] [G9Jhx#2] Shiva: caused an explosion (PLANE)
[2:12:44 AM] [G9Jhx#2] Shiva: caused an explosion (PLANE)
[2:12:45 AM] [G9Jhx#2] Shiva: caused an explosion (PLANE_ROCKET)
[2:12:45 AM] [G9Jhx#2] Shiva: caused an explosion (PLANE_ROCKET)
[2:12:46 AM] [G9Jhx#2] Shiva: caused an explosion (PLANE_ROCKET)
[2:12:47 AM] [G9Jhx#2] Shiva: caused an explosion (CAR)
[2:12:48 AM] [G9Jhx#2] Shiva: caused an explosion (CAR)
[2:12:50 AM] [G9Jhx#2] Shiva: caused an explosion (CAR)
[2:12:50 AM] [G9Jhx#2] Shiva: caused an explosion (CAR)
[2:12:51 AM] [G9Jhx#2] Shiva: caused an explosion (CAR)
[2:12:53 AM] [G9Jhx#2] Shiva: caused an explosion (PLANE_ROCKET)
[2:12:53 AM] [G9Jhx#2] Shiva: caused an explosion (CAR)
[2:12:53 AM] [G9Jhx#2] Shiva: caused an explosion (CAR)
[2:12:54 AM] [G9Jhx#2] Shiva: caused an explosion (PLANE_ROCKET)
[2:12:56 AM] [G9Jhx#2] Shiva: caused an explosion (PLANE_ROCKET)
[2:12:57 AM] [G9Jhx#2] Shiva: caused an explosion (CAR)
[2:12:57 AM] [G9Jhx#2] Shiva: caused an explosion (CAR)
[2:13:00 AM] [G9Jhx#2] Shiva: caused an explosion (PLANE_ROCKET)
[2:13:02 AM] [G9Jhx#2] Shiva: caused an explosion (CAR)
[2:13:03 AM] [G9Jhx#2] Shiva: caused an explosion (CAR)
[2:13:04 AM] [G9Jhx#2] Shiva: caused an explosion (CAR)
[2:13:04 AM] [G9Jhx#2] Shiva: caused an explosion (CAR)
[2:13:17 AM] [G9Jhx#2] Shiva: caused an explosion (PLANE_ROCKET)
[2:13:18 AM] [G9Jhx#2] Shiva: caused an explosion (CAR)
[2:13:18 AM] [G9Jhx#2] Shiva: caused an explosion (CAR)
[2:13:19 AM] [G9Jhx#2] Shiva: caused an explosion (PLANE_ROCKET)
[2:13:19 AM] [G9Jhx#2] Shiva: caused an explosion (CAR)
[2:13:19 AM] [G9Jhx#2] Shiva: caused an explosion (CAR)
[2:13:21 AM] [G9Jhx#2] Shiva: caused an explosion (PLANE_ROCKET)
[2:13:21 AM] [G9Jhx#2] Shiva: caused an explosion (CAR)
[2:13:22 AM] [G9Jhx#2] Shiva: caused an explosion (CAR)
[2:13:22 AM] [G9Jhx#2] Shiva: caused an explosion (CAR)
[2:13:22 AM] [G9Jhx#2] Shiva: caused an explosion (CAR)
[2:13:23 AM] [G9Jhx#2] Shiva: caused an explosion (CAR)
[2:13:23 AM] [G9Jhx#2] Shiva: caused an explosion (CAR)
[2:13:25 AM] [G9Jhx#2] Shiva: caused an explosion (PLANE_ROCKET)
[2:13:28 AM] [G9Jhx#2] Shiva: caused an explosion (CAR)
[2:13:28 AM] [G9Jhx#2] Shiva: caused an explosion (CAR)
[2:13:28 AM] [G9Jhx#2] Shiva: caused an explosion (PLANE_ROCKET)
[2:13:28 AM] [G9Jhx#2] Shiva: caused an explosion (CAR)
[2:13:30 AM] [G9Jhx#2] Shiva: caused an explosion (CAR)
[2:13:31 AM] [G9Jhx#2] Shiva: caused an explosion (CAR)
[2:13:31 AM] [G9Jhx#2] Shiva: caused an explosion (CAR)
[2:13:32 AM] [G9Jhx#2] Shiva: caused an explosion (PLANE)
[2:13:33 AM] [G9Jhx#2] Shiva: caused an explosion (PLANE)
[2:13:36 AM] [G9Jhx#2] Shiva: caused an explosion (PLANE_ROCKET)
[2:13:37 AM] [G9Jhx#2] Shiva: caused an explosion (CAR)
[2:13:37 AM] [G9Jhx#2] Shiva: caused an explosion (CAR)
[2:13:39 AM] [G9Jhx#2] Shiva: caused an explosion (CAR)
[2:13:39 AM] [G9Jhx#2] Shiva: caused an explosion (CAR)
[2:13:41 AM] [G9Jhx#2] Shiva: caused an explosion (CAR)
[2:13:41 AM] [G9Jhx#2] Shiva: caused an explosion (CAR)
[2:13:41 AM] [G9Jhx#2] Shiva: caused an explosion (CAR)
[2:13:41 AM] [G9Jhx#2] Shiva: caused an explosion (CAR)
[2:13:42 AM] [G9Jhx#2] Shiva: caused an explosion (CAR)
[2:13:43 AM] [G9Jhx#2] Shiva: caused an explosion (CAR)
[2:13:48 AM] [G9Jhx#2] Shiva: caused an explosion (PLANE_ROCKET)
[2:13:49 AM] [G9Jhx#2] Shiva: caused an explosion (PLANE)
[2:13:49 AM] [G9Jhx#2] Shiva: caused an explosion (PLANE)
[2:13:50 AM] [G9Jhx#2] Shiva: caused an explosion (CAR)
[2:13:50 AM] [G9Jhx#2] Shiva: caused an explosion (CAR)
[2:13:55 AM] [G9Jhx#2] Shiva: caused an explosion (PLANE_ROCKET)
[2:13:56 AM] [G9Jhx#2] Shiva: caused an explosion (PLANE_ROCKET)
[2:13:57 AM] [G9Jhx#2] Shiva: caused an explosion (PLANE_ROCKET)
[2:13:59 AM] [G9Jhx#2] Shiva: caused an explosion (CAR)
[2:13:59 AM] [G9Jhx#2] Shiva: caused an explosion (CAR)
[2:13:59 AM] [G9Jhx#2] Shiva: caused an explosion (CAR)
[2:14:04 AM] [G9Jhx#2] Shiva: caused an explosion (CAR)
[2:14:04 AM] [G9Jhx#2] Shiva: caused an explosion (CAR)
[2:14:07 AM] [G9Jhx#2] Shiva: caused an explosion (PLANE_ROCKET)
[2:14:10 AM] [G9Jhx#2] Shiva: caused an explosion (CAR)
[2:14:10 AM] [G9Jhx#2] Shiva: caused an explosion (CAR)
[2:14:12 AM] [G9Jhx#2] Shiva: caused an explosion (CAR)
[2:14:12 AM] [G9Jhx#2] Shiva: caused an explosion (CAR)
[2:14:14 AM] [G9Jhx#2] Shiva: caused an explosion (PLANE_ROCKET)
[2:14:15 AM] [G9Jhx#2] Shiva: caused an explosion (CAR)
[2:14:17 AM] [G9Jhx#2] Shiva: caused an explosion (CAR)
[2:14:17 AM] [G9Jhx#2] Shiva: caused an explosion (PLANE_ROCKET)
[2:14:21 AM] [G9Jhx#2] Shiva: caused an explosion (CAR)
[2:14:23 AM] [G9Jhx#2] Shiva: caused an explosion (CAR)
[2:14:23 AM] [G9Jhx#2] Shiva: caused an explosion (CAR)
[2:14:25 AM] [G9Jhx#2] Shiva: caused an explosion (CAR)
[2:14:25 AM] [G9Jhx#2] Shiva: caused an explosion (CAR)
[2:14:25 AM] [G9Jhx#2] Shiva: caused an explosion (CAR)
[2:14:26 AM] [G9Jhx#2] Shiva: caused an explosion (CAR)
[2:14:27 AM] [G9Jhx#2] Shiva: caused an explosion (PLANE_ROCKET)
[2:14:28 AM] [G9Jhx#2] Shiva: caused an explosion (PLANE_ROCKET)
[2:14:30 AM] [G9Jhx#2] Shiva: caused an explosion (CAR)
[2:14:32 AM] [G9Jhx#2] Shiva: caused an explosion (CAR)
[2:14:32 AM] [G9Jhx#2] Shiva: caused an explosion (CAR)
[2:14:35 AM] [G9Jhx#2] Shiva: caused an explosion (PLANE)
[2:14:35 AM] [G9Jhx#2] Shiva: caused an explosion (PLANE)
[2:14:40 AM] [G9Jhx#2] Shiva: caused an explosion (CAR)
[2:14:40 AM] [G9Jhx#2] Shiva: caused an explosion (CAR)
[2:14:42 AM] [G9Jhx#2] Shiva: caused an explosion (PLANE_ROCKET)
[2:14:45 AM] [G9Jhx#2] Shiva: caused an explosion (CAR)
[2:14:45 AM] [G9Jhx#2] Shiva: caused an explosion (CAR)
[2:14:45 AM] [G9Jhx#2] Shiva: caused an explosion (CAR)
[2:14:46 AM] [G9Jhx#2] Shiva: caused an explosion (PLANE_ROCKET)
[2:14:47 AM] [G9Jhx#2] Shiva: caused an explosion (PLANE_ROCKET)
[2:14:50 AM] [G9Jhx#2] Shiva: caused an explosion (PLANE_ROCKET)
[2:14:51 AM] [G9Jhx#2] Shiva: caused an explosion (PLANE)
[2:14:51 AM] [G9Jhx#2] Shiva: caused an explosion (PLANE)
[2:14:52 AM] [G9Jhx#2] Shiva: caused an explosion (PLANE)
[2:14:57 AM] [G9Jhx#2] Shiva: caused an explosion (CAR)
[2:14:57 AM] [G9Jhx#2] Shiva: caused an explosion (CAR)
[2:14:57 AM] [G9Jhx#2] Shiva: caused an explosion (CAR)
[2:15:01 AM] [G9Jhx#2] Shiva: caused an explosion (PLANE_ROCKET)
[2:15:02 AM] [G9Jhx#2] Shiva: caused an explosion (PLANE)
[2:15:02 AM] [G9Jhx#2] Shiva: caused an explosion (PLANE)
[2:15:04 AM] [G9Jhx#2] Shiva: caused an explosion (CAR)
[2:15:04 AM] [G9Jhx#2] Shiva: caused an explosion (CAR)
[2:15:13 AM] [G9Jhx#2] Shiva: caused an explosion (CAR)
[2:15:13 AM] [G9Jhx#2] Shiva: caused an explosion (CAR)
[2:15:13 AM] [G9Jhx#2] Shiva: caused an explosion (CAR)
[2:15:15 AM] [G9Jhx#2] Shiva: caused an explosion (CAR)
[2:15:15 AM] [G9Jhx#2] Shiva: caused an explosion (CAR)
[2:15:19 AM] [G9Jhx#2] Shiva: caused an explosion (PLANE_ROCKET)
[2:15:22 AM] [G9Jhx#2] Shiva: caused an explosion (PLANE_ROCKET)
[2:15:24 AM] [G9Jhx#2] Shiva: caused an explosion (CAR)
[2:15:24 AM] [G9Jhx#2] Shiva: caused an explosion (CAR)
[2:15:30 AM] [G9Jhx#2] Shiva: caused an explosion (PLANE_ROCKET)
[2:15:41 AM] [G9Jhx#2] Shiva: caused an explosion (CAR)
[2:15:41 AM] [G9Jhx#2] Shiva: caused an explosion (CAR)
[2:15:45 AM] [G9Jhx#2] Shiva: caused an explosion (PLANE_ROCKET)
[2:15:56 AM] [G9Jhx#2] Shiva: caused an explosion (CAR)
[2:15:56 AM] [G9Jhx#2] Shiva: caused an explosion (CAR)
[2:15:57 AM] [G9Jhx#2] Shiva: caused an explosion (CAR)
[2:15:57 AM] [G9Jhx#2] Shiva: caused an explosion (CAR)
[2:16:04 AM] [G9Jhx#2] Shiva: caused an explosion (CAR)
[2:16:04 AM] [G9Jhx#2] Shiva: caused an explosion (CAR)
[2:16:04 AM] [G9Jhx#2] Shiva: caused an explosion (CAR)
[2:16:05 AM] [G9Jhx#2] Shiva: caused an explosion (CAR)
[2:16:05 AM] [G9Jhx#2] Shiva: caused an explosion (CAR)
[2:16:06 AM] [G9Jhx#2] Shiva: caused an explosion (PLANE_ROCKET)
[2:16:10 AM] [G9Jhx#2] Shiva: caused an explosion (PLANE_ROCKET)
[2:16:11 AM] [G9Jhx#2] Shiva: caused an explosion (PLANE_ROCKET)
[2:16:11 AM] [G9Jhx#2] Shiva: caused an explosion (CAR)
[2:16:12 AM] [G9Jhx#2] Shiva: caused an explosion (CAR)
[2:16:14 AM] [G9Jhx#2] Shiva: caused an explosion (PLANE_ROCKET)
[2:16:22 AM] [G9Jhx#2] Shiva: caused an explosion (PLANE_ROCKET)
[2:16:22 AM] [G9Jhx#2] Shiva: caused an explosion (PLANE)
[2:16:22 AM] [G9Jhx#2] Shiva: caused an explosion (PLANE)
[2:16:27 AM] [G9Jhx#2] Shiva: caused an explosion (PLANE_ROCKET)
[2:16:41 AM] [G9Jhx#2] Shiva: caused an explosion (PLANE_ROCKET)
[2:16:50 AM] [G9Jhx#2] Shiva: caused an explosion (PLANE_ROCKET)
[2:16:50 AM] [G9Jhx#2] Shiva: caused an explosion (CAR)
[2:16:50 AM] [G9Jhx#2] Shiva: caused an explosion (CAR)
[2:16:52 AM] [G9Jhx#2] Shiva: caused an explosion (PLANE_ROCKET)
[2:16:52 AM] [G9Jhx#2] Shiva: caused an explosion (CAR)
[2:16:52 AM] [G9Jhx#2] Shiva: caused an explosion (CAR)
[2:16:53 AM] [G9Jhx#2] Shiva: caused an explosion (PLANE)
[2:16:54 AM] [G9Jhx#2] Shiva: caused an explosion (PLANE)
[2:16:55 AM] [G9Jhx#2] Shiva: caused an explosion (PLANE)
[2:16:55 AM] [G9Jhx#2] Shiva: caused an explosion (CAR)
[2:16:58 AM] [G9Jhx#2] Shiva: caused an explosion (PLANE_ROCKET)
[2:17:05 AM] [G9Jhx#2] Shiva: caused an explosion (CAR)
[2:17:05 AM] [G9Jhx#2] Shiva: caused an explosion (CAR)
[2:17:07 AM] [G9Jhx#2] Shiva: caused an explosion (CAR)
[2:17:07 AM] [G9Jhx#2] Shiva: caused an explosion (CAR)
[2:17:07 AM] [G9Jhx#2] Shiva: caused an explosion (CAR)
[2:17:13 AM] [G9Jhx#2] Shiva: caused an explosion (PLANE)
[2:17:13 AM] [G9Jhx#2] Shiva: caused an explosion (PLANE)
[2:17:14 AM] [G9Jhx#2] Shiva: caused an explosion (PLANE)
[2:17:15 AM] [G9Jhx#2] Shiva: caused an explosion (PLANE)
[2:17:15 AM] [G9Jhx#2] Shiva: caused an explosion (PLANE)
[2:17:17 AM] [G9Jhx#2] Shiva: caused an explosion (PLANE)
[2:17:25 AM] [G9Jhx#2] Shiva: caused an explosion (PLANE_ROCKET)
[2:17:53 AM] [G9Jhx#2] Shiva: caused an explosion (PLANE)
[2:17:53 AM] [G9Jhx#2] Shiva: caused an explosion (PLANE)
[2:17:57 AM] [G9Jhx#2] Shiva: caused an explosion (PLANE_ROCKET)
[2:18:12 AM] [G9Jhx#2] Shiva: caused an explosion (PLANE_ROCKET)
[2:18:29 AM] [G9Jhx#2] Shiva: caused an explosion (PLANE)
[2:18:29 AM] [G9Jhx#2] Shiva: caused an explosion (PLANE)
[2:18:34 AM] [G9Jhx#2] Shiva: caused an explosion (PLANE_ROCKET)
[2:18:35 AM] [G9Jhx#2] Shiva: caused an explosion (PLANE)
[2:18:35 AM] [G9Jhx#2] Shiva: caused an explosion (PLANE)
[2:18:38 AM] [G9Jhx#2] Shiva: caused an explosion (PLANE_ROCKET)
[2:18:40 AM] [G9Jhx#2] Shiva: caused an explosion (PLANE_ROCKET)
[2:19:10 AM] [G9Jhx#2] Shiva: caused an explosion (PLANE)
[2:19:10 AM] [G9Jhx#2] Shiva: caused an explosion (PLANE)
[2:19:11 AM] [G9Jhx#2] Shiva: caused an explosion (PLANE_ROCKET)
[2:19:11 AM] [G9Jhx#2] Shiva: caused an explosion (PLANE)
[2:19:13 AM] [G9Jhx#2] Shiva: caused an explosion (PLANE)
[2:20:01 AM] [G9Jhx#2] Shiva: caused an explosion (PLANE)
[2:20:01 AM] [G9Jhx#2] Shiva: caused an explosion (PLANE)
[2:20:05 AM] [G9Jhx#2] Shiva: caused an explosion (PLANE_ROCKET)
[2:20:07 AM] [G9Jhx#2] Shiva: caused an explosion (PLANE_ROCKET)
[2:20:09 AM] [G9Jhx#2] Shiva: caused an explosion (PLANE_ROCKET)
[2:23:35 AM] [G9Jhx#2] Shiva: caused an explosion (PLANE_ROCKET)
[2:23:50 AM] [G9Jhx#2] Shiva: caused an explosion (CAR)
[2:23:50 AM] [G9Jhx#2] Shiva: caused an explosion (CAR)
[2:23:50 AM] [G9Jhx#2] Shiva: caused an explosion (PLANE_ROCKET)
[2:23:52 AM] [G9Jhx#2] Shiva: caused an explosion (CAR)
[2:23:53 AM] [G9Jhx#2] Shiva: caused an explosion (CAR)
[2:23:53 AM] [G9Jhx#2] Shiva: caused an explosion (CAR)
[2:23:54 AM] [G9Jhx#2] Shiva: caused an explosion (CAR)
[2:23:56 AM] [G9Jhx#2] Shiva: caused an explosion (CAR)
[2:23:56 AM] [G9Jhx#2] Shiva: caused an explosion (CAR)
[2:23:58 AM] [G9Jhx#2] Shiva: caused an explosion (PLANE_ROCKET)
[2:24:00 AM] [G9Jhx#2] Shiva: caused an explosion (PLANE_ROCKET)
[2:24:01 AM] [G9Jhx#2] Shiva: caused an explosion (CAR)
[2:24:04 AM] [G9Jhx#2] Shiva: caused an explosion (PLANE_ROCKET)
[2:24:05 AM] [G9Jhx#2] Shiva: caused an explosion (PLANE_ROCKET)
[2:24:07 AM] [G9Jhx#2] Shiva: caused an explosion (CAR)
[2:24:09 AM] [G9Jhx#2] Shiva: caused an explosion (CAR)
[2:24:12 AM] [G9Jhx#2] Shiva: caused an explosion (CAR)
[2:24:12 AM] [G9Jhx#2] Shiva: caused an explosion (CAR)
[2:24:20 AM] [G9Jhx#2] Shiva: caused an explosion (PLANE_ROCKET)
[2:24:20 AM] [G9Jhx#2] Shiva: caused an explosion (PROPANE)
[2:24:21 AM] [G9Jhx#2] Shiva: caused an explosion (CAR)
[2:24:23 AM] [G9Jhx#2] Shiva: caused an explosion (PLANE_ROCKET)
[2:24:26 AM] [G9Jhx#2] Shiva: caused an explosion (PLANE_ROCKET)
[2:24:31 AM] [G9Jhx#2] Shiva: caused an explosion (PLANE_ROCKET)
[2:24:33 AM] [G9Jhx#2] Shiva: caused an explosion (PLANE_ROCKET)
[2:24:34 AM] [G9Jhx#2] Shiva: caused an explosion (PLANE_ROCKET)
[2:24:35 AM] [G9Jhx#2] Shiva: caused an explosion (PLANE_ROCKET)
[2:24:38 AM] [G9Jhx#2] Shiva: caused an explosion (PLANE_ROCKET)
[2:24:39 AM] [G9Jhx#2] Shiva: caused an explosion (CAR)
[2:24:39 AM] [G9Jhx#2] Shiva: caused an explosion (CAR)
[2:24:56 AM] [G9Jhx#2] Shiva: caused an explosion (PLANE_ROCKET)
[2:24:59 AM] [G9Jhx#2] Shiva: caused an explosion (PLANE_ROCKET)
[2:25:01 AM] [G9Jhx#2] Shiva: caused an explosion (CAR)
[2:25:01 AM] [G9Jhx#2] Shiva: caused an explosion (CAR)
[2:25:05 AM] [G9Jhx#2] Shiva: caused an explosion (PLANE)
[2:25:05 AM] [G9Jhx#2] Shiva: caused an explosion (PLANE)
[2:25:06 AM] [G9Jhx#2] Shiva: caused an explosion (PLANE)
[2:25:10 AM] [G9Jhx#2] Shiva: caused an explosion (PLANE_ROCKET)
[2:25:18 AM] [G9Jhx#2] Shiva: caused an explosion (PLANE_ROCKET)
[2:25:18 AM] [G9Jhx#2] Shiva: caused an explosion (CAR)
[2:25:38 AM] [G9Jhx#2] Shiva: caused an explosion (CAR)
[2:25:38 AM] [G9Jhx#2] Shiva: caused an explosion (CAR)
[2:25:43 AM] [G9Jhx#2] Shiva: caused an explosion (PLANE_ROCKET)
[2:25:45 AM] [G9Jhx#2] Shiva: caused an explosion (CAR)
[2:25:45 AM] [G9Jhx#2] Shiva: caused an explosion (CAR)
[2:25:56 AM] [G9Jhx#2] Shiva: caused an explosion (PLANE)
[2:25:56 AM] [G9Jhx#2] Shiva: caused an explosion (PLANE)
[2:26:03 AM] [G9Jhx#2] Shiva: caused an explosion (CAR)
[2:26:03 AM] [G9Jhx#2] Shiva: caused an explosion (CAR)
[2:26:04 AM] [G9Jhx#2] Shiva: caused an explosion (PLANE_ROCKET)
[2:26:07 AM] [G9Jhx#2] Shiva: caused an explosion (CAR)
[2:26:07 AM] [G9Jhx#2] Shiva: caused an explosion (CAR)
[2:26:08 AM] [G9Jhx#2] Shiva: caused an explosion (CAR)
[2:26:10 AM] [G9Jhx#2] Shiva: caused an explosion (CAR)
[2:26:10 AM] [G9Jhx#2] Shiva: caused an explosion (CAR)
[2:26:14 AM] [G9Jhx#2] Shiva: caused an explosion (CAR)
[2:26:14 AM] [G9Jhx#2] Shiva: caused an explosion (CAR)
[2:26:37 AM] [G9Jhx#2] Shiva: caused an explosion (PLANE_ROCKET)
[2:26:39 AM] [G9Jhx#2] Shiva: caused an explosion (CAR)
[2:26:39 AM] [G9Jhx#2] Shiva: caused an explosion (CAR)
[2:27:01 AM] [G9Jhx#2] Shiva: caused an explosion (CAR)
[2:27:01 AM] [G9Jhx#2] Shiva: caused an explosion (CAR)
[2:27:07 AM] [G9Jhx#2] Shiva: caused an explosion (CAR)
[2:27:07 AM] [G9Jhx#2] Shiva: caused an explosion (CAR)
[2:27:11 AM] [G9Jhx#2] Shiva: caused an explosion (CAR)
[2:27:11 AM] [G9Jhx#2] Shiva: caused an explosion (CAR)
[2:27:13 AM] [G9Jhx#2] Shiva: caused an explosion (CAR)
[2:27:15 AM] [G9Jhx#2] Shiva: caused an explosion (CAR)
[2:27:15 AM] [G9Jhx#2] Shiva: caused an explosion (CAR)
[2:27:17 AM] [G9Jhx#2] Shiva: caused an explosion (CAR)
[2:27:19 AM] [G9Jhx#2] Shiva: caused an explosion (CAR)
[2:27:21 AM] [G9Jhx#2] Shiva: caused an explosion (CAR)
[2:27:23 AM] [G9Jhx#2] Shiva: caused an explosion (CAR)
[2:27:23 AM] [G9Jhx#2] Shiva: caused an explosion (CAR)
[2:27:23 AM] [G9Jhx#2] Shiva: caused an explosion (CAR)
[2:27:26 AM] [G9Jhx#2] Shiva: caused an explosion (CAR)
[2:27:26 AM] [G9Jhx#2] Shiva: caused an explosion (CAR)
[2:27:28 AM] [G9Jhx#2] Shiva: caused an explosion (CAR)
[2:27:31 AM] [G9Jhx#2] Shiva: caused an explosion (CAR)
[2:27:31 AM] [G9Jhx#2] Shiva: caused an explosion (CAR)
[2:27:37 AM] [G9Jhx#2] Shiva: caused an explosion (CAR)
[2:27:37 AM] [G9Jhx#2] Shiva: caused an explosion (CAR)
[2:27:39 AM] [G9Jhx#2] Shiva: caused an explosion (PLANE_ROCKET)
[2:27:49 AM] [G9Jhx#2] Shiva: caused an explosion (PLANE_ROCKET)
[2:27:51 AM] [G9Jhx#2] Shiva: caused an explosion (CAR)
[2:27:51 AM] [G9Jhx#2] Shiva: caused an explosion (CAR)
[2:27:54 AM] [G9Jhx#2] Shiva: caused an explosion (CAR)
[2:27:57 AM] [G9Jhx#2] Shiva: caused an explosion (CAR)
[2:27:57 AM] [G9Jhx#2] Shiva: caused an explosion (CAR)
[2:28:12 AM] [G9Jhx#2] Shiva: caused an explosion (PLANE_ROCKET)
[2:28:16 AM] [G9Jhx#2] Shiva: caused an explosion (CAR)
[2:28:16 AM] [G9Jhx#2] Shiva: caused an explosion (CAR)
[2:28:16 AM] [G9Jhx#2] Shiva: caused an explosion (CAR)
[2:28:17 AM] [G9Jhx#2] Shiva: caused an explosion (CAR)
[2:28:27 AM] [G9Jhx#2] Shiva: caused an explosion (CAR)
[2:28:27 AM] [G9Jhx#2] Shiva: caused an explosion (CAR)
[2:28:28 AM] [G9Jhx#2] Shiva: caused an explosion (CAR)
[2:28:29 AM] [G9Jhx#2] Shiva: caused an explosion (CAR)
[2:28:29 AM] [G9Jhx#2] Shiva: caused an explosion (CAR)
[2:28:36 AM] [G9Jhx#2] Shiva: caused an explosion (PLANE_ROCKET)
[2:28:38 AM] [G9Jhx#2] Shiva: caused an explosion (CAR)
[2:28:38 AM] [G9Jhx#2] Shiva: caused an explosion (CAR)
[2:28:39 AM] [G9Jhx#2] Shiva: caused an explosion (CAR)
[2:28:40 AM] [G9Jhx#2] Shiva: caused an explosion (CAR)
[2:28:42 AM] [G9Jhx#2] Shiva: caused an explosion (PLANE_ROCKET)
[2:28:44 AM] [G9Jhx#2] Shiva: caused an explosion (CAR)
[2:28:46 AM] [G9Jhx#2] Shiva: caused an explosion (CAR)
[2:28:46 AM] [G9Jhx#2] Shiva: caused an explosion (CAR)
[2:28:46 AM] [G9Jhx#2] Shiva: caused an explosion (CAR)
[2:28:47 AM] [G9Jhx#2] Shiva: caused an explosion (CAR)
[2:28:48 AM] [G9Jhx#2] Shiva: caused an explosion (CAR)
[2:28:51 AM] [G9Jhx#2] Shiva: caused an explosion (CAR)
[2:28:53 AM] [G9Jhx#2] Shiva: caused an explosion (CAR)
[2:28:53 AM] [G9Jhx#2] Shiva: caused an explosion (CAR)
[2:28:56 AM] [G9Jhx#2] Shiva: caused an explosion (CAR)
[2:29:00 AM] [G9Jhx#2] Shiva: caused an explosion (CAR)
[2:29:03 AM] [G9Jhx#2] Shiva: caused an explosion (CAR)
[2:29:03 AM] [G9Jhx#2] Shiva: caused an explosion (CAR)
[2:29:07 AM] [G9Jhx#2] Shiva: caused an explosion (CAR)
[2:29:12 AM] [G9Jhx#2] Shiva: caused an explosion (CAR)
[2:29:12 AM] [G9Jhx#2] Shiva: caused an explosion (CAR)
[2:29:13 AM] [G9Jhx#2] Shiva: caused an explosion (CAR)
[2:29:14 AM] [G9Jhx#2] Shiva: caused an explosion (CAR)
[2:29:17 AM] [G9Jhx#2] Shiva: caused an explosion (PLANE_ROCKET)
[2:29:18 AM] [G9Jhx#2] Shiva: caused an explosion (PLANE_ROCKET)
[2:29:20 AM] [G9Jhx#2] Shiva: caused an explosion (PLANE_ROCKET)
[2:29:22 AM] [G9Jhx#2] Shiva: caused an explosion (PLANE_ROCKET)
[2:29:24 AM] [G9Jhx#2] Shiva: caused an explosion (CAR)
[2:29:24 AM] [G9Jhx#2] Shiva: caused an explosion (CAR)
[2:29:25 AM] [G9Jhx#2] Shiva: caused an explosion (CAR)
[2:29:31 AM] [G9Jhx#2] Shiva: caused an explosion (CAR)
[2:29:31 AM] [G9Jhx#2] Shiva: caused an explosion (CAR)
[2:29:31 AM] [G9Jhx#2] Shiva: caused an explosion (CAR)
[2:29:33 AM] [G9Jhx#2] Shiva: caused an explosion (CAR)
[2:29:36 AM] [G9Jhx#2] Shiva: caused an explosion (CAR)
[2:29:36 AM] [G9Jhx#2] Shiva: caused an explosion (CAR)
[2:29:40 AM] [G9Jhx#2] Shiva: caused an explosion (CAR)
[2:29:43 AM] [G9Jhx#2] Shiva: caused an explosion (CAR)
[2:29:43 AM] [G9Jhx#2] Shiva: caused an explosion (CAR)
[2:29:45 AM] [G9Jhx#2] Shiva: caused an explosion (CAR)
[2:29:48 AM] [G9Jhx#2] Shiva: caused an explosion (CAR)
[2:29:49 AM] [G9Jhx#2] Shiva: caused an explosion (CAR)
[2:29:57 AM] [G9Jhx#2] Shiva: caused an explosion (PLANE_ROCKET)
[2:29:59 AM] [G9Jhx#2] Shiva: caused an explosion (PLANE_ROCKET)
[2:30:00 AM] [G9Jhx#2] Shiva: caused an explosion (PLANE_ROCKET)
[2:30:03 AM] [G9Jhx#2] Shiva: caused an explosion (CAR)
[2:30:03 AM] [G9Jhx#2] Shiva: caused an explosion (PLANE_ROCKET)
[2:30:03 AM] [G9Jhx#2] Shiva: caused an explosion (CAR)
[2:30:05 AM] [G9Jhx#2] Shiva: caused an explosion (PLANE_ROCKET)
[2:30:08 AM] [G9Jhx#2] Shiva: caused an explosion (PLANE_ROCKET)
[2:30:25 AM] [G9Jhx#2] Shiva: caused an explosion (CAR)
[2:30:25 AM] [G9Jhx#2] Shiva: caused an explosion (CAR)
[2:30:29 AM] [G9Jhx#2] Shiva: caused an explosion (CAR)
[2:30:33 AM] [G9Jhx#2] Shiva: caused an explosion (CAR)
[2:30:35 AM] [G9Jhx#2] Shiva: caused an explosion (PLANE_ROCKET)
[2:30:35 AM] [G9Jhx#2] Shiva: caused an explosion (CAR)
[2:30:37 AM] [G9Jhx#2] Shiva: caused an explosion (CAR)
[2:30:41 AM] [G9Jhx#2] Shiva: caused an explosion (CAR)
[2:30:42 AM] [G9Jhx#2] Shiva: caused an explosion (CAR)
[2:30:44 AM] [G9Jhx#2] Shiva: caused an explosion (CAR)
[2:30:45 AM] [G9Jhx#2] Shiva: caused an explosion (CAR)
[2:30:48 AM] [G9Jhx#2] Shiva: caused an explosion (CAR)
[2:30:50 AM] [G9Jhx#2] Shiva: caused an explosion (CAR)
[2:30:50 AM] [G9Jhx#2] Shiva: caused an explosion (CAR)
[2:30:53 AM] [G9Jhx#2] Shiva: caused an explosion (PLANE_ROCKET)
[2:31:01 AM] [G9Jhx#2] Shiva: caused an explosion (PLANE_ROCKET)
[2:31:03 AM] [G9Jhx#2] Shiva: caused an explosion (CAR)
[2:31:03 AM] [G9Jhx#2] Shiva: caused an explosion (CAR)
[2:31:04 AM] [G9Jhx#2] Shiva: caused an explosion (CAR)
[2:31:05 AM] [G9Jhx#2] Shiva: caused an explosion (CAR)
[2:31:07 AM] [G9Jhx#2] Shiva: caused an explosion (PLANE_ROCKET)
[2:31:09 AM] [G9Jhx#2] Shiva: caused an explosion (PLANE_ROCKET)
[2:31:12 AM] [G9Jhx#2] Shiva: caused an explosion (CAR)
[2:31:14 AM] [G9Jhx#2] Shiva: caused an explosion (PLANE_ROCKET)
[2:31:17 AM] [G9Jhx#2] Shiva: caused an explosion (CAR)
[2:31:17 AM] [G9Jhx#2] Shiva: caused an explosion (CAR)
[2:31:17 AM] [G9Jhx#2] Shiva: caused an explosion (CAR)
[2:31:21 AM] [G9Jhx#2] Shiva: caused an explosion (CAR)
[2:31:21 AM] [G9Jhx#2] Shiva: caused an explosion (CAR)
[2:31:32 AM] [G9Jhx#2] Shiva: caused an explosion (PLANE_ROCKET)
[2:31:35 AM] [G9Jhx#2] Shiva: caused an explosion (PLANE_ROCKET)
[2:31:36 AM] [G9Jhx#2] Shiva: caused an explosion (CAR)
[2:31:38 AM] [G9Jhx#2] Shiva: caused an explosion (CAR)
[2:31:39 AM] [G9Jhx#2] Shiva: caused an explosion (CAR)
[2:31:42 AM] [G9Jhx#2] Shiva: caused an explosion (CAR)
[2:31:45 AM] [G9Jhx#2] Shiva: caused an explosion (CAR)
[2:31:49 AM] [G9Jhx#2] Shiva: caused an explosion (CAR)
[2:31:54 AM] [G9Jhx#2] Shiva: caused an explosion (PLANE_ROCKET)
[2:31:57 AM] [G9Jhx#2] Shiva: caused an explosion (CAR)
[2:31:57 AM] [G9Jhx#2] Shiva: caused an explosion (CAR)
[2:32:00 AM] [G9Jhx#2] Shiva: caused an explosion (CAR)
[2:32:01 AM] [G9Jhx#2] Shiva: caused an explosion (CAR)
[2:32:01 AM] [G9Jhx#2] Shiva: caused an explosion (CAR)
[2:32:02 AM] [G9Jhx#2] Shiva: caused an explosion (CAR)
[2:32:03 AM] [G9Jhx#2] Shiva: caused an explosion (PLANE_ROCKET)
[2:32:04 AM] [G9Jhx#2] Shiva: caused an explosion (CAR)
[2:32:06 AM] [G9Jhx#2] Shiva: caused an explosion (CAR)
[2:32:07 AM] [G9Jhx#2] Shiva: caused an explosion (CAR)
[2:32:08 AM] [G9Jhx#2] Shiva: caused an explosion (CAR)
[2:32:12 AM] [G9Jhx#2] Shiva: caused an explosion (CAR)
[2:32:12 AM] [G9Jhx#2] Shiva: caused an explosion (CAR)
[2:32:16 AM] [G9Jhx#2] Shiva: caused an explosion (CAR)
[2:32:16 AM] [G9Jhx#2] Shiva: caused an explosion (CAR)
[2:32:16 AM] [G9Jhx#2] Shiva: caused an explosion (CAR)
[2:32:21 AM] [G9Jhx#2] Shiva: caused an explosion (CAR)
[2:32:26 AM] [G9Jhx#2] Shiva: caused an explosion (CAR)
[2:32:28 AM] [G9Jhx#2] Shiva: caused an explosion (CAR)
[2:32:31 AM] [G9Jhx#2] Shiva: caused an explosion (CAR)
[2:32:34 AM] [G9Jhx#2] Shiva: caused an explosion (CAR)
[2:32:37 AM] [G9Jhx#2] Shiva: caused an explosion (CAR)
[2:32:40 AM] [G9Jhx#2] Shiva: caused an explosion (CAR)
[2:32:42 AM] [G9Jhx#2] Shiva: caused an explosion (CAR)
[2:32:45 AM] [G9Jhx#2] Shiva: caused an explosion (CAR)
[2:33:00 AM] [G9Jhx#2] Shiva: caused an explosion (CAR)
[2:33:00 AM] [G9Jhx#2] Shiva: caused an explosion (CAR)
[2:33:03 AM] [G9Jhx#2] Shiva: caused an explosion (CAR)
[2:33:03 AM] [G9Jhx#2] Shiva: caused an explosion (CAR)
[2:33:04 AM] [G9Jhx#2] Shiva: caused an explosion (CAR)
[2:33:08 AM] [G9Jhx#2] Shiva: caused an explosion (CAR)
[2:33:11 AM] [G9Jhx#2] Shiva: caused an explosion (CAR)
[2:33:12 AM] [G9Jhx#2] Shiva: caused an explosion (CAR)
[2:33:15 AM] [G9Jhx#2] Shiva: caused an explosion (CAR)
[2:33:19 AM] [G9Jhx#2] Shiva: caused an explosion (CAR)
[2:33:21 AM] [G9Jhx#2] Shiva: caused an explosion (CAR)
[2:33:48 AM] [G9Jhx#2] Shiva: caused an explosion (PLANE)
[2:33:48 AM] [G9Jhx#2] Shiva: caused an explosion (PLANE)
[2:33:57 AM] [G9Jhx#2] Shiva: caused an explosion (PLANE)
[2:33:57 AM] [G9Jhx#2] Shiva: caused an explosion (PLANE)
[2:34:16 AM] [G9Jhx#2] Shiva: caused an explosion (PLANE)
[2:34:16 AM] [G9Jhx#2] Shiva: caused an explosion (PLANE)
[2:34:22 AM] [G9Jhx#2] Shiva: caused an explosion (PLANE)
[2:34:22 AM] [G9Jhx#2] Shiva: caused an explosion (PLANE)
[2:34:52 AM] [G9Jhx#2] Shiva: caused an explosion (PLANE)
[2:34:52 AM] [G9Jhx#2] Shiva: caused an explosion (PLANE)
[2:35:30 AM] [G9Jhx#2] Shiva: caused an explosion (PLANE)
[2:35:30 AM] [G9Jhx#2] Shiva: caused an explosion (PLANE)
[2:36:04 AM] [G9Jhx#2] Shiva: caused an explosion (PLANE)
[2:36:04 AM] [G9Jhx#2] Shiva: caused an explosion (PLANE)
[2:36:04 AM] [G9Jhx#2] Shiva: caused an explosion (PLANE)
[2:36:04 AM] [G9Jhx#2] Shiva: caused an explosion (PLANE)
[2:36:05 AM] [G9Jhx#2] Shiva: caused an explosion (PLANE)
[2:36:56 AM] [G9Jhx#2] Shiva: caused an explosion (PLANE)
[2:36:56 AM] [G9Jhx#2] Shiva: caused an explosion (PLANE)
[2:43:52 AM] [G9Jhx#2] Shiva: caused an explosion (PLANE)
[2:43:52 AM] [G9Jhx#2] Shiva: caused an explosion (PLANE)
[2:43:56 AM] [G9Jhx#2] Shiva: caused an explosion (ROCKET)
[2:43:57 AM] [G9Jhx#2] Shiva: caused an explosion (PLANE)
[2:43:57 AM] [G9Jhx#2] Shiva: caused an explosion (PLANE)
[2:44:03 AM] [G9Jhx#2] Shiva: caused an explosion (PLANE)
[2:44:03 AM] [G9Jhx#2] Shiva: caused an explosion (PLANE)
[2:44:11 AM] [G9Jhx#2] Shiva: caused an explosion (ROCKET)
[2:44:12 AM] [G9Jhx#2] Shiva: caused an explosion (BOAT)
[2:44:12 AM] [G9Jhx#2] Shiva: caused an explosion (BOAT)
[2:44:32 AM] [G9Jhx#2] Shiva: caused an explosion (ROCKET)
[2:44:40 AM] [G9Jhx#2] Shiva: caused an explosion (ROCKET)
[2:45:34 AM] [G9Jhx#2] Shiva: caused an explosion (ROCKET)
[2:45:37 AM] [G9Jhx#2] Shiva: caused an explosion (ROCKET)
[2:45:44 AM] [G9Jhx#2] Shiva: caused an explosion (PLANE)
[2:45:44 AM] [G9Jhx#2] Shiva: caused an explosion (PLANE)
[2:45:49 AM] [G9Jhx#2] Shiva: caused an explosion (ROCKET)
[2:45:58 AM] [G9Jhx#2] Shiva: caused an explosion (RAYGUN)
[2:46:28 AM] [G9Jhx#2] Shiva: caused an explosion (PLANE)
[2:46:28 AM] [G9Jhx#2] Shiva: caused an explosion (PLANE)
[2:46:32 AM] [G9Jhx#2] Shiva: caused an explosion (PLANE)
[2:46:32 AM] [G9Jhx#2] Shiva: caused an explosion (PLANE)
[2:46:43 AM] [G9Jhx#2] Shiva: caused an explosion (PLANE)
[2:46:43 AM] [G9Jhx#2] Shiva: caused an explosion (PLANE)
[2:46:53 AM] [G9Jhx#2] Shiva: caused an explosion (ROCKET)
[2:47:07 AM] [G9Jhx#2] Shiva: caused an explosion (BOAT)
[2:47:07 AM] [G9Jhx#2] Shiva: caused an explosion (BOAT)
[2:47:18 AM] [G9Jhx#2] Shiva: caused an explosion (PLANE)
[2:47:18 AM] [G9Jhx#2] Shiva: caused an explosion (PLANE)
[2:47:21 AM] [G9Jhx#2] Shiva: caused an explosion (ROCKET)
[2:47:24 AM] [G9Jhx#2] Shiva: caused an explosion (ROCKET)
[2:47:36 AM] [G9Jhx#2] Shiva: caused an explosion (PLANE)
[2:47:50 AM] [G9Jhx#2] Shiva: caused an explosion (PLANE)
[2:52:07 AM] [G9Jhx#2] Shiva: caused an explosion (PLANE)
[2:53:09 AM] [G9Jhx#2] Shiva: disconnected (Exiting)

================================================================
======== txAdmin Starting - 10/9/2022, 12:38:15 PM              
================================================================
[12:44:26 PM] txAdmin: Logger started
[12:45:16 PM] txAdmin: Logger started
[12:56:19 PM] [eLghh#1] Shiva: joined with identifiers [license:29f0e0445ab3b2bbdc76df476bf591a8bda9373e; fivem:2221581; license2:29f0e0445ab3b2bbdc76df476bf591a8bda9373e]
[12:59:14 PM] [eLghh#1] Shiva: spawned a vehicle (model: ocnetrongt)
[12:59:18 PM] [eLghh#1] Shiva: spawned a vehicle (model: ocnetrongt)
[1:01:10 PM] [eLghh#1] Shiva: spawned a vehicle (model: bentaygaplsd)
[1:01:58 PM] [eLghh#1] Shiva: spawned a vehicle (model: m4comp)
[1:03:31 PM] [eLghh#1] Shiva: spawned a vehicle (model: bmw8mm)
[1:04:37 PM] [eLghh#1] Shiva: spawned a vehicle (model: m40i)
[1:06:01 PM] [eLghh#1] Shiva: spawned a vehicle (model: zl12017)
[1:20:59 PM] [eLghh#1] Shiva: disconnected (Server->client connection timed out. Last seen 30575 msec ago.)
[1:25:29 PM] [eLghh#2] Shiva: joined with identifiers [license:29f0e0445ab3b2bbdc76df476bf591a8bda9373e; fivem:2221581; license2:29f0e0445ab3b2bbdc76df476bf591a8bda9373e]
[1:27:06 PM] [eLghh#2] Shiva: spawned a vehicle (model: gcmroma)
[1:30:18 PM] [eLghh#2] Shiva: spawned a vehicle (model: gcmroma)
[1:33:04 PM] [eLghh#2] Shiva: spawned a vehicle (model: dtdmansq60)
[1:33:48 PM] [eLghh#2] Shiva: spawned a vehicle (model: jes21)
[1:36:11 PM] [eLghh#2] Shiva: spawned a vehicle (model: 18performante)
[1:38:34 PM] [eLghh#2] Shiva: spawned a vehicle (model: murus)
[1:39:03 PM] [eLghh#2] Shiva: spawned a vehicle (model: lbdy01)
[1:40:11 PM] [eLghh#2] Shiva: spawned a vehicle (model: mcgt20)
[1:40:38 PM] [eLghh#2] Shiva: spawned a vehicle (model: senna)
[1:41:35 PM] [eLghh#2] Shiva: spawned a vehicle (model: e63amg)
[1:42:00 PM] [eLghh#2] Shiva: spawned a vehicle (model: msls)
[1:43:46 PM] [eLghh#2] Shiva: spawned a vehicle (model: agtr35)
[1:44:26 PM] [eLghh#2] Shiva: caused an explosion (PETROL_PUMP)
[1:44:26 PM] [eLghh#2] Shiva: caused an explosion (PETROL_PUMP)
[1:44:47 PM] [eLghh#2] Shiva: spawned a vehicle (model: skyline)
[1:47:44 PM] [eLghh#2] Shiva: spawned a vehicle (model: p90d)
[1:49:41 PM] [eLghh#2] Shiva: repaired their vehicle
[1:49:42 PM] [eLghh#2] Shiva: repaired their vehicle
[1:49:42 PM] [eLghh#2] Shiva: repaired their vehicle
[1:49:42 PM] [eLghh#2] Shiva: repaired their vehicle
[1:49:45 PM] [eLghh#2] Shiva: repaired their vehicle
[1:50:02 PM] [eLghh#2] Shiva: spawned a vehicle (model: skyline)
[1:50:13 PM] [eLghh#2] Shiva: repaired their vehicle
[1:50:36 PM] [eLghh#2] Shiva: repaired their vehicle
[1:50:37 PM] [eLghh#2] Shiva: repaired their vehicle
[1:50:37 PM] [eLghh#2] Shiva: repaired their vehicle
[1:50:37 PM] [eLghh#2] Shiva: repaired their vehicle
[1:50:37 PM] [eLghh#2] Shiva: repaired their vehicle
[1:50:38 PM] [eLghh#2] Shiva: repaired their vehicle
[1:50:38 PM] [eLghh#2] Shiva: repaired their vehicle
[1:50:38 PM] [eLghh#2] Shiva: repaired their vehicle
[1:50:40 PM] [eLghh#2] Shiva: repaired their vehicle
[1:52:20 PM] [eLghh#2] Shiva: enabled god mode
[1:55:57 PM] [eLghh#2] Shiva: disconnected (Exiting)
